2025-11-07 11:33:40.174 INFO  - 🐬 Initialize Task Context
2025-11-07 11:33:40.189 INFO  - TenantCode: cpy check successfully
2025-11-07 11:33:40.191 INFO  - TaskInstance working directory: /tmp/dolphinscheduler/exec/process/8 create successfully
2025-11-07 11:33:40.193 INFO  - Download resource file /tmp/dolphinscheduler/default/resources/flink-file-wordcount-1.0-SNAPSHOT.jar -> /tmp/dolphinscheduler/exec/process/8/flink-file-wordcount-1.0-SNAPSHOT.jar successfully
2025-11-07 11:33:40.195 INFO  - Download resources successfully: 
ResourceContext(resourceItemMap={/tmp/dolphinscheduler/default/resources/flink-file-wordcount-1.0-SNAPSHOT.jar=ResourceContext.ResourceItem(resourceAbsolutePathInStorage=/tmp/dolphinscheduler/default/resources/flink-file-wordcount-1.0-SNAPSHOT.jar, resourceAbsolutePathInLocal=/tmp/dolphinscheduler/exec/process/8/flink-file-wordcount-1.0-SNAPSHOT.jar)})
2025-11-07 11:33:40.199 INFO  - 🐬 Load Task Instance Plugin
2025-11-07 11:33:40.201 INFO  - Initialized physicalTask: FLINK successfully
2025-11-07 11:33:40.202 INFO  - Initialize flink task params {
  "localParams" : [ ],
  "varPool" : [ ],
  "mainJar" : {
    "id" : null,
    "resourceName" : "/tmp/dolphinscheduler/default/resources/flink-file-wordcount-1.0-SNAPSHOT.jar",
    "res" : null
  },
  "mainClass" : "org.example.HelloWorld",
  "deployMode" : "local",
  "mainArgs" : "--output /tmp/flink/output",
  "slot" : 1,
  "parallelism" : 1,
  "appName" : null,
  "taskManager" : 2,
  "jobManagerMemory" : "1G",
  "taskManagerMemory" : "2G",
  "resourceList" : [ {
    "id" : null,
    "resourceName" : "/tmp/dolphinscheduler/default/resources/flink-file-wordcount-1.0-SNAPSHOT.jar",
    "res" : null
  } ],
  "yarnQueue" : "",
  "others" : null,
  "flinkVersion" : ">=1.12",
  "programType" : "JAVA",
  "initScript" : "",
  "rawScript" : ""
}
2025-11-07 11:33:40.205 INFO  - Writing content: set execution.target=local;
set parallelism.default=1;

2025-11-07 11:33:40.206 INFO  - To file: /tmp/dolphinscheduler/exec/process/8/8_init.sql
2025-11-07 11:33:40.208 INFO  - Set taskVarPool: null successfully
2025-11-07 11:33:40.209 INFO  - 🐬 Execute Task Instance
2025-11-07 11:33:40.212 INFO  - Final Script Content:
====================
#!/bin/bash
BASEDIR=$(cd `dirname $0`; pwd)
cd $BASEDIR
export JAVA_HOME=/usr/local/openjdk-8
export FLINK_HOME=/usr/local/flink
export DOLPHINSCHEDULER_HOME=/opt/dolphinscheduler
export PATH=$JAVA_HOME/bin:$FLINK_HOME/bin:$DOLPHINSCHEDULER_HOME/bin:$PATH
${FLINK_HOME}/bin/flink run -p 1 -sae -c org.example.HelloWorld /tmp/dolphinscheduler/exec/process/8/flink-file-wordcount-1.0-SNAPSHOT.jar --output /tmp/flink/output
====================
2025-11-07 11:33:40.213 INFO  - Executing shell command : sudo -u cpy -i /tmp/dolphinscheduler/exec/process/8/8.sh
2025-11-07 11:33:40.219 INFO  - process start, process id is: 1734
2025-11-07 11:33:41.222 INFO  -  -> 
	2025-11-07 11:33:41,102 main ERROR FileManager (/usr/local/flink/log/flink-cpy-client-dolphinscheduler.log) java.io.FileNotFoundException: /usr/local/flink/log/flink-cpy-client-dolphinscheduler.log (Permission denied) java.io.FileNotFoundException: /usr/local/flink/log/flink-cpy-client-dolphinscheduler.log (Permission denied)
		at java.io.FileOutputStream.open0(Native Method)
		at java.io.FileOutputStream.open(FileOutputStream.java:270)
		at java.io.FileOutputStream.<init>(FileOutputStream.java:213)
		at org.apache.logging.log4j.core.appender.FileManager$FileManagerFactory.createManager(FileManager.java:438)
		at org.apache.logging.log4j.core.appender.FileManager$FileManagerFactory.createManager(FileManager.java:422)
		at org.apache.logging.log4j.core.appender.AbstractManager.getManager(AbstractManager.java:114)
		at org.apache.logging.log4j.core.appender.OutputStreamManager.getManager(OutputStreamManager.java:100)
		at org.apache.logging.log4j.core.appender.FileManager.getFileManager(FileManager.java:182)
		at org.apache.logging.log4j.core.appender.FileAppender$Builder.build(FileAppender.java:96)
		at org.apache.logging.log4j.core.appender.FileAppender$Builder.build(FileAppender.java:52)
		at org.apache.logging.log4j.core.config.plugins.util.PluginBuilder.build(PluginBuilder.java:122)
		at org.apache.logging.log4j.core.config.AbstractConfiguration.createPluginObject(AbstractConfiguration.java:1120)
		at org.apache.logging.log4j.core.config.AbstractConfiguration.createConfiguration(AbstractConfiguration.java:1045)
		at org.apache.logging.log4j.core.config.AbstractConfiguration.createConfiguration(AbstractConfiguration.java:1037)
		at org.apache.logging.log4j.core.config.AbstractConfiguration.doConfigure(AbstractConfiguration.java:651)
		at org.apache.logging.log4j.core.config.AbstractConfiguration.initialize(AbstractConfiguration.java:247)
		at org.apache.logging.log4j.core.config.AbstractConfiguration.start(AbstractConfiguration.java:293)
		at org.apache.logging.log4j.core.LoggerContext.setConfiguration(LoggerContext.java:626)
		at org.apache.logging.log4j.core.LoggerContext.reconfigure(LoggerContext.java:699)
		at org.apache.logging.log4j.core.LoggerContext.reconfigure(LoggerContext.java:716)
		at org.apache.logging.log4j.core.LoggerContext.start(LoggerContext.java:270)
		at org.apache.logging.log4j.core.impl.Log4jContextFactory.getContext(Log4jContextFactory.java:155)
		at org.apache.logging.log4j.core.impl.Log4jContextFactory.getContext(Log4jContextFactory.java:47)
		at org.apache.logging.log4j.LogManager.getContext(LogManager.java:196)
		at org.apache.logging.log4j.spi.AbstractLoggerAdapter.getContext(AbstractLoggerAdapter.java:137)
		at org.apache.logging.slf4j.Log4jLoggerFactory.getContext(Log4jLoggerFactory.java:55)
		at org.apache.logging.log4j.spi.AbstractLoggerAdapter.getLogger(AbstractLoggerAdapter.java:47)
		at org.apache.logging.slf4j.Log4jLoggerFactory.getLogger(Log4jLoggerFactory.java:33)
		at org.slf4j.LoggerFactory.getLogger(LoggerFactory.java:363)
		at org.slf4j.LoggerFactory.getLogger(LoggerFactory.java:388)
		at org.apache.flink.client.cli.CliFrontend.<clinit>(CliFrontend.java:93)
	
	2025-11-07 11:33:41,117 main ERROR Could not create plugin of type class org.apache.logging.log4j.core.appender.FileAppender for element FILE: java.lang.IllegalStateException: ManagerFactory [org.apache.logging.log4j.core.appender.FileManager$FileManagerFactory@8e0379d] unable to create manager for [/usr/local/flink/log/flink-cpy-client-dolphinscheduler.log] with data [org.apache.logging.log4j.core.appender.FileManager$FactoryData@341b80b2] java.lang.IllegalStateException: ManagerFactory [org.apache.logging.log4j.core.appender.FileManager$FileManagerFactory@8e0379d] unable to create manager for [/usr/local/flink/log/flink-cpy-client-dolphinscheduler.log] with data [org.apache.logging.log4j.core.appender.FileManager$FactoryData@341b80b2]
		at org.apache.logging.log4j.core.appender.AbstractManager.getManager(AbstractManager.java:116)
		at org.apache.logging.log4j.core.appender.OutputStreamManager.getManager(OutputStreamManager.java:100)
		at org.apache.logging.log4j.core.appender.FileManager.getFileManager(FileManager.java:182)
		at org.apache.logging.log4j.core.appender.FileAppender$Builder.build(FileAppender.java:96)
		at org.apache.logging.log4j.core.appender.FileAppender$Builder.build(FileAppender.java:52)
		at org.apache.logging.log4j.core.config.plugins.util.PluginBuilder.build(PluginBuilder.java:122)
		at org.apache.logging.log4j.core.config.AbstractConfiguration.createPluginObject(AbstractConfiguration.java:1120)
		at org.apache.logging.log4j.core.config.AbstractConfiguration.createConfiguration(AbstractConfiguration.java:1045)
		at org.apache.logging.log4j.core.config.AbstractConfiguration.createConfiguration(AbstractConfiguration.java:1037)
		at org.apache.logging.log4j.core.config.AbstractConfiguration.doConfigure(AbstractConfiguration.java:651)
		at org.apache.logging.log4j.core.config.AbstractConfiguration.initialize(AbstractConfiguration.java:247)
		at org.apache.logging.log4j.core.config.AbstractConfiguration.start(AbstractConfiguration.java:293)
		at org.apache.logging.log4j.core.LoggerContext.setConfiguration(LoggerContext.java:626)
		at org.apache.logging.log4j.core.LoggerContext.reconfigure(LoggerContext.java:699)
		at org.apache.logging.log4j.core.LoggerContext.reconfigure(LoggerContext.java:716)
		at org.apache.logging.log4j.core.LoggerContext.start(LoggerContext.java:270)
		at org.apache.logging.log4j.core.impl.Log4jContextFactory.getContext(Log4jContextFactory.java:155)
		at org.apache.logging.log4j.core.impl.Log4jContextFactory.getContext(Log4jContextFactory.java:47)
		at org.apache.logging.log4j.LogManager.getContext(LogManager.java:196)
		at org.apache.logging.log4j.spi.AbstractLoggerAdapter.getContext(AbstractLoggerAdapter.java:137)
		at org.apache.logging.slf4j.Log4jLoggerFactory.getContext(Log4jLoggerFactory.java:55)
		at org.apache.logging.log4j.spi.AbstractLoggerAdapter.getLogger(AbstractLoggerAdapter.java:47)
		at org.apache.logging.slf4j.Log4jLoggerFactory.getLogger(Log4jLoggerFactory.java:33)
		at org.slf4j.LoggerFactory.getLogger(LoggerFactory.java:363)
		at org.slf4j.LoggerFactory.getLogger(LoggerFactory.java:388)
		at org.apache.flink.client.cli.CliFrontend.<clinit>(CliFrontend.java:93)
	
	2025-11-07 11:33:41,128 main ERROR Unable to invoke factory method in class org.apache.logging.log4j.core.appender.FileAppender for element FILE: java.lang.IllegalStateException: No factory method found for class org.apache.logging.log4j.core.appender.FileAppender java.lang.IllegalStateException: No factory method found for class org.apache.logging.log4j.core.appender.FileAppender
		at org.apache.logging.log4j.core.config.plugins.util.PluginBuilder.findFactoryMethod(PluginBuilder.java:236)
		at org.apache.logging.log4j.core.config.plugins.util.PluginBuilder.build(PluginBuilder.java:134)
		at org.apache.logging.log4j.core.config.AbstractConfiguration.createPluginObject(AbstractConfiguration.java:1120)
		at org.apache.logging.log4j.core.config.AbstractConfiguration.createConfiguration(AbstractConfiguration.java:1045)
		at org.apache.logging.log4j.core.config.AbstractConfiguration.createConfiguration(AbstractConfiguration.java:1037)
		at org.apache.logging.log4j.core.config.AbstractConfiguration.doConfigure(AbstractConfiguration.java:651)
		at org.apache.logging.log4j.core.config.AbstractConfiguration.initialize(AbstractConfiguration.java:247)
		at org.apache.logging.log4j.core.config.AbstractConfiguration.start(AbstractConfiguration.java:293)
		at org.apache.logging.log4j.core.LoggerContext.setConfiguration(LoggerContext.java:626)
		at org.apache.logging.log4j.core.LoggerContext.reconfigure(LoggerContext.java:699)
		at org.apache.logging.log4j.core.LoggerContext.reconfigure(LoggerContext.java:716)
		at org.apache.logging.log4j.core.LoggerContext.start(LoggerContext.java:270)
		at org.apache.logging.log4j.core.impl.Log4jContextFactory.getContext(Log4jContextFactory.java:155)
		at org.apache.logging.log4j.core.impl.Log4jContextFactory.getContext(Log4jContextFactory.java:47)
		at org.apache.logging.log4j.LogManager.getContext(LogManager.java:196)
		at org.apache.logging.log4j.spi.AbstractLoggerAdapter.getContext(AbstractLoggerAdapter.java:137)
		at org.apache.logging.slf4j.Log4jLoggerFactory.getContext(Log4jLoggerFactory.java:55)
		at org.apache.logging.log4j.spi.AbstractLoggerAdapter.getLogger(AbstractLoggerAdapter.java:47)
		at org.apache.logging.slf4j.Log4jLoggerFactory.getLogger(Log4jLoggerFactory.java:33)
		at org.slf4j.LoggerFactory.getLogger(LoggerFactory.java:363)
		at org.slf4j.LoggerFactory.getLogger(LoggerFactory.java:388)
		at org.apache.flink.client.cli.CliFrontend.<clinit>(CliFrontend.java:93)
	
	2025-11-07 11:33:41,142 main ERROR Null object returned for FILE in Appenders.
	2025-11-07 11:33:41,143 main ERROR Unable to locate appender "FileAppender" for logger config "root"
	2025-11-07 11:33:41,143 main ERROR Unable to locate appender "FileAppender" for logger config "org.apache.hadoop.hive"
2025-11-07 11:33:42.235 INFO  -  -> 
	╔════════════════════════════════════════════════╗
	║   Flink Hello World 程序（低资源版）          ║
	╠════════════════════════════════════════════════╣
	║  输出路径：/tmp/flink/output
	╚════════════════════════════════════════════════╝
	
	📝 结果将输出到文件：/tmp/flink/output
	
2025-11-07 11:34:44.247 INFO  -  -> 
	
	------------------------------------------------------------
	 The program finished with the following exception:
	
	org.apache.flink.client.program.ProgramInvocationException: The main method caused an error: Failed to execute job 'Flink Hello World'.
		at org.apache.flink.client.program.PackagedProgram.callMainMethod(PackagedProgram.java:372)
		at org.apache.flink.client.program.PackagedProgram.invokeInteractiveModeForExecution(PackagedProgram.java:222)
		at org.apache.flink.client.ClientUtils.executeProgram(ClientUtils.java:105)
		at org.apache.flink.client.cli.CliFrontend.executeProgram(CliFrontend.java:851)
		at org.apache.flink.client.cli.CliFrontend.run(CliFrontend.java:245)
		at org.apache.flink.client.cli.CliFrontend.parseAndRun(CliFrontend.java:1095)
		at org.apache.flink.client.cli.CliFrontend.lambda$mainInternal$9(CliFrontend.java:1189)
		at org.apache.flink.runtime.security.contexts.NoOpSecurityContext.runSecured(NoOpSecurityContext.java:28)
		at org.apache.flink.client.cli.CliFrontend.mainInternal(CliFrontend.java:1189)
		at org.apache.flink.client.cli.CliFrontend.main(CliFrontend.java:1157)
	Caused by: org.apache.flink.util.FlinkException: Failed to execute job 'Flink Hello World'.
		at org.apache.flink.streaming.api.environment.StreamExecutionEnvironment.executeAsync(StreamExecutionEnvironment.java:2221)
		at org.apache.flink.client.program.StreamContextEnvironment.executeAsync(StreamContextEnvironment.java:189)
		at org.apache.flink.client.program.StreamContextEnvironment.execute(StreamContextEnvironment.java:118)
		at org.apache.flink.streaming.api.environment.StreamExecutionEnvironment.execute(StreamExecutionEnvironment.java:2067)
		at org.example.HelloWorld.main(HelloWorld.java:69)
		at sun.reflect.NativeMethodAccessorImpl.invoke0(Native Method)
		at sun.reflect.NativeMethodAccessorImpl.invoke(NativeMethodAccessorImpl.java:62)
		at sun.reflect.DelegatingMethodAccessorImpl.invoke(DelegatingMethodAccessorImpl.java:43)
		at java.lang.reflect.Method.invoke(Method.java:498)
		at org.apache.flink.client.program.PackagedProgram.callMainMethod(PackagedProgram.java:355)
		... 9 more
	Caused by: org.apache.flink.runtime.client.JobSubmissionException: Failed to submit JobGraph.
		at org.apache.flink.client.program.rest.RestClusterClient.lambda$submitJob$12(RestClusterClient.java:453)
		at java.util.concurrent.CompletableFuture.uniExceptionally(CompletableFuture.java:884)
		at java.util.concurrent.CompletableFuture$UniExceptionally.tryFire(CompletableFuture.java:866)
		at java.util.concurrent.CompletableFuture.postComplete(CompletableFuture.java:488)
		at java.util.concurrent.CompletableFuture.completeExceptionally(CompletableFuture.java:1990)
		at org.apache.flink.util.concurrent.FutureUtils.lambda$retryOperationWithDelay$6(FutureUtils.java:298)
		at java.util.concurrent.CompletableFuture.uniWhenComplete(CompletableFuture.java:774)
		at java.util.concurrent.CompletableFuture$UniWhenComplete.tryFire(CompletableFuture.java:750)
		at java.util.concurrent.CompletableFuture.postComplete(CompletableFuture.java:488)
		at java.util.concurrent.CompletableFuture.completeExceptionally(CompletableFuture.java:1990)
		at org.apache.flink.runtime.rest.RestClient.lambda$submitRequest$2(RestClient.java:534)
		at org.apache.flink.shaded.netty4.io.netty.util.concurrent.DefaultPromise.notifyListener0(DefaultPromise.java:578)
		at org.apache.flink.shaded.netty4.io.netty.util.concurrent.DefaultPromise.notifyListeners0(DefaultPromise.java:571)
		at org.apache.flink.shaded.netty4.io.netty.util.concurrent.DefaultPromise.notifyListenersNow(DefaultPromise.java:550)
		at org.apache.flink.shaded.netty4.io.netty.util.concurrent.DefaultPromise.notifyListeners(DefaultPromise.java:491)
		at org.apache.flink.shaded.netty4.io.netty.util.concurrent.DefaultPromise.setValue0(DefaultPromise.java:616)
		at org.apache.flink.shaded.netty4.io.netty.util.concurrent.DefaultPromise.setFailure0(DefaultPromise.java:609)
		at org.apache.flink.shaded.netty4.io.netty.util.concurrent.DefaultPromise.tryFailure(DefaultPromise.java:117)
		at org.apache.flink.shaded.netty4.io.netty.channel.nio.AbstractNioChannel$AbstractNioUnsafe.fulfillConnectPromise(AbstractNioChannel.java:321)
		at org.apache.flink.shaded.netty4.io.netty.channel.nio.AbstractNioChannel$AbstractNioUnsafe.finishConnect(AbstractNioChannel.java:337)
		at org.apache.flink.shaded.netty4.io.netty.channel.nio.NioEventLoop.processSelectedKey(NioEventLoop.java:776)
		at org.apache.flink.shaded.netty4.io.netty.channel.nio.NioEventLoop.processSelectedKeysOptimized(NioEventLoop.java:724)
		at org.apache.flink.shaded.netty4.io.netty.channel.nio.NioEventLoop.processSelectedKeys(NioEventLoop.java:650)
		at org.apache.flink.shaded.netty4.io.netty.channel.nio.NioEventLoop.run(NioEventLoop.java:562)
		at org.apache.flink.shaded.netty4.io.netty.util.concurrent.SingleThreadEventExecutor$4.run(SingleThreadEventExecutor.java:997)
		at org.apache.flink.shaded.netty4.io.netty.util.internal.ThreadExecutorMap$2.run(ThreadExecutorMap.java:74)
		at java.lang.Thread.run(Thread.java:750)
	Caused by: org.apache.flink.util.concurrent.FutureUtils$RetryException: Could not complete the operation. Number of retries has been exhausted.
		at org.apache.flink.util.concurrent.FutureUtils.lambda$retryOperationWithDelay$6(FutureUtils.java:294)
		... 21 more
	Caused by: java.util.concurrent.CompletionException: org.apache.flink.shaded.netty4.io.netty.channel.AbstractChannel$AnnotatedConnectException: Connection refused: /0.0.0.0:8081
		at java.util.concurrent.CompletableFuture.encodeThrowable(CompletableFuture.java:292)
		at java.util.concurrent.CompletableFuture.completeThrowable(CompletableFuture.java:308)
		at java.util.concurrent.CompletableFuture.uniCompose(CompletableFuture.java:957)
		at java.util.concurrent.CompletableFuture$UniCompose.tryFire(CompletableFuture.java:940)
		... 19 more
	Caused by: org.apache.flink.shaded.netty4.io.netty.channel.AbstractChannel$AnnotatedConnectException: Connection refused: /0.0.0.0:8081
	Caused by: java.net.ConnectException: Connection refused
		at sun.nio.ch.SocketChannelImpl.checkConnect(Native Method)
		at sun.nio.ch.SocketChannelImpl.finishConnect(SocketChannelImpl.java:716)
		at org.apache.flink.shaded.netty4.io.netty.channel.socket.nio.NioSocketChannel.doFinishConnect(NioSocketChannel.java:337)
		at org.apache.flink.shaded.netty4.io.netty.channel.nio.AbstractNioChannel$AbstractNioUnsafe.finishConnect(AbstractNioChannel.java:334)
		at org.apache.flink.shaded.netty4.io.netty.channel.nio.NioEventLoop.processSelectedKey(NioEventLoop.java:776)
		at org.apache.flink.shaded.netty4.io.netty.channel.nio.NioEventLoop.processSelectedKeysOptimized(NioEventLoop.java:724)
		at org.apache.flink.shaded.netty4.io.netty.channel.nio.NioEventLoop.processSelectedKeys(NioEventLoop.java:650)
		at org.apache.flink.shaded.netty4.io.netty.channel.nio.NioEventLoop.run(NioEventLoop.java:562)
		at org.apache.flink.shaded.netty4.io.netty.util.concurrent.SingleThreadEventExecutor$4.run(SingleThreadEventExecutor.java:997)
		at org.apache.flink.shaded.netty4.io.netty.util.internal.ThreadExecutorMap$2.run(ThreadExecutorMap.java:74)
		at java.lang.Thread.run(Thread.java:750)
2025-11-07 11:34:44.260 INFO  - process has exited. execute path:/tmp/dolphinscheduler/exec/process/8, processId:1734 ,exitStatusCode:1 ,processWaitForStatus:true ,processExitValue:1
2025-11-07 11:34:44.262 INFO  - Start finding appId in /opt/dolphinscheduler/worker-server/logs/20251107/156727085175776/5/7/8.log, fetch way: log 
2025-11-07 11:34:44.383 INFO  - 🐬 Finalize Task Instance
2025-11-07 11:34:44.384 INFO  - FINALIZE_SESSION
2025-11-07 11:34:44.386 INFO  - Deleted task exec directory: /tmp/dolphinscheduler/exec/process/8
