2025-11-07 11:54:26.696 INFO  - 🐬 Initialize Task Context
2025-11-07 11:54:26.710 INFO  - TenantCode: cpy check successfully
2025-11-07 11:54:26.712 INFO  - TaskInstance working directory: /tmp/dolphinscheduler/exec/process/10 create successfully
2025-11-07 11:54:26.718 INFO  - Download resource file /tmp/dolphinscheduler/default/resources/flink-file-wordcount-1.0-SNAPSHOT.jar -> /tmp/dolphinscheduler/exec/process/10/flink-file-wordcount-1.0-SNAPSHOT.jar successfully
2025-11-07 11:54:26.720 INFO  - Download resources successfully: 
ResourceContext(resourceItemMap={/tmp/dolphinscheduler/default/resources/flink-file-wordcount-1.0-SNAPSHOT.jar=ResourceContext.ResourceItem(resourceAbsolutePathInStorage=/tmp/dolphinscheduler/default/resources/flink-file-wordcount-1.0-SNAPSHOT.jar, resourceAbsolutePathInLocal=/tmp/dolphinscheduler/exec/process/10/flink-file-wordcount-1.0-SNAPSHOT.jar)})
2025-11-07 11:54:26.727 INFO  - 🐬 Load Task Instance Plugin
2025-11-07 11:54:26.728 INFO  - Initialized physicalTask: FLINK successfully
2025-11-07 11:54:26.730 INFO  - Initialize flink task params {
  "localParams" : [ ],
  "varPool" : [ ],
  "mainJar" : {
    "id" : null,
    "resourceName" : "/tmp/dolphinscheduler/default/resources/flink-file-wordcount-1.0-SNAPSHOT.jar",
    "res" : null
  },
  "mainClass" : "org.example.HelloWorld",
  "deployMode" : "local",
  "mainArgs" : "--output /tmp/flink/output",
  "slot" : 1,
  "parallelism" : 1,
  "appName" : null,
  "taskManager" : 2,
  "jobManagerMemory" : "1G",
  "taskManagerMemory" : "2G",
  "resourceList" : [ {
    "id" : null,
    "resourceName" : "/tmp/dolphinscheduler/default/resources/flink-file-wordcount-1.0-SNAPSHOT.jar",
    "res" : null
  } ],
  "yarnQueue" : "",
  "others" : "-m flink-jobmanager:8081",
  "flinkVersion" : ">=1.12",
  "programType" : "JAVA",
  "initScript" : "",
  "rawScript" : ""
}
2025-11-07 11:54:26.733 INFO  - Writing content: set execution.target=local;
set parallelism.default=1;

2025-11-07 11:54:26.735 INFO  - To file: /tmp/dolphinscheduler/exec/process/10/10_init.sql
2025-11-07 11:54:26.736 INFO  - Set taskVarPool: null successfully
2025-11-07 11:54:26.737 INFO  - 🐬 Execute Task Instance
2025-11-07 11:54:26.739 INFO  - Final Script Content:
====================
#!/bin/bash
BASEDIR=$(cd `dirname $0`; pwd)
cd $BASEDIR
export JAVA_HOME=/usr/local/openjdk-8
export FLINK_HOME=/usr/local/flink
export DOLPHINSCHEDULER_HOME=/opt/dolphinscheduler
export PATH=$JAVA_HOME/bin:$FLINK_HOME/bin:$DOLPHINSCHEDULER_HOME/bin:$PATH
${FLINK_HOME}/bin/flink run -p 1 -sae -m flink-jobmanager:8081 -c org.example.HelloWorld /tmp/dolphinscheduler/exec/process/10/flink-file-wordcount-1.0-SNAPSHOT.jar --output /tmp/flink/output
====================
2025-11-07 11:54:26.741 INFO  - Executing shell command : sudo -u cpy -i /tmp/dolphinscheduler/exec/process/10/10.sh
2025-11-07 11:54:26.746 INFO  - process start, process id is: 2649
2025-11-07 11:54:27.750 INFO  -  -> 
	2025-11-07 11:54:27,176 main ERROR FileManager (/usr/local/flink/log/flink-cpy-client-dolphinscheduler.log) java.io.FileNotFoundException: /usr/local/flink/log/flink-cpy-client-dolphinscheduler.log (Permission denied) java.io.FileNotFoundException: /usr/local/flink/log/flink-cpy-client-dolphinscheduler.log (Permission denied)
		at java.io.FileOutputStream.open0(Native Method)
		at java.io.FileOutputStream.open(FileOutputStream.java:270)
		at java.io.FileOutputStream.<init>(FileOutputStream.java:213)
		at org.apache.logging.log4j.core.appender.FileManager$FileManagerFactory.createManager(FileManager.java:438)
		at org.apache.logging.log4j.core.appender.FileManager$FileManagerFactory.createManager(FileManager.java:422)
		at org.apache.logging.log4j.core.appender.AbstractManager.getManager(AbstractManager.java:114)
		at org.apache.logging.log4j.core.appender.OutputStreamManager.getManager(OutputStreamManager.java:100)
		at org.apache.logging.log4j.core.appender.FileManager.getFileManager(FileManager.java:182)
		at org.apache.logging.log4j.core.appender.FileAppender$Builder.build(FileAppender.java:96)
		at org.apache.logging.log4j.core.appender.FileAppender$Builder.build(FileAppender.java:52)
		at org.apache.logging.log4j.core.config.plugins.util.PluginBuilder.build(PluginBuilder.java:122)
		at org.apache.logging.log4j.core.config.AbstractConfiguration.createPluginObject(AbstractConfiguration.java:1120)
		at org.apache.logging.log4j.core.config.AbstractConfiguration.createConfiguration(AbstractConfiguration.java:1045)
		at org.apache.logging.log4j.core.config.AbstractConfiguration.createConfiguration(AbstractConfiguration.java:1037)
		at org.apache.logging.log4j.core.config.AbstractConfiguration.doConfigure(AbstractConfiguration.java:651)
		at org.apache.logging.log4j.core.config.AbstractConfiguration.initialize(AbstractConfiguration.java:247)
		at org.apache.logging.log4j.core.config.AbstractConfiguration.start(AbstractConfiguration.java:293)
		at org.apache.logging.log4j.core.LoggerContext.setConfiguration(LoggerContext.java:626)
		at org.apache.logging.log4j.core.LoggerContext.reconfigure(LoggerContext.java:699)
		at org.apache.logging.log4j.core.LoggerContext.reconfigure(LoggerContext.java:716)
		at org.apache.logging.log4j.core.LoggerContext.start(LoggerContext.java:270)
		at org.apache.logging.log4j.core.impl.Log4jContextFactory.getContext(Log4jContextFactory.java:155)
		at org.apache.logging.log4j.core.impl.Log4jContextFactory.getContext(Log4jContextFactory.java:47)
		at org.apache.logging.log4j.LogManager.getContext(LogManager.java:196)
		at org.apache.logging.log4j.spi.AbstractLoggerAdapter.getContext(AbstractLoggerAdapter.java:137)
		at org.apache.logging.slf4j.Log4jLoggerFactory.getContext(Log4jLoggerFactory.java:55)
		at org.apache.logging.log4j.spi.AbstractLoggerAdapter.getLogger(AbstractLoggerAdapter.java:47)
		at org.apache.logging.slf4j.Log4jLoggerFactory.getLogger(Log4jLoggerFactory.java:33)
		at org.slf4j.LoggerFactory.getLogger(LoggerFactory.java:363)
		at org.slf4j.LoggerFactory.getLogger(LoggerFactory.java:388)
		at org.apache.flink.client.cli.CliFrontend.<clinit>(CliFrontend.java:93)
	
	2025-11-07 11:54:27,180 main ERROR Could not create plugin of type class org.apache.logging.log4j.core.appender.FileAppender for element FILE: java.lang.IllegalStateException: ManagerFactory [org.apache.logging.log4j.core.appender.FileManager$FileManagerFactory@8e0379d] unable to create manager for [/usr/local/flink/log/flink-cpy-client-dolphinscheduler.log] with data [org.apache.logging.log4j.core.appender.FileManager$FactoryData@341b80b2] java.lang.IllegalStateException: ManagerFactory [org.apache.logging.log4j.core.appender.FileManager$FileManagerFactory@8e0379d] unable to create manager for [/usr/local/flink/log/flink-cpy-client-dolphinscheduler.log] with data [org.apache.logging.log4j.core.appender.FileManager$FactoryData@341b80b2]
		at org.apache.logging.log4j.core.appender.AbstractManager.getManager(AbstractManager.java:116)
		at org.apache.logging.log4j.core.appender.OutputStreamManager.getManager(OutputStreamManager.java:100)
		at org.apache.logging.log4j.core.appender.FileManager.getFileManager(FileManager.java:182)
		at org.apache.logging.log4j.core.appender.FileAppender$Builder.build(FileAppender.java:96)
		at org.apache.logging.log4j.core.appender.FileAppender$Builder.build(FileAppender.java:52)
		at org.apache.logging.log4j.core.config.plugins.util.PluginBuilder.build(PluginBuilder.java:122)
		at org.apache.logging.log4j.core.config.AbstractConfiguration.createPluginObject(AbstractConfiguration.java:1120)
		at org.apache.logging.log4j.core.config.AbstractConfiguration.createConfiguration(AbstractConfiguration.java:1045)
		at org.apache.logging.log4j.core.config.AbstractConfiguration.createConfiguration(AbstractConfiguration.java:1037)
		at org.apache.logging.log4j.core.config.AbstractConfiguration.doConfigure(AbstractConfiguration.java:651)
		at org.apache.logging.log4j.core.config.AbstractConfiguration.initialize(AbstractConfiguration.java:247)
		at org.apache.logging.log4j.core.config.AbstractConfiguration.start(AbstractConfiguration.java:293)
		at org.apache.logging.log4j.core.LoggerContext.setConfiguration(LoggerContext.java:626)
		at org.apache.logging.log4j.core.LoggerContext.reconfigure(LoggerContext.java:699)
		at org.apache.logging.log4j.core.LoggerContext.reconfigure(LoggerContext.java:716)
		at org.apache.logging.log4j.core.LoggerContext.start(LoggerContext.java:270)
		at org.apache.logging.log4j.core.impl.Log4jContextFactory.getContext(Log4jContextFactory.java:155)
		at org.apache.logging.log4j.core.impl.Log4jContextFactory.getContext(Log4jContextFactory.java:47)
		at org.apache.logging.log4j.LogManager.getContext(LogManager.java:196)
		at org.apache.logging.log4j.spi.AbstractLoggerAdapter.getContext(AbstractLoggerAdapter.java:137)
		at org.apache.logging.slf4j.Log4jLoggerFactory.getContext(Log4jLoggerFactory.java:55)
		at org.apache.logging.log4j.spi.AbstractLoggerAdapter.getLogger(AbstractLoggerAdapter.java:47)
		at org.apache.logging.slf4j.Log4jLoggerFactory.getLogger(Log4jLoggerFactory.java:33)
		at org.slf4j.LoggerFactory.getLogger(LoggerFactory.java:363)
		at org.slf4j.LoggerFactory.getLogger(LoggerFactory.java:388)
		at org.apache.flink.client.cli.CliFrontend.<clinit>(CliFrontend.java:93)
	
	2025-11-07 11:54:27,181 main ERROR Unable to invoke factory method in class org.apache.logging.log4j.core.appender.FileAppender for element FILE: java.lang.IllegalStateException: No factory method found for class org.apache.logging.log4j.core.appender.FileAppender java.lang.IllegalStateException: No factory method found for class org.apache.logging.log4j.core.appender.FileAppender
		at org.apache.logging.log4j.core.config.plugins.util.PluginBuilder.findFactoryMethod(PluginBuilder.java:236)
		at org.apache.logging.log4j.core.config.plugins.util.PluginBuilder.build(PluginBuilder.java:134)
		at org.apache.logging.log4j.core.config.AbstractConfiguration.createPluginObject(AbstractConfiguration.java:1120)
		at org.apache.logging.log4j.core.config.AbstractConfiguration.createConfiguration(AbstractConfiguration.java:1045)
		at org.apache.logging.log4j.core.config.AbstractConfiguration.createConfiguration(AbstractConfiguration.java:1037)
		at org.apache.logging.log4j.core.config.AbstractConfiguration.doConfigure(AbstractConfiguration.java:651)
		at org.apache.logging.log4j.core.config.AbstractConfiguration.initialize(AbstractConfiguration.java:247)
		at org.apache.logging.log4j.core.config.AbstractConfiguration.start(AbstractConfiguration.java:293)
		at org.apache.logging.log4j.core.LoggerContext.setConfiguration(LoggerContext.java:626)
		at org.apache.logging.log4j.core.LoggerContext.reconfigure(LoggerContext.java:699)
		at org.apache.logging.log4j.core.LoggerContext.reconfigure(LoggerContext.java:716)
		at org.apache.logging.log4j.core.LoggerContext.start(LoggerContext.java:270)
		at org.apache.logging.log4j.core.impl.Log4jContextFactory.getContext(Log4jContextFactory.java:155)
		at org.apache.logging.log4j.core.impl.Log4jContextFactory.getContext(Log4jContextFactory.java:47)
		at org.apache.logging.log4j.LogManager.getContext(LogManager.java:196)
		at org.apache.logging.log4j.spi.AbstractLoggerAdapter.getContext(AbstractLoggerAdapter.java:137)
		at org.apache.logging.slf4j.Log4jLoggerFactory.getContext(Log4jLoggerFactory.java:55)
		at org.apache.logging.log4j.spi.AbstractLoggerAdapter.getLogger(AbstractLoggerAdapter.java:47)
		at org.apache.logging.slf4j.Log4jLoggerFactory.getLogger(Log4jLoggerFactory.java:33)
		at org.slf4j.LoggerFactory.getLogger(LoggerFactory.java:363)
		at org.slf4j.LoggerFactory.getLogger(LoggerFactory.java:388)
		at org.apache.flink.client.cli.CliFrontend.<clinit>(CliFrontend.java:93)
	
	2025-11-07 11:54:27,181 main ERROR Null object returned for FILE in Appenders.
	2025-11-07 11:54:27,182 main ERROR Unable to locate appender "FileAppender" for logger config "root"
	2025-11-07 11:54:27,182 main ERROR Unable to locate appender "FileAppender" for logger config "org.apache.hadoop.hive"
	╔════════════════════════════════════════════════╗
	║   Flink Hello World 程序（低资源版）          ║
	╠════════════════════════════════════════════════╣
	║  输出路径：/tmp/flink/output
	╚════════════════════════════════════════════════╝
	
	📝 结果将输出到文件：/tmp/flink/output
	
2025-11-07 11:54:28.769 INFO  -  -> 
	Job has been submitted with JobID 5ec7f930cf37ab3ec9e58be8ffed8b6c
	Program execution finished
	Job with JobID 5ec7f930cf37ab3ec9e58be8ffed8b6c has finished.
	Job Runtime: 333 ms
	
	
	✅ 任务执行完成！
	📂 请查看输出目录：/tmp/flink/output
2025-11-07 11:54:29.828 INFO  - process has exited. execute path:/tmp/dolphinscheduler/exec/process/10, processId:2649 ,exitStatusCode:0 ,processWaitForStatus:true ,processExitValue:0
2025-11-07 11:54:29.830 INFO  - Start finding appId in /opt/dolphinscheduler/worker-server/logs/20251107/156727085175776/6/8/10.log, fetch way: log 
2025-11-07 11:54:29.988 INFO  - 🐬 Finalize Task Instance
2025-11-07 11:54:29.989 INFO  - FINALIZE_SESSION
2025-11-07 11:54:29.992 INFO  - Deleted task exec directory: /tmp/dolphinscheduler/exec/process/10
