2025-11-07 11:52:08.491 INFO  - 🐬 Initialize Task Context
2025-11-07 11:52:08.511 INFO  - TenantCode: cpy check successfully
2025-11-07 11:52:08.512 INFO  - TaskInstance working directory: /tmp/dolphinscheduler/exec/process/9 create successfully
2025-11-07 11:52:08.516 INFO  - Download resource file /tmp/dolphinscheduler/default/resources/flink-file-wordcount-1.0-SNAPSHOT.jar -> /tmp/dolphinscheduler/exec/process/9/flink-file-wordcount-1.0-SNAPSHOT.jar successfully
2025-11-07 11:52:08.518 INFO  - Download resources successfully: 
ResourceContext(resourceItemMap={/tmp/dolphinscheduler/default/resources/flink-file-wordcount-1.0-SNAPSHOT.jar=ResourceContext.ResourceItem(resourceAbsolutePathInStorage=/tmp/dolphinscheduler/default/resources/flink-file-wordcount-1.0-SNAPSHOT.jar, resourceAbsolutePathInLocal=/tmp/dolphinscheduler/exec/process/9/flink-file-wordcount-1.0-SNAPSHOT.jar)})
2025-11-07 11:52:08.526 INFO  - 🐬 Load Task Instance Plugin
2025-11-07 11:52:08.527 INFO  - Initialized physicalTask: FLINK successfully
2025-11-07 11:52:08.528 INFO  - Initialize flink task params {
  "localParams" : [ ],
  "varPool" : [ ],
  "mainJar" : {
    "id" : null,
    "resourceName" : "/tmp/dolphinscheduler/default/resources/flink-file-wordcount-1.0-SNAPSHOT.jar",
    "res" : null
  },
  "mainClass" : "org.example.HelloWorld",
  "deployMode" : "local",
  "mainArgs" : "--output /tmp/flink/output",
  "slot" : 1,
  "parallelism" : 1,
  "appName" : null,
  "taskManager" : 2,
  "jobManagerMemory" : "1G",
  "taskManagerMemory" : "2G",
  "resourceList" : [ {
    "id" : null,
    "resourceName" : "/tmp/dolphinscheduler/default/resources/flink-file-wordcount-1.0-SNAPSHOT.jar",
    "res" : null
  } ],
  "yarnQueue" : "",
  "others" : "-m flink-jobmanager:8081",
  "flinkVersion" : ">=1.12",
  "programType" : "JAVA",
  "initScript" : "",
  "rawScript" : ""
}
2025-11-07 11:52:08.536 INFO  - Writing content: set execution.target=local;
set parallelism.default=1;

2025-11-07 11:52:08.537 INFO  - To file: /tmp/dolphinscheduler/exec/process/9/9_init.sql
2025-11-07 11:52:08.538 INFO  - Set taskVarPool: null successfully
2025-11-07 11:52:08.540 INFO  - 🐬 Execute Task Instance
2025-11-07 11:52:08.543 INFO  - Final Script Content:
====================
#!/bin/bash
BASEDIR=$(cd `dirname $0`; pwd)
cd $BASEDIR
export JAVA_HOME=/usr/local/openjdk-8
export FLINK_HOME=/usr/local/flink
export DOLPHINSCHEDULER_HOME=/opt/dolphinscheduler
export PATH=$JAVA_HOME/bin:$FLINK_HOME/bin:$DOLPHINSCHEDULER_HOME/bin:$PATH
${FLINK_HOME}/bin/flink run -p 1 -sae -m flink-jobmanager:8081 -c org.example.HelloWorld /tmp/dolphinscheduler/exec/process/9/flink-file-wordcount-1.0-SNAPSHOT.jar --output /tmp/flink/output
====================
2025-11-07 11:52:08.546 INFO  - Executing shell command : sudo -u cpy -i /tmp/dolphinscheduler/exec/process/9/9.sh
2025-11-07 11:52:08.553 INFO  - process start, process id is: 2415
2025-11-07 11:52:09.555 INFO  -  -> 
	2025-11-07 11:52:09,065 main ERROR FileManager (/usr/local/flink/log/flink-cpy-client-dolphinscheduler.log) java.io.FileNotFoundException: /usr/local/flink/log/flink-cpy-client-dolphinscheduler.log (Permission denied) java.io.FileNotFoundException: /usr/local/flink/log/flink-cpy-client-dolphinscheduler.log (Permission denied)
		at java.io.FileOutputStream.open0(Native Method)
		at java.io.FileOutputStream.open(FileOutputStream.java:270)
		at java.io.FileOutputStream.<init>(FileOutputStream.java:213)
		at org.apache.logging.log4j.core.appender.FileManager$FileManagerFactory.createManager(FileManager.java:438)
		at org.apache.logging.log4j.core.appender.FileManager$FileManagerFactory.createManager(FileManager.java:422)
		at org.apache.logging.log4j.core.appender.AbstractManager.getManager(AbstractManager.java:114)
		at org.apache.logging.log4j.core.appender.OutputStreamManager.getManager(OutputStreamManager.java:100)
		at org.apache.logging.log4j.core.appender.FileManager.getFileManager(FileManager.java:182)
		at org.apache.logging.log4j.core.appender.FileAppender$Builder.build(FileAppender.java:96)
		at org.apache.logging.log4j.core.appender.FileAppender$Builder.build(FileAppender.java:52)
		at org.apache.logging.log4j.core.config.plugins.util.PluginBuilder.build(PluginBuilder.java:122)
		at org.apache.logging.log4j.core.config.AbstractConfiguration.createPluginObject(AbstractConfiguration.java:1120)
		at org.apache.logging.log4j.core.config.AbstractConfiguration.createConfiguration(AbstractConfiguration.java:1045)
		at org.apache.logging.log4j.core.config.AbstractConfiguration.createConfiguration(AbstractConfiguration.java:1037)
		at org.apache.logging.log4j.core.config.AbstractConfiguration.doConfigure(AbstractConfiguration.java:651)
		at org.apache.logging.log4j.core.config.AbstractConfiguration.initialize(AbstractConfiguration.java:247)
		at org.apache.logging.log4j.core.config.AbstractConfiguration.start(AbstractConfiguration.java:293)
		at org.apache.logging.log4j.core.LoggerContext.setConfiguration(LoggerContext.java:626)
		at org.apache.logging.log4j.core.LoggerContext.reconfigure(LoggerContext.java:699)
		at org.apache.logging.log4j.core.LoggerContext.reconfigure(LoggerContext.java:716)
		at org.apache.logging.log4j.core.LoggerContext.start(LoggerContext.java:270)
		at org.apache.logging.log4j.core.impl.Log4jContextFactory.getContext(Log4jContextFactory.java:155)
		at org.apache.logging.log4j.core.impl.Log4jContextFactory.getContext(Log4jContextFactory.java:47)
		at org.apache.logging.log4j.LogManager.getContext(LogManager.java:196)
		at org.apache.logging.log4j.spi.AbstractLoggerAdapter.getContext(AbstractLoggerAdapter.java:137)
		at org.apache.logging.slf4j.Log4jLoggerFactory.getContext(Log4jLoggerFactory.java:55)
		at org.apache.logging.log4j.spi.AbstractLoggerAdapter.getLogger(AbstractLoggerAdapter.java:47)
		at org.apache.logging.slf4j.Log4jLoggerFactory.getLogger(Log4jLoggerFactory.java:33)
		at org.slf4j.LoggerFactory.getLogger(LoggerFactory.java:363)
		at org.slf4j.LoggerFactory.getLogger(LoggerFactory.java:388)
		at org.apache.flink.client.cli.CliFrontend.<clinit>(CliFrontend.java:93)
	
	2025-11-07 11:52:09,071 main ERROR Could not create plugin of type class org.apache.logging.log4j.core.appender.FileAppender for element FILE: java.lang.IllegalStateException: ManagerFactory [org.apache.logging.log4j.core.appender.FileManager$FileManagerFactory@8e0379d] unable to create manager for [/usr/local/flink/log/flink-cpy-client-dolphinscheduler.log] with data [org.apache.logging.log4j.core.appender.FileManager$FactoryData@341b80b2] java.lang.IllegalStateException: ManagerFactory [org.apache.logging.log4j.core.appender.FileManager$FileManagerFactory@8e0379d] unable to create manager for [/usr/local/flink/log/flink-cpy-client-dolphinscheduler.log] with data [org.apache.logging.log4j.core.appender.FileManager$FactoryData@341b80b2]
		at org.apache.logging.log4j.core.appender.AbstractManager.getManager(AbstractManager.java:116)
		at org.apache.logging.log4j.core.appender.OutputStreamManager.getManager(OutputStreamManager.java:100)
		at org.apache.logging.log4j.core.appender.FileManager.getFileManager(FileManager.java:182)
		at org.apache.logging.log4j.core.appender.FileAppender$Builder.build(FileAppender.java:96)
		at org.apache.logging.log4j.core.appender.FileAppender$Builder.build(FileAppender.java:52)
		at org.apache.logging.log4j.core.config.plugins.util.PluginBuilder.build(PluginBuilder.java:122)
		at org.apache.logging.log4j.core.config.AbstractConfiguration.createPluginObject(AbstractConfiguration.java:1120)
		at org.apache.logging.log4j.core.config.AbstractConfiguration.createConfiguration(AbstractConfiguration.java:1045)
		at org.apache.logging.log4j.core.config.AbstractConfiguration.createConfiguration(AbstractConfiguration.java:1037)
		at org.apache.logging.log4j.core.config.AbstractConfiguration.doConfigure(AbstractConfiguration.java:651)
		at org.apache.logging.log4j.core.config.AbstractConfiguration.initialize(AbstractConfiguration.java:247)
		at org.apache.logging.log4j.core.config.AbstractConfiguration.start(AbstractConfiguration.java:293)
		at org.apache.logging.log4j.core.LoggerContext.setConfiguration(LoggerContext.java:626)
		at org.apache.logging.log4j.core.LoggerContext.reconfigure(LoggerContext.java:699)
		at org.apache.logging.log4j.core.LoggerContext.reconfigure(LoggerContext.java:716)
		at org.apache.logging.log4j.core.LoggerContext.start(LoggerContext.java:270)
		at org.apache.logging.log4j.core.impl.Log4jContextFactory.getContext(Log4jContextFactory.java:155)
		at org.apache.logging.log4j.core.impl.Log4jContextFactory.getContext(Log4jContextFactory.java:47)
		at org.apache.logging.log4j.LogManager.getContext(LogManager.java:196)
		at org.apache.logging.log4j.spi.AbstractLoggerAdapter.getContext(AbstractLoggerAdapter.java:137)
		at org.apache.logging.slf4j.Log4jLoggerFactory.getContext(Log4jLoggerFactory.java:55)
		at org.apache.logging.log4j.spi.AbstractLoggerAdapter.getLogger(AbstractLoggerAdapter.java:47)
		at org.apache.logging.slf4j.Log4jLoggerFactory.getLogger(Log4jLoggerFactory.java:33)
		at org.slf4j.LoggerFactory.getLogger(LoggerFactory.java:363)
		at org.slf4j.LoggerFactory.getLogger(LoggerFactory.java:388)
		at org.apache.flink.client.cli.CliFrontend.<clinit>(CliFrontend.java:93)
	
	2025-11-07 11:52:09,072 main ERROR Unable to invoke factory method in class org.apache.logging.log4j.core.appender.FileAppender for element FILE: java.lang.IllegalStateException: No factory method found for class org.apache.logging.log4j.core.appender.FileAppender java.lang.IllegalStateException: No factory method found for class org.apache.logging.log4j.core.appender.FileAppender
		at org.apache.logging.log4j.core.config.plugins.util.PluginBuilder.findFactoryMethod(PluginBuilder.java:236)
		at org.apache.logging.log4j.core.config.plugins.util.PluginBuilder.build(PluginBuilder.java:134)
		at org.apache.logging.log4j.core.config.AbstractConfiguration.createPluginObject(AbstractConfiguration.java:1120)
		at org.apache.logging.log4j.core.config.AbstractConfiguration.createConfiguration(AbstractConfiguration.java:1045)
		at org.apache.logging.log4j.core.config.AbstractConfiguration.createConfiguration(AbstractConfiguration.java:1037)
		at org.apache.logging.log4j.core.config.AbstractConfiguration.doConfigure(AbstractConfiguration.java:651)
		at org.apache.logging.log4j.core.config.AbstractConfiguration.initialize(AbstractConfiguration.java:247)
		at org.apache.logging.log4j.core.config.AbstractConfiguration.start(AbstractConfiguration.java:293)
		at org.apache.logging.log4j.core.LoggerContext.setConfiguration(LoggerContext.java:626)
		at org.apache.logging.log4j.core.LoggerContext.reconfigure(LoggerContext.java:699)
		at org.apache.logging.log4j.core.LoggerContext.reconfigure(LoggerContext.java:716)
		at org.apache.logging.log4j.core.LoggerContext.start(LoggerContext.java:270)
		at org.apache.logging.log4j.core.impl.Log4jContextFactory.getContext(Log4jContextFactory.java:155)
		at org.apache.logging.log4j.core.impl.Log4jContextFactory.getContext(Log4jContextFactory.java:47)
		at org.apache.logging.log4j.LogManager.getContext(LogManager.java:196)
		at org.apache.logging.log4j.spi.AbstractLoggerAdapter.getContext(AbstractLoggerAdapter.java:137)
		at org.apache.logging.slf4j.Log4jLoggerFactory.getContext(Log4jLoggerFactory.java:55)
		at org.apache.logging.log4j.spi.AbstractLoggerAdapter.getLogger(AbstractLoggerAdapter.java:47)
		at org.apache.logging.slf4j.Log4jLoggerFactory.getLogger(Log4jLoggerFactory.java:33)
		at org.slf4j.LoggerFactory.getLogger(LoggerFactory.java:363)
		at org.slf4j.LoggerFactory.getLogger(LoggerFactory.java:388)
		at org.apache.flink.client.cli.CliFrontend.<clinit>(CliFrontend.java:93)
	
	2025-11-07 11:52:09,074 main ERROR Null object returned for FILE in Appenders.
	2025-11-07 11:52:09,074 main ERROR Unable to locate appender "FileAppender" for logger config "root"
	2025-11-07 11:52:09,075 main ERROR Unable to locate appender "FileAppender" for logger config "org.apache.hadoop.hive"
2025-11-07 11:52:10.571 INFO  -  -> 
	╔════════════════════════════════════════════════╗
	║   Flink Hello World 程序（低资源版）          ║
	╠════════════════════════════════════════════════╣
	║  输出路径：/tmp/flink/output
	╚════════════════════════════════════════════════╝
	
	📝 结果将输出到文件：/tmp/flink/output
	
2025-11-07 11:52:17.575 INFO  -  -> 
	Job has been submitted with JobID 4bbdc223a1f3a9a17874920f185446bb
2025-11-07 11:52:22.577 INFO  -  -> 
	
	------------------------------------------------------------
	 The program finished with the following exception:
	
	org.apache.flink.client.program.ProgramInvocationException: The main method caused an error: org.apache.flink.client.program.ProgramInvocationException: Job failed (JobID: 4bbdc223a1f3a9a17874920f185446bb)
		at org.apache.flink.client.program.PackagedProgram.callMainMethod(PackagedProgram.java:372)
		at org.apache.flink.client.program.PackagedProgram.invokeInteractiveModeForExecution(PackagedProgram.java:222)
		at org.apache.flink.client.ClientUtils.executeProgram(ClientUtils.java:105)
		at org.apache.flink.client.cli.CliFrontend.executeProgram(CliFrontend.java:851)
		at org.apache.flink.client.cli.CliFrontend.run(CliFrontend.java:245)
		at org.apache.flink.client.cli.CliFrontend.parseAndRun(CliFrontend.java:1095)
		at org.apache.flink.client.cli.CliFrontend.lambda$mainInternal$9(CliFrontend.java:1189)
		at org.apache.flink.runtime.security.contexts.NoOpSecurityContext.runSecured(NoOpSecurityContext.java:28)
		at org.apache.flink.client.cli.CliFrontend.mainInternal(CliFrontend.java:1189)
		at org.apache.flink.client.cli.CliFrontend.main(CliFrontend.java:1157)
	Caused by: java.util.concurrent.ExecutionException: org.apache.flink.client.program.ProgramInvocationException: Job failed (JobID: 4bbdc223a1f3a9a17874920f185446bb)
		at java.util.concurrent.CompletableFuture.reportGet(CompletableFuture.java:357)
		at java.util.concurrent.CompletableFuture.get(CompletableFuture.java:1908)
		at org.apache.flink.client.program.StreamContextEnvironment.getJobExecutionResult(StreamContextEnvironment.java:171)
		at org.apache.flink.client.program.StreamContextEnvironment.execute(StreamContextEnvironment.java:122)
		at org.apache.flink.streaming.api.environment.StreamExecutionEnvironment.execute(StreamExecutionEnvironment.java:2067)
		at org.example.HelloWorld.main(HelloWorld.java:69)
		at sun.reflect.NativeMethodAccessorImpl.invoke0(Native Method)
		at sun.reflect.NativeMethodAccessorImpl.invoke(NativeMethodAccessorImpl.java:62)
		at sun.reflect.DelegatingMethodAccessorImpl.invoke(DelegatingMethodAccessorImpl.java:43)
		at java.lang.reflect.Method.invoke(Method.java:498)
		at org.apache.flink.client.program.PackagedProgram.callMainMethod(PackagedProgram.java:355)
		... 9 more
	Caused by: org.apache.flink.client.program.ProgramInvocationException: Job failed (JobID: 4bbdc223a1f3a9a17874920f185446bb)
		at org.apache.flink.client.deployment.ClusterClientJobClientAdapter.lambda$null$6(ClusterClientJobClientAdapter.java:130)
		at java.util.concurrent.CompletableFuture.uniApply(CompletableFuture.java:616)
		at java.util.concurrent.CompletableFuture$UniApply.tryFire(CompletableFuture.java:591)
		at java.util.concurrent.CompletableFuture.postComplete(CompletableFuture.java:488)
		at java.util.concurrent.CompletableFuture.complete(CompletableFuture.java:1975)
		at org.apache.flink.util.concurrent.FutureUtils.lambda$retryOperationWithDelay$6(FutureUtils.java:302)
		at java.util.concurrent.CompletableFuture.uniWhenComplete(CompletableFuture.java:774)
		at java.util.concurrent.CompletableFuture$UniWhenComplete.tryFire(CompletableFuture.java:750)
		at java.util.concurrent.CompletableFuture.postComplete(CompletableFuture.java:488)
		at java.util.concurrent.CompletableFuture.complete(CompletableFuture.java:1975)
		at org.apache.flink.client.program.rest.RestClusterClient.lambda$pollResourceAsync$33(RestClusterClient.java:789)
		at java.util.concurrent.CompletableFuture.uniWhenComplete(CompletableFuture.java:774)
		at java.util.concurrent.CompletableFuture$UniWhenComplete.tryFire(CompletableFuture.java:750)
		at java.util.concurrent.CompletableFuture.postComplete(CompletableFuture.java:488)
		at java.util.concurrent.CompletableFuture.complete(CompletableFuture.java:1975)
		at org.apache.flink.util.concurrent.FutureUtils.lambda$retryOperationWithDelay$6(FutureUtils.java:302)
		at java.util.concurrent.CompletableFuture.uniWhenComplete(CompletableFuture.java:774)
		at java.util.concurrent.CompletableFuture$UniWhenComplete.tryFire(CompletableFuture.java:750)
		at java.util.concurrent.CompletableFuture.postComplete(CompletableFuture.java:488)
		at java.util.concurrent.CompletableFuture.postFire(CompletableFuture.java:575)
		at java.util.concurrent.CompletableFuture$UniCompose.tryFire(CompletableFuture.java:943)
		at java.util.concurrent.CompletableFuture$Completion.run(CompletableFuture.java:456)
		at java.util.concurrent.ThreadPoolExecutor.runWorker(ThreadPoolExecutor.java:1149)
		at java.util.concurrent.ThreadPoolExecutor$Worker.run(ThreadPoolExecutor.java:624)
		at java.lang.Thread.run(Thread.java:750)
	Caused by: org.apache.flink.runtime.client.JobExecutionException: Job execution failed.
		at org.apache.flink.runtime.jobmaster.JobResult.toJobExecutionResult(JobResult.java:144)
		at org.apache.flink.client.deployment.ClusterClientJobClientAdapter.lambda$null$6(ClusterClientJobClientAdapter.java:128)
		... 24 more
	Caused by: org.apache.flink.runtime.JobException: Recovery is suppressed by NoRestartBackoffTimeStrategy
		at org.apache.flink.runtime.executiongraph.failover.flip1.ExecutionFailureHandler.handleFailure(ExecutionFailureHandler.java:139)
		at org.apache.flink.runtime.executiongraph.failover.flip1.ExecutionFailureHandler.getFailureHandlingResult(ExecutionFailureHandler.java:83)
		at org.apache.flink.runtime.scheduler.DefaultScheduler.recordTaskFailure(DefaultScheduler.java:258)
		at org.apache.flink.runtime.scheduler.DefaultScheduler.handleTaskFailure(DefaultScheduler.java:249)
		at org.apache.flink.runtime.scheduler.DefaultScheduler.onTaskFailed(DefaultScheduler.java:242)
		at org.apache.flink.runtime.scheduler.SchedulerBase.onTaskExecutionStateUpdate(SchedulerBase.java:748)
		at org.apache.flink.runtime.scheduler.SchedulerBase.updateTaskExecutionState(SchedulerBase.java:725)
		at org.apache.flink.runtime.scheduler.SchedulerNG.updateTaskExecutionState(SchedulerNG.java:80)
		at org.apache.flink.runtime.jobmaster.JobMaster.updateTaskExecutionState(JobMaster.java:479)
		at sun.reflect.NativeMethodAccessorImpl.invoke0(Native Method)
		at sun.reflect.NativeMethodAccessorImpl.invoke(NativeMethodAccessorImpl.java:62)
		at sun.reflect.DelegatingMethodAccessorImpl.invoke(DelegatingMethodAccessorImpl.java:43)
		at java.lang.reflect.Method.invoke(Method.java:498)
		at org.apache.flink.runtime.rpc.akka.AkkaRpcActor.lambda$handleRpcInvocation$1(AkkaRpcActor.java:309)
		at org.apache.flink.runtime.concurrent.akka.ClassLoadingUtils.runWithContextClassLoader(ClassLoadingUtils.java:83)
		at org.apache.flink.runtime.rpc.akka.AkkaRpcActor.handleRpcInvocation(AkkaRpcActor.java:307)
		at org.apache.flink.runtime.rpc.akka.AkkaRpcActor.handleRpcMessage(AkkaRpcActor.java:222)
		at org.apache.flink.runtime.rpc.akka.FencedAkkaRpcActor.handleRpcMessage(FencedAkkaRpcActor.java:84)
		at org.apache.flink.runtime.rpc.akka.AkkaRpcActor.handleMessage(AkkaRpcActor.java:168)
		at akka.japi.pf.UnitCaseStatement.apply(CaseStatements.scala:24)
		at akka.japi.pf.UnitCaseStatement.apply(CaseStatements.scala:20)
		at scala.PartialFunction.applyOrElse(PartialFunction.scala:127)
		at scala.PartialFunction.applyOrElse$(PartialFunction.scala:126)
		at akka.japi.pf.UnitCaseStatement.applyOrElse(CaseStatements.scala:20)
		at scala.PartialFunction$OrElse.applyOrElse(PartialFunction.scala:175)
		at scala.PartialFunction$OrElse.applyOrElse(PartialFunction.scala:176)
		at scala.PartialFunction$OrElse.applyOrElse(PartialFunction.scala:176)
		at akka.actor.Actor.aroundReceive(Actor.scala:537)
		at akka.actor.Actor.aroundReceive$(Actor.scala:535)
		at akka.actor.AbstractActor.aroundReceive(AbstractActor.scala:220)
		at akka.actor.ActorCell.receiveMessage(ActorCell.scala:579)
		at akka.actor.ActorCell.invoke(ActorCell.scala:547)
		at akka.dispatch.Mailbox.processMailbox(Mailbox.scala:270)
		at akka.dispatch.Mailbox.run(Mailbox.scala:231)
		at akka.dispatch.Mailbox.exec(Mailbox.scala:243)
		at java.util.concurrent.ForkJoinTask.doExec(ForkJoinTask.java:289)
		at java.util.concurrent.ForkJoinPool$WorkQueue.runTask(ForkJoinPool.java:1056)
		at java.util.concurrent.ForkJoinPool.runWorker(ForkJoinPool.java:1692)
		at java.util.concurrent.ForkJoinWorkerThread.run(ForkJoinWorkerThread.java:175)
	Caused by: java.io.IOException: Failed to create the parent directory: /tmp/flink/output/2025-11-07--11
		at org.apache.flink.core.fs.local.LocalRecoverableWriter.open(LocalRecoverableWriter.java:54)
		at org.apache.flink.streaming.api.functions.sink.filesystem.OutputStreamBasedPartFileWriter$OutputStreamBasedBucketWriter.openNewInProgressFile(OutputStreamBasedPartFileWriter.java:124)
		at org.apache.flink.streaming.api.functions.sink.filesystem.RowWiseBucketWriter.openNewInProgressFile(RowWiseBucketWriter.java:34)
		at org.apache.flink.connector.file.sink.writer.FileWriterBucket.rollPartFile(FileWriterBucket.java:261)
		at org.apache.flink.connector.file.sink.writer.FileWriterBucket.write(FileWriterBucket.java:188)
		at org.apache.flink.connector.file.sink.writer.FileWriter.write(FileWriter.java:198)
		at org.apache.flink.streaming.runtime.operators.sink.SinkWriterOperator.processElement(SinkWriterOperator.java:158)
		at org.apache.flink.streaming.runtime.tasks.OneInputStreamTask$StreamTaskNetworkOutput.emitRecord(OneInputStreamTask.java:237)
		at org.apache.flink.streaming.runtime.io.AbstractStreamTaskNetworkInput.processElement(AbstractStreamTaskNetworkInput.java:146)
		at org.apache.flink.streaming.runtime.io.AbstractStreamTaskNetworkInput.emitNext(AbstractStreamTaskNetworkInput.java:110)
		at org.apache.flink.streaming.runtime.io.StreamOneInputProcessor.processInput(StreamOneInputProcessor.java:65)
		at org.apache.flink.streaming.runtime.tasks.StreamTask.processInput(StreamTask.java:550)
		at org.apache.flink.streaming.runtime.tasks.mailbox.MailboxProcessor.runMailboxLoop(MailboxProcessor.java:231)
		at org.apache.flink.streaming.runtime.tasks.StreamTask.runMailboxLoop(StreamTask.java:839)
		at org.apache.flink.streaming.runtime.tasks.StreamTask.invoke(StreamTask.java:788)
		at org.apache.flink.runtime.taskmanager.Task.runWithSystemExitMonitoring(Task.java:952)
		at org.apache.flink.runtime.taskmanager.Task.restoreAndInvoke(Task.java:931)
		at org.apache.flink.runtime.taskmanager.Task.doRun(Task.java:745)
		at org.apache.flink.runtime.taskmanager.Task.run(Task.java:562)
		at java.lang.Thread.run(Thread.java:750)
2025-11-07 11:52:22.584 INFO  - process has exited. execute path:/tmp/dolphinscheduler/exec/process/9, processId:2415 ,exitStatusCode:1 ,processWaitForStatus:true ,processExitValue:1
2025-11-07 11:52:22.586 INFO  - Start finding appId in /opt/dolphinscheduler/worker-server/logs/20251107/156727085175776/6/8/9.log, fetch way: log 
2025-11-07 11:52:22.837 INFO  - 🐬 Finalize Task Instance
2025-11-07 11:52:22.838 INFO  - FINALIZE_SESSION
2025-11-07 11:52:22.841 INFO  - Deleted task exec directory: /tmp/dolphinscheduler/exec/process/9
