2025-11-06 21:18:11.849 INFO  - 🐬 Initialize Task Context
2025-11-06 21:18:11.869 INFO  - TenantCode: cpy check successfully
2025-11-06 21:18:11.870 INFO  - TaskInstance working directory: /tmp/dolphinscheduler/exec/process/3 create successfully
2025-11-06 21:18:11.910 INFO  - Download resource file /tmp/dolphinscheduler/default/resources/flink-file-wordcount-1.0-SNAPSHOT.jar -> /tmp/dolphinscheduler/exec/process/3/flink-file-wordcount-1.0-SNAPSHOT.jar successfully
2025-11-06 21:18:11.913 INFO  - Download resources successfully: 
ResourceContext(resourceItemMap={/tmp/dolphinscheduler/default/resources/flink-file-wordcount-1.0-SNAPSHOT.jar=ResourceContext.ResourceItem(resourceAbsolutePathInStorage=/tmp/dolphinscheduler/default/resources/flink-file-wordcount-1.0-SNAPSHOT.jar, resourceAbsolutePathInLocal=/tmp/dolphinscheduler/exec/process/3/flink-file-wordcount-1.0-SNAPSHOT.jar)})
2025-11-06 21:18:11.915 INFO  - 🐬 Load Task Instance Plugin
2025-11-06 21:18:11.917 INFO  - Initialized physicalTask: FLINK successfully
2025-11-06 21:18:11.921 INFO  - Initialize flink task params {
  "localParams" : [ ],
  "varPool" : [ ],
  "mainJar" : {
    "id" : null,
    "resourceName" : "/tmp/dolphinscheduler/default/resources/flink-file-wordcount-1.0-SNAPSHOT.jar",
    "res" : null
  },
  "mainClass" : "org.example.HelloWorld",
  "deployMode" : "cluster",
  "mainArgs" : "--output /tmp/flink/output",
  "slot" : 1,
  "parallelism" : 1,
  "appName" : null,
  "taskManager" : 2,
  "jobManagerMemory" : "1G",
  "taskManagerMemory" : "2G",
  "resourceList" : [ ],
  "yarnQueue" : "",
  "others" : null,
  "flinkVersion" : ">=1.12",
  "programType" : "JAVA",
  "initScript" : "",
  "rawScript" : ""
}
2025-11-06 21:18:11.933 INFO  - Writing content: set execution.target=yarn-per-job;
set taskmanager.numberOfTaskSlots=1;
set jobmanager.memory.process.size=1G;
set taskmanager.memory.process.size=2G;
set parallelism.default=1;

2025-11-06 21:18:11.935 INFO  - To file: /tmp/dolphinscheduler/exec/process/3/3_init.sql
2025-11-06 21:18:11.936 INFO  - Set taskVarPool: null successfully
2025-11-06 21:18:11.936 INFO  - 🐬 Execute Task Instance
2025-11-06 21:18:11.939 INFO  - Final Script Content:
====================
#!/bin/bash
BASEDIR=$(cd `dirname $0`; pwd)
cd $BASEDIR
${FLINK_HOME}/bin/flink run -t yarn-per-job -ys 1 -yjm 1G -ytm 2G -p 1 -sae -c org.example.HelloWorld /tmp/dolphinscheduler/exec/process/3/flink-file-wordcount-1.0-SNAPSHOT.jar --output /tmp/flink/output
====================
2025-11-06 21:18:11.940 INFO  - Executing shell command : sudo -u cpy -i /tmp/dolphinscheduler/exec/process/3/3.sh
2025-11-06 21:18:11.947 INFO  - process start, process id is: 1206
2025-11-06 21:18:12.948 INFO  -  -> 
	/tmp/dolphinscheduler/exec/process/3/3.sh: line 4: /bin/flink: No such file or directory
2025-11-06 21:18:12.958 INFO  - process has exited. execute path:/tmp/dolphinscheduler/exec/process/3, processId:1206 ,exitStatusCode:127 ,processWaitForStatus:true ,processExitValue:127
2025-11-06 21:18:12.963 INFO  - Start finding appId in /opt/dolphinscheduler/worker-server/logs/20251106/156676755523488/2/3/3.log, fetch way: log 
2025-11-06 21:18:13.032 INFO  - 🐬 Finalize Task Instance
2025-11-06 21:18:13.033 INFO  - FINALIZE_SESSION
2025-11-06 21:18:13.036 INFO  - Deleted task exec directory: /tmp/dolphinscheduler/exec/process/3
