[INFO] 2025-11-06 18:16:39.236 +0800 org.apache.dolphinscheduler.common.utils.NetUtils:[312] - Get all NetworkInterfaces: [name:eth0 (eth0), name:lo (lo)]
[INFO] 2025-11-06 18:16:39.520 +0800 org.apache.dolphinscheduler.alert.config.AlertConfig:[75] - Alert config: port -> 50052
[INFO] 2025-11-06 18:16:39.522 +0800 org.apache.dolphinscheduler.alert.config.AlertConfig:[76] - Alert config: alertServerAddress -> 172.28.0.6:50052
[INFO] 2025-11-06 18:16:39.522 +0800 org.apache.dolphinscheduler.alert.config.AlertConfig:[77] - Alert config: maxHeartbeatInterval -> PT1M
[INFO] 2025-11-06 18:16:41.541 +0800 com.zaxxer.hikari.HikariDataSource:[110] - HikariPool-1 - Starting...
[INFO] 2025-11-06 18:16:41.859 +0800 com.zaxxer.hikari.HikariDataSource:[123] - HikariPool-1 - Start completed.
[INFO] 2025-11-06 18:16:44.345 +0800 org.apache.dolphinscheduler.plugin.registry.zookeeper.ZookeeperRegistryAutoConfiguration:[37] - Load ZookeeperRegistryAutoConfiguration
[INFO] 2025-11-06 18:16:44.363 +0800 org.apache.dolphinscheduler.plugin.registry.zookeeper.ZookeeperRegistryProperties:[96] - 
****************************ZookeeperRegistryProperties**************************************
  namespace -> dolphinscheduler
  connectString -> zookeeper:2181
  retryPolicy -> ZookeeperRegistryProperties.ZookeeperProperties.RetryPolicy(baseSleepTime=PT0.1S, maxRetries=3, maxSleep=PT1S)
  digest -> 
  sessionTimeout -> PT1M
  connectionTimeout -> PT30S
  blockUntilConnected -> PT30S
****************************ZookeeperRegistryProperties**************************************
[INFO] 2025-11-06 18:16:44.762 +0800 org.apache.dolphinscheduler.plugin.registry.zookeeper.ZookeeperRegistry:[113] - ZookeeperRegistry started at: 91/ms
[INFO] 2025-11-06 18:16:45.673 +0800 org.apache.dolphinscheduler.alert.AlertServer:[77] - AlertServer is staring ...
[INFO] 2025-11-06 18:16:45.674 +0800 org.apache.dolphinscheduler.alert.plugin.AlertPluginManager:[57] - AlertPluginManager start...
[INFO] 2025-11-06 18:16:45.902 +0800 org.apache.dolphinscheduler.common.constants.SystemConstants:[30] - init timezone: sun.util.calendar.ZoneInfo[id="Asia/Shanghai",offset=28800000,dstSavings=0,useDaylight=false,transitions=31,lastRule=null]
[INFO] 2025-11-06 18:16:46.052 +0800 org.apache.dolphinscheduler.alert.plugin.AlertPluginManager:[99] - Success register alert plugin: Script
[INFO] 2025-11-06 18:16:46.064 +0800 org.apache.dolphinscheduler.alert.plugin.AlertPluginManager:[99] - Success register alert plugin: Prometheus AlertManager
[INFO] 2025-11-06 18:16:46.084 +0800 org.apache.dolphinscheduler.alert.plugin.AlertPluginManager:[99] - Success register alert plugin: Telegram
[INFO] 2025-11-06 18:16:46.107 +0800 org.apache.dolphinscheduler.alert.plugin.AlertPluginManager:[99] - Success register alert plugin: WeChat
[INFO] 2025-11-06 18:16:46.125 +0800 org.apache.dolphinscheduler.alert.plugin.AlertPluginManager:[99] - Success register alert plugin: Email
[INFO] 2025-11-06 18:16:46.146 +0800 org.apache.dolphinscheduler.alert.plugin.AlertPluginManager:[99] - Success register alert plugin: AliyunVoice
[INFO] 2025-11-06 18:16:46.155 +0800 org.apache.dolphinscheduler.alert.plugin.AlertPluginManager:[99] - Success register alert plugin: Slack
[INFO] 2025-11-06 18:16:46.167 +0800 org.apache.dolphinscheduler.alert.plugin.AlertPluginManager:[99] - Success register alert plugin: Feishu
[INFO] 2025-11-06 18:16:46.177 +0800 org.apache.dolphinscheduler.alert.plugin.AlertPluginManager:[99] - Success register alert plugin: Http
[INFO] 2025-11-06 18:16:46.188 +0800 org.apache.dolphinscheduler.alert.plugin.AlertPluginManager:[99] - Success register alert plugin: DingTalk
[INFO] 2025-11-06 18:16:46.202 +0800 org.apache.dolphinscheduler.alert.plugin.AlertPluginManager:[99] - Success register alert plugin: WebexTeams
[INFO] 2025-11-06 18:16:46.215 +0800 org.apache.dolphinscheduler.alert.plugin.AlertPluginManager:[99] - Success register alert plugin: PagerDuty
[INFO] 2025-11-06 18:16:46.217 +0800 org.apache.dolphinscheduler.alert.plugin.AlertPluginManager:[60] - AlertPluginManager started...
[INFO] 2025-11-06 18:16:46.300 +0800 org.apache.dolphinscheduler.extract.base.server.NettyRemotingServer:[111] - AlertRpcServer bind success at port: 50052
[INFO] 2025-11-06 18:16:46.301 +0800 org.apache.dolphinscheduler.alert.registry.AlertRegistryClient:[49] - AlertRegistryClient starting...
[INFO] 2025-11-06 18:16:46.315 +0800 org.apache.dolphinscheduler.common.model.BaseHeartBeatTask:[47] - Starting AlertHeartbeatTask...
[INFO] 2025-11-06 18:16:46.316 +0800 org.apache.dolphinscheduler.common.model.BaseHeartBeatTask:[49] - Started AlertHeartbeatTask, heartBeatInterval: 60000...
[INFO] 2025-11-06 18:16:46.316 +0800 org.apache.dolphinscheduler.alert.registry.AlertRegistryClient:[53] - AlertRegistryClient started...
[INFO] 2025-11-06 18:16:46.385 +0800 org.apache.dolphinscheduler.registry.api.ha.DefaultServerStatusChangeListener:[27] - The status is active now.
[INFO] 2025-11-06 18:16:46.386 +0800 org.apache.dolphinscheduler.alert.service.AlertBootstrapService:[48] - AlertBootstrapService starting...
[INFO] 2025-11-06 18:16:46.392 +0800 org.apache.dolphinscheduler.alert.service.AbstractEventFetcher:[58] - AlertEventFetcher starting...
[INFO] 2025-11-06 18:16:46.393 +0800 org.apache.dolphinscheduler.alert.service.AbstractEventFetcher:[60] - AlertEventFetcher started...
[INFO] 2025-11-06 18:16:46.394 +0800 org.apache.dolphinscheduler.alert.service.AbstractEventLoop:[57] - org.apache.dolphinscheduler.alert.service.AlertEventLoop starting...
[INFO] 2025-11-06 18:16:46.395 +0800 org.apache.dolphinscheduler.alert.service.AbstractEventLoop:[59] - org.apache.dolphinscheduler.alert.service.AlertEventLoop started...
[INFO] 2025-11-06 18:16:46.396 +0800 org.apache.dolphinscheduler.alert.service.AlertBootstrapService:[51] - AlertBootstrapService started...
[INFO] 2025-11-06 18:16:46.396 +0800 org.apache.dolphinscheduler.alert.service.AlertHAServer:[40] - AlertHAServer started...
[INFO] 2025-11-06 18:16:46.397 +0800 org.apache.dolphinscheduler.alert.AlertServer:[97] - AlertServer is started ...
[INFO] 2025-11-06 18:16:49.499 +0800 org.apache.dolphinscheduler.common.lifecycle.ServerLifeCycleManager:[88] - The current server status changed from RUNNING to STOPPED
[INFO] 2025-11-06 18:16:49.503 +0800 org.apache.dolphinscheduler.alert.AlertServer:[110] - AlertServer is stopping, cause: AlertServer destroy
[INFO] 2025-11-06 18:16:49.507 +0800 org.apache.dolphinscheduler.alert.service.AlertBootstrapService:[56] - AlertBootstrapService stopping...
[INFO] 2025-11-06 18:16:49.507 +0800 org.apache.dolphinscheduler.alert.service.AlertBootstrapService:[59] - AlertBootstrapService stopped...
[INFO] 2025-11-06 18:16:49.508 +0800 org.apache.dolphinscheduler.alert.service.AlertHAServer:[45] - AlertHAServer shutdown...
[INFO] 2025-11-06 18:16:49.508 +0800 org.apache.dolphinscheduler.alert.registry.AlertRegistryClient:[58] - AlertRegistryClient closing...
[WARN] 2025-11-06 18:16:49.509 +0800 org.apache.dolphinscheduler.common.model.BaseHeartBeatTask:[78] - AlertHeartbeatTask finished...
[INFO] 2025-11-06 18:16:49.509 +0800 org.apache.dolphinscheduler.alert.registry.AlertRegistryClient:[60] - AlertRegistryClient closed...
[INFO] 2025-11-06 18:16:49.510 +0800 org.apache.dolphinscheduler.extract.base.server.NettyRemotingServer:[149] - AlertRpcServer closing
[INFO] 2025-11-06 18:16:49.511 +0800 org.apache.dolphinscheduler.extract.base.server.NettyRemotingServer:[153] - AlertRpcServer stop bind at port: 50052
[INFO] 2025-11-06 18:16:49.523 +0800 org.apache.dolphinscheduler.extract.base.server.NettyRemotingServer:[167] - AlertRpcServer closed
[INFO] 2025-11-06 18:16:52.526 +0800 org.apache.dolphinscheduler.alert.AlertServer:[119] - AlertServer stopped, cause: AlertServer destroy
[INFO] 2025-11-06 18:16:52.528 +0800 org.apache.dolphinscheduler.alert.service.AlertBootstrapService:[56] - AlertBootstrapService stopping...
[WARN] 2025-11-06 18:16:52.529 +0800 org.apache.dolphinscheduler.alert.service.AbstractEventFetcher:[96] - The AlertEventFetcher is not started
[WARN] 2025-11-06 18:16:52.531 +0800 org.apache.dolphinscheduler.alert.service.AbstractEventLoop:[98] - org.apache.dolphinscheduler.alert.service.AlertEventLoop is not started
[INFO] 2025-11-06 18:16:52.531 +0800 org.apache.dolphinscheduler.alert.service.AlertBootstrapService:[59] - AlertBootstrapService stopped...
[INFO] 2025-11-06 18:16:52.532 +0800 org.apache.dolphinscheduler.alert.registry.AlertRegistryClient:[58] - AlertRegistryClient closing...
[WARN] 2025-11-06 18:16:52.533 +0800 org.apache.dolphinscheduler.common.model.BaseHeartBeatTask:[78] - AlertHeartbeatTask finished...
[INFO] 2025-11-06 18:16:52.535 +0800 org.apache.dolphinscheduler.alert.registry.AlertRegistryClient:[60] - AlertRegistryClient closed...
[INFO] 2025-11-06 18:16:52.536 +0800 org.apache.dolphinscheduler.alert.service.AlertHAServer:[45] - AlertHAServer shutdown...
[WARN] 2025-11-06 18:16:52.557 +0800 org.apache.zookeeper.ClientCnxn:[1286] - An exception was thrown while closing send thread for session 0x100057c0eca0003.
org.apache.zookeeper.ClientCnxn$EndOfStreamException: Unable to read additional data from server sessionid 0x100057c0eca0003, likely server has closed socket
	at org.apache.zookeeper.ClientCnxnSocketNIO.doIO(ClientCnxnSocketNIO.java:77)
	at org.apache.zookeeper.ClientCnxnSocketNIO.doTransport(ClientCnxnSocketNIO.java:350)
	at org.apache.zookeeper.ClientCnxn$SendThread.run(ClientCnxn.java:1282)
[INFO] 2025-11-06 18:16:52.664 +0800 com.zaxxer.hikari.HikariDataSource:[350] - HikariPool-1 - Shutdown initiated...
[INFO] 2025-11-06 18:16:52.698 +0800 com.zaxxer.hikari.HikariDataSource:[352] - HikariPool-1 - Shutdown completed.
[INFO] 2025-11-06 18:23:49.620 +0800 org.apache.dolphinscheduler.common.utils.NetUtils:[312] - Get all NetworkInterfaces: [name:eth0 (eth0), name:lo (lo)]
[INFO] 2025-11-06 18:23:49.696 +0800 org.apache.dolphinscheduler.alert.config.AlertConfig:[75] - Alert config: port -> 50052
[INFO] 2025-11-06 18:23:49.728 +0800 org.apache.dolphinscheduler.alert.config.AlertConfig:[76] - Alert config: alertServerAddress -> 172.28.0.6:50052
[INFO] 2025-11-06 18:23:49.729 +0800 org.apache.dolphinscheduler.alert.config.AlertConfig:[77] - Alert config: maxHeartbeatInterval -> PT1M
[INFO] 2025-11-06 18:23:50.769 +0800 com.zaxxer.hikari.HikariDataSource:[110] - HikariPool-1 - Starting...
[INFO] 2025-11-06 18:23:51.040 +0800 com.zaxxer.hikari.HikariDataSource:[123] - HikariPool-1 - Start completed.
[INFO] 2025-11-06 18:23:55.574 +0800 org.apache.dolphinscheduler.plugin.registry.zookeeper.ZookeeperRegistryAutoConfiguration:[37] - Load ZookeeperRegistryAutoConfiguration
[INFO] 2025-11-06 18:23:55.667 +0800 org.apache.dolphinscheduler.plugin.registry.zookeeper.ZookeeperRegistryProperties:[96] - 
****************************ZookeeperRegistryProperties**************************************
  namespace -> dolphinscheduler
  connectString -> zookeeper:2181
  retryPolicy -> ZookeeperRegistryProperties.ZookeeperProperties.RetryPolicy(baseSleepTime=PT0.1S, maxRetries=3, maxSleep=PT1S)
  digest -> 
  sessionTimeout -> PT1M
  connectionTimeout -> PT30S
  blockUntilConnected -> PT30S
****************************ZookeeperRegistryProperties**************************************
[INFO] 2025-11-06 18:23:56.380 +0800 org.apache.dolphinscheduler.plugin.registry.zookeeper.ZookeeperRegistry:[113] - ZookeeperRegistry started at: 307/ms
[ERROR] 2025-11-06 18:23:56.553 +0800 org.apache.dolphinscheduler.registry.api.RegistryClient:[254] - Failed to clean the failoverFinishedNode: 172.28.0.6:5678-unknown-unknown
org.apache.dolphinscheduler.registry.api.RegistryException: zookeeper get data error
	at org.apache.dolphinscheduler.plugin.registry.zookeeper.ZookeeperRegistry.get(ZookeeperRegistry.java:158)
	at org.apache.dolphinscheduler.registry.api.RegistryClient.cleanHistoryFailoverFinishedNodes(RegistryClient.java:246)
	at org.apache.dolphinscheduler.registry.api.RegistryClient.<init>(RegistryClient.java:74)
	at org.apache.dolphinscheduler.registry.api.RegistryConfiguration.registryClient(RegistryConfiguration.java:30)
	at org.apache.dolphinscheduler.registry.api.RegistryConfiguration$$EnhancerBySpringCGLIB$$c6d8fc2.CGLIB$registryClient$0(<generated>)
	at org.apache.dolphinscheduler.registry.api.RegistryConfiguration$$EnhancerBySpringCGLIB$$c6d8fc2$$FastClassBySpringCGLIB$$24dd9e84.invoke(<generated>)
	at org.springframework.cglib.proxy.MethodProxy.invokeSuper(MethodProxy.java:244)
	at org.springframework.context.annotation.ConfigurationClassEnhancer$BeanMethodInterceptor.intercept(ConfigurationClassEnhancer.java:331)
	at org.apache.dolphinscheduler.registry.api.RegistryConfiguration$$EnhancerBySpringCGLIB$$c6d8fc2.registryClient(<generated>)
	at sun.reflect.NativeMethodAccessorImpl.invoke0(Native Method)
	at sun.reflect.NativeMethodAccessorImpl.invoke(NativeMethodAccessorImpl.java:62)
	at sun.reflect.DelegatingMethodAccessorImpl.invoke(DelegatingMethodAccessorImpl.java:43)
	at java.lang.reflect.Method.invoke(Method.java:498)
	at org.springframework.beans.factory.support.SimpleInstantiationStrategy.instantiate(SimpleInstantiationStrategy.java:154)
	at org.springframework.beans.factory.support.ConstructorResolver.instantiate(ConstructorResolver.java:653)
	at org.springframework.beans.factory.support.ConstructorResolver.instantiateUsingFactoryMethod(ConstructorResolver.java:638)
	at org.springframework.beans.factory.support.AbstractAutowireCapableBeanFactory.instantiateUsingFactoryMethod(AbstractAutowireCapableBeanFactory.java:1352)
	at org.springframework.beans.factory.support.AbstractAutowireCapableBeanFactory.createBeanInstance(AbstractAutowireCapableBeanFactory.java:1195)
	at org.springframework.beans.factory.support.AbstractAutowireCapableBeanFactory.doCreateBean(AbstractAutowireCapableBeanFactory.java:582)
	at org.springframework.beans.factory.support.AbstractAutowireCapableBeanFactory.createBean(AbstractAutowireCapableBeanFactory.java:542)
	at org.springframework.beans.factory.support.AbstractBeanFactory.lambda$doGetBean$0(AbstractBeanFactory.java:335)
	at org.springframework.beans.factory.support.DefaultSingletonBeanRegistry.getSingleton(DefaultSingletonBeanRegistry.java:234)
	at org.springframework.beans.factory.support.AbstractBeanFactory.doGetBean(AbstractBeanFactory.java:333)
	at org.springframework.beans.factory.support.AbstractBeanFactory.getBean(AbstractBeanFactory.java:208)
	at org.springframework.beans.factory.config.DependencyDescriptor.resolveCandidate(DependencyDescriptor.java:276)
	at org.springframework.beans.factory.support.DefaultListableBeanFactory.doResolveDependency(DefaultListableBeanFactory.java:1391)
	at org.springframework.beans.factory.support.DefaultListableBeanFactory.resolveDependency(DefaultListableBeanFactory.java:1311)
	at org.springframework.beans.factory.annotation.AutowiredAnnotationBeanPostProcessor$AutowiredFieldElement.resolveFieldValue(AutowiredAnnotationBeanPostProcessor.java:656)
	at org.springframework.beans.factory.annotation.AutowiredAnnotationBeanPostProcessor$AutowiredFieldElement.inject(AutowiredAnnotationBeanPostProcessor.java:639)
	at org.springframework.beans.factory.annotation.InjectionMetadata.inject(InjectionMetadata.java:119)
	at org.springframework.beans.factory.annotation.AutowiredAnnotationBeanPostProcessor.postProcessProperties(AutowiredAnnotationBeanPostProcessor.java:399)
	at org.springframework.beans.factory.support.AbstractAutowireCapableBeanFactory.populateBean(AbstractAutowireCapableBeanFactory.java:1431)
	at org.springframework.beans.factory.support.AbstractAutowireCapableBeanFactory.doCreateBean(AbstractAutowireCapableBeanFactory.java:619)
	at org.springframework.beans.factory.support.AbstractAutowireCapableBeanFactory.createBean(AbstractAutowireCapableBeanFactory.java:542)
	at org.springframework.beans.factory.support.AbstractBeanFactory.lambda$doGetBean$0(AbstractBeanFactory.java:335)
	at org.springframework.beans.factory.support.DefaultSingletonBeanRegistry.getSingleton(DefaultSingletonBeanRegistry.java:234)
	at org.springframework.beans.factory.support.AbstractBeanFactory.doGetBean(AbstractBeanFactory.java:333)
	at org.springframework.beans.factory.support.AbstractBeanFactory.getBean(AbstractBeanFactory.java:208)
	at org.springframework.beans.factory.config.DependencyDescriptor.resolveCandidate(DependencyDescriptor.java:276)
	at org.springframework.beans.factory.support.DefaultListableBeanFactory.doResolveDependency(DefaultListableBeanFactory.java:1391)
	at org.springframework.beans.factory.support.DefaultListableBeanFactory.resolveDependency(DefaultListableBeanFactory.java:1311)
	at org.springframework.beans.factory.annotation.AutowiredAnnotationBeanPostProcessor$AutowiredFieldElement.resolveFieldValue(AutowiredAnnotationBeanPostProcessor.java:656)
	at org.springframework.beans.factory.annotation.AutowiredAnnotationBeanPostProcessor$AutowiredFieldElement.inject(AutowiredAnnotationBeanPostProcessor.java:639)
	at org.springframework.beans.factory.annotation.InjectionMetadata.inject(InjectionMetadata.java:119)
	at org.springframework.beans.factory.annotation.AutowiredAnnotationBeanPostProcessor.postProcessProperties(AutowiredAnnotationBeanPostProcessor.java:399)
	at org.springframework.beans.factory.support.AbstractAutowireCapableBeanFactory.populateBean(AbstractAutowireCapableBeanFactory.java:1431)
	at org.springframework.beans.factory.support.AbstractAutowireCapableBeanFactory.doCreateBean(AbstractAutowireCapableBeanFactory.java:619)
	at org.springframework.beans.factory.support.AbstractAutowireCapableBeanFactory.createBean(AbstractAutowireCapableBeanFactory.java:542)
	at org.springframework.beans.factory.support.AbstractBeanFactory.lambda$doGetBean$0(AbstractBeanFactory.java:335)
	at org.springframework.beans.factory.support.DefaultSingletonBeanRegistry.getSingleton(DefaultSingletonBeanRegistry.java:234)
	at org.springframework.beans.factory.support.AbstractBeanFactory.doGetBean(AbstractBeanFactory.java:333)
	at org.springframework.beans.factory.support.AbstractBeanFactory.getBean(AbstractBeanFactory.java:208)
	at org.springframework.beans.factory.support.DefaultListableBeanFactory.preInstantiateSingletons(DefaultListableBeanFactory.java:955)
	at org.springframework.context.support.AbstractApplicationContext.finishBeanFactoryInitialization(AbstractApplicationContext.java:918)
	at org.springframework.context.support.AbstractApplicationContext.refresh(AbstractApplicationContext.java:583)
	at org.springframework.boot.SpringApplication.refresh(SpringApplication.java:734)
	at org.springframework.boot.SpringApplication.refreshContext(SpringApplication.java:408)
	at org.springframework.boot.SpringApplication.run(SpringApplication.java:308)
	at org.springframework.boot.SpringApplication.run(SpringApplication.java:1306)
	at org.springframework.boot.SpringApplication.run(SpringApplication.java:1295)
	at org.apache.dolphinscheduler.alert.AlertServer.main(AlertServer.java:71)
Caused by: java.lang.IllegalArgumentException: Path must start with / character
	at org.apache.curator.utils.PathUtils.validatePath(PathUtils.java:55)
	at org.apache.curator.utils.PathUtils.validatePath(PathUtils.java:38)
	at org.apache.curator.utils.ZKPaths.fixForNamespace(ZKPaths.java:107)
	at org.apache.curator.framework.imps.NamespaceImpl.fixForNamespace(NamespaceImpl.java:105)
	at org.apache.curator.framework.imps.CuratorFrameworkImpl.fixForNamespace(CuratorFrameworkImpl.java:753)
	at org.apache.curator.framework.imps.GetDataBuilderImpl.forPath(GetDataBuilderImpl.java:296)
	at org.apache.curator.framework.imps.GetDataBuilderImpl.forPath(GetDataBuilderImpl.java:36)
	at org.apache.dolphinscheduler.plugin.registry.zookeeper.ZookeeperRegistry.get(ZookeeperRegistry.java:156)
	... 60 common frames omitted
[INFO] 2025-11-06 18:23:58.162 +0800 org.apache.dolphinscheduler.alert.AlertServer:[77] - AlertServer is staring ...
[INFO] 2025-11-06 18:23:58.164 +0800 org.apache.dolphinscheduler.alert.plugin.AlertPluginManager:[57] - AlertPluginManager start...
[INFO] 2025-11-06 18:23:58.471 +0800 org.apache.dolphinscheduler.common.constants.SystemConstants:[30] - init timezone: sun.util.calendar.ZoneInfo[id="Asia/Shanghai",offset=28800000,dstSavings=0,useDaylight=false,transitions=31,lastRule=null]
[INFO] 2025-11-06 18:23:58.757 +0800 org.apache.dolphinscheduler.alert.plugin.AlertPluginManager:[99] - Success register alert plugin: Script
[INFO] 2025-11-06 18:23:58.845 +0800 org.apache.dolphinscheduler.alert.plugin.AlertPluginManager:[99] - Success register alert plugin: Prometheus AlertManager
[INFO] 2025-11-06 18:23:58.954 +0800 org.apache.dolphinscheduler.alert.plugin.AlertPluginManager:[99] - Success register alert plugin: Telegram
[INFO] 2025-11-06 18:23:59.031 +0800 org.apache.dolphinscheduler.alert.plugin.AlertPluginManager:[99] - Success register alert plugin: WeChat
[INFO] 2025-11-06 18:23:59.051 +0800 org.apache.dolphinscheduler.alert.plugin.AlertPluginManager:[99] - Success register alert plugin: Email
[INFO] 2025-11-06 18:23:59.134 +0800 org.apache.dolphinscheduler.alert.plugin.AlertPluginManager:[99] - Success register alert plugin: AliyunVoice
[INFO] 2025-11-06 18:23:59.139 +0800 org.apache.dolphinscheduler.alert.plugin.AlertPluginManager:[99] - Success register alert plugin: Slack
[INFO] 2025-11-06 18:23:59.151 +0800 org.apache.dolphinscheduler.alert.plugin.AlertPluginManager:[99] - Success register alert plugin: Feishu
[INFO] 2025-11-06 18:23:59.235 +0800 org.apache.dolphinscheduler.alert.plugin.AlertPluginManager:[99] - Success register alert plugin: Http
[INFO] 2025-11-06 18:23:59.245 +0800 org.apache.dolphinscheduler.alert.plugin.AlertPluginManager:[99] - Success register alert plugin: DingTalk
[INFO] 2025-11-06 18:23:59.267 +0800 org.apache.dolphinscheduler.alert.plugin.AlertPluginManager:[99] - Success register alert plugin: WebexTeams
[INFO] 2025-11-06 18:23:59.271 +0800 org.apache.dolphinscheduler.alert.plugin.AlertPluginManager:[99] - Success register alert plugin: PagerDuty
[INFO] 2025-11-06 18:23:59.273 +0800 org.apache.dolphinscheduler.alert.plugin.AlertPluginManager:[60] - AlertPluginManager started...
[INFO] 2025-11-06 18:23:59.863 +0800 org.apache.dolphinscheduler.extract.base.server.NettyRemotingServer:[111] - AlertRpcServer bind success at port: 50052
[INFO] 2025-11-06 18:23:59.864 +0800 org.apache.dolphinscheduler.alert.registry.AlertRegistryClient:[49] - AlertRegistryClient starting...
[INFO] 2025-11-06 18:23:59.938 +0800 org.apache.dolphinscheduler.common.model.BaseHeartBeatTask:[47] - Starting AlertHeartbeatTask...
[INFO] 2025-11-06 18:23:59.941 +0800 org.apache.dolphinscheduler.common.model.BaseHeartBeatTask:[49] - Started AlertHeartbeatTask, heartBeatInterval: 60000...
[INFO] 2025-11-06 18:23:59.945 +0800 org.apache.dolphinscheduler.alert.registry.AlertRegistryClient:[53] - AlertRegistryClient started...
[INFO] 2025-11-06 18:24:00.363 +0800 org.apache.dolphinscheduler.registry.api.ha.DefaultServerStatusChangeListener:[27] - The status is active now.
[INFO] 2025-11-06 18:24:00.366 +0800 org.apache.dolphinscheduler.alert.service.AlertBootstrapService:[48] - AlertBootstrapService starting...
[INFO] 2025-11-06 18:24:00.430 +0800 org.apache.dolphinscheduler.alert.service.AbstractEventFetcher:[58] - AlertEventFetcher starting...
[INFO] 2025-11-06 18:24:00.444 +0800 org.apache.dolphinscheduler.alert.service.AbstractEventFetcher:[60] - AlertEventFetcher started...
[INFO] 2025-11-06 18:24:00.449 +0800 org.apache.dolphinscheduler.alert.service.AbstractEventLoop:[57] - org.apache.dolphinscheduler.alert.service.AlertEventLoop starting...
[INFO] 2025-11-06 18:24:00.453 +0800 org.apache.dolphinscheduler.alert.service.AbstractEventLoop:[59] - org.apache.dolphinscheduler.alert.service.AlertEventLoop started...
[INFO] 2025-11-06 18:24:00.458 +0800 org.apache.dolphinscheduler.alert.service.AlertBootstrapService:[51] - AlertBootstrapService started...
[INFO] 2025-11-06 18:24:00.459 +0800 org.apache.dolphinscheduler.alert.service.AlertHAServer:[40] - AlertHAServer started...
[INFO] 2025-11-06 18:24:00.460 +0800 org.apache.dolphinscheduler.alert.AlertServer:[97] - AlertServer is started ...
[INFO] 2025-11-06 18:24:09.048 +0800 org.apache.dolphinscheduler.common.lifecycle.ServerLifeCycleManager:[88] - The current server status changed from RUNNING to STOPPED
[INFO] 2025-11-06 18:24:09.051 +0800 org.apache.dolphinscheduler.alert.AlertServer:[110] - AlertServer is stopping, cause: AlertServer destroy
[INFO] 2025-11-06 18:24:09.052 +0800 org.apache.dolphinscheduler.alert.service.AlertBootstrapService:[56] - AlertBootstrapService stopping...
[INFO] 2025-11-06 18:24:09.053 +0800 org.apache.dolphinscheduler.alert.service.AlertBootstrapService:[59] - AlertBootstrapService stopped...
[INFO] 2025-11-06 18:24:09.055 +0800 org.apache.dolphinscheduler.alert.service.AlertHAServer:[45] - AlertHAServer shutdown...
[INFO] 2025-11-06 18:24:09.055 +0800 org.apache.dolphinscheduler.alert.registry.AlertRegistryClient:[58] - AlertRegistryClient closing...
[WARN] 2025-11-06 18:24:09.056 +0800 org.apache.dolphinscheduler.common.model.BaseHeartBeatTask:[78] - AlertHeartbeatTask finished...
[INFO] 2025-11-06 18:24:09.056 +0800 org.apache.dolphinscheduler.alert.registry.AlertRegistryClient:[60] - AlertRegistryClient closed...
[INFO] 2025-11-06 18:24:09.057 +0800 org.apache.dolphinscheduler.extract.base.server.NettyRemotingServer:[149] - AlertRpcServer closing
[INFO] 2025-11-06 18:24:09.059 +0800 org.apache.dolphinscheduler.extract.base.server.NettyRemotingServer:[153] - AlertRpcServer stop bind at port: 50052
[INFO] 2025-11-06 18:24:09.070 +0800 org.apache.dolphinscheduler.extract.base.server.NettyRemotingServer:[167] - AlertRpcServer closed
[INFO] 2025-11-06 18:24:12.073 +0800 org.apache.dolphinscheduler.alert.AlertServer:[119] - AlertServer stopped, cause: AlertServer destroy
[INFO] 2025-11-06 18:24:12.077 +0800 org.apache.dolphinscheduler.alert.service.AlertBootstrapService:[56] - AlertBootstrapService stopping...
[WARN] 2025-11-06 18:24:12.078 +0800 org.apache.dolphinscheduler.alert.service.AbstractEventFetcher:[96] - The AlertEventFetcher is not started
[WARN] 2025-11-06 18:24:12.079 +0800 org.apache.dolphinscheduler.alert.service.AbstractEventLoop:[98] - org.apache.dolphinscheduler.alert.service.AlertEventLoop is not started
[INFO] 2025-11-06 18:24:12.079 +0800 org.apache.dolphinscheduler.alert.service.AlertBootstrapService:[59] - AlertBootstrapService stopped...
[INFO] 2025-11-06 18:24:12.081 +0800 org.apache.dolphinscheduler.alert.registry.AlertRegistryClient:[58] - AlertRegistryClient closing...
[WARN] 2025-11-06 18:24:12.081 +0800 org.apache.dolphinscheduler.common.model.BaseHeartBeatTask:[78] - AlertHeartbeatTask finished...
[INFO] 2025-11-06 18:24:12.081 +0800 org.apache.dolphinscheduler.alert.registry.AlertRegistryClient:[60] - AlertRegistryClient closed...
[INFO] 2025-11-06 18:24:12.082 +0800 org.apache.dolphinscheduler.alert.service.AlertHAServer:[45] - AlertHAServer shutdown...
[WARN] 2025-11-06 18:24:12.094 +0800 org.apache.zookeeper.ClientCnxn:[1286] - An exception was thrown while closing send thread for session 0x10005837e720003.
org.apache.zookeeper.ClientCnxn$EndOfStreamException: Unable to read additional data from server sessionid 0x10005837e720003, likely server has closed socket
	at org.apache.zookeeper.ClientCnxnSocketNIO.doIO(ClientCnxnSocketNIO.java:77)
	at org.apache.zookeeper.ClientCnxnSocketNIO.doTransport(ClientCnxnSocketNIO.java:350)
	at org.apache.zookeeper.ClientCnxn$SendThread.run(ClientCnxn.java:1282)
[INFO] 2025-11-06 18:24:12.199 +0800 com.zaxxer.hikari.HikariDataSource:[350] - HikariPool-1 - Shutdown initiated...
[INFO] 2025-11-06 18:24:12.210 +0800 com.zaxxer.hikari.HikariDataSource:[352] - HikariPool-1 - Shutdown completed.
[INFO] 2025-11-06 18:46:47.315 +0800 org.apache.dolphinscheduler.common.utils.NetUtils:[312] - Get all NetworkInterfaces: [name:eth0 (eth0), name:lo (lo)]
[INFO] 2025-11-06 18:46:47.446 +0800 org.apache.dolphinscheduler.alert.config.AlertConfig:[75] - Alert config: port -> 50052
[INFO] 2025-11-06 18:46:47.447 +0800 org.apache.dolphinscheduler.alert.config.AlertConfig:[76] - Alert config: alertServerAddress -> 172.28.0.6:50052
[INFO] 2025-11-06 18:46:47.451 +0800 org.apache.dolphinscheduler.alert.config.AlertConfig:[77] - Alert config: maxHeartbeatInterval -> PT1M
[INFO] 2025-11-06 18:46:49.399 +0800 com.zaxxer.hikari.HikariDataSource:[110] - HikariPool-1 - Starting...
[INFO] 2025-11-06 18:46:50.046 +0800 com.zaxxer.hikari.HikariDataSource:[123] - HikariPool-1 - Start completed.
[INFO] 2025-11-06 18:46:55.120 +0800 org.apache.dolphinscheduler.plugin.registry.zookeeper.ZookeeperRegistryAutoConfiguration:[37] - Load ZookeeperRegistryAutoConfiguration
[INFO] 2025-11-06 18:46:55.157 +0800 org.apache.dolphinscheduler.plugin.registry.zookeeper.ZookeeperRegistryProperties:[96] - 
****************************ZookeeperRegistryProperties**************************************
  namespace -> dolphinscheduler
  connectString -> zookeeper:2181
  retryPolicy -> ZookeeperRegistryProperties.ZookeeperProperties.RetryPolicy(baseSleepTime=PT0.1S, maxRetries=3, maxSleep=PT1S)
  digest -> 
  sessionTimeout -> PT1M
  connectionTimeout -> PT30S
  blockUntilConnected -> PT30S
****************************ZookeeperRegistryProperties**************************************
[INFO] 2025-11-06 18:46:55.643 +0800 org.apache.dolphinscheduler.plugin.registry.zookeeper.ZookeeperRegistry:[113] - ZookeeperRegistry started at: 195/ms
[INFO] 2025-11-06 18:46:56.346 +0800 org.apache.dolphinscheduler.alert.AlertServer:[77] - AlertServer is staring ...
[INFO] 2025-11-06 18:46:56.348 +0800 org.apache.dolphinscheduler.alert.plugin.AlertPluginManager:[57] - AlertPluginManager start...
[INFO] 2025-11-06 18:46:56.553 +0800 org.apache.dolphinscheduler.common.constants.SystemConstants:[30] - init timezone: sun.util.calendar.ZoneInfo[id="Asia/Shanghai",offset=28800000,dstSavings=0,useDaylight=false,transitions=31,lastRule=null]
[INFO] 2025-11-06 18:46:56.689 +0800 org.apache.dolphinscheduler.alert.plugin.AlertPluginManager:[99] - Success register alert plugin: Script
[INFO] 2025-11-06 18:46:56.701 +0800 org.apache.dolphinscheduler.alert.plugin.AlertPluginManager:[99] - Success register alert plugin: Prometheus AlertManager
[INFO] 2025-11-06 18:46:56.720 +0800 org.apache.dolphinscheduler.alert.plugin.AlertPluginManager:[99] - Success register alert plugin: Telegram
[INFO] 2025-11-06 18:46:56.734 +0800 org.apache.dolphinscheduler.alert.plugin.AlertPluginManager:[99] - Success register alert plugin: WeChat
[INFO] 2025-11-06 18:46:56.753 +0800 org.apache.dolphinscheduler.alert.plugin.AlertPluginManager:[99] - Success register alert plugin: Email
[INFO] 2025-11-06 18:46:56.772 +0800 org.apache.dolphinscheduler.alert.plugin.AlertPluginManager:[99] - Success register alert plugin: AliyunVoice
[INFO] 2025-11-06 18:46:56.780 +0800 org.apache.dolphinscheduler.alert.plugin.AlertPluginManager:[99] - Success register alert plugin: Slack
[INFO] 2025-11-06 18:46:56.791 +0800 org.apache.dolphinscheduler.alert.plugin.AlertPluginManager:[99] - Success register alert plugin: Feishu
[INFO] 2025-11-06 18:46:56.803 +0800 org.apache.dolphinscheduler.alert.plugin.AlertPluginManager:[99] - Success register alert plugin: Http
[INFO] 2025-11-06 18:46:56.813 +0800 org.apache.dolphinscheduler.alert.plugin.AlertPluginManager:[99] - Success register alert plugin: DingTalk
[INFO] 2025-11-06 18:46:56.829 +0800 org.apache.dolphinscheduler.alert.plugin.AlertPluginManager:[99] - Success register alert plugin: WebexTeams
[INFO] 2025-11-06 18:46:56.838 +0800 org.apache.dolphinscheduler.alert.plugin.AlertPluginManager:[99] - Success register alert plugin: PagerDuty
[INFO] 2025-11-06 18:46:56.839 +0800 org.apache.dolphinscheduler.alert.plugin.AlertPluginManager:[60] - AlertPluginManager started...
[INFO] 2025-11-06 18:46:56.936 +0800 org.apache.dolphinscheduler.extract.base.server.NettyRemotingServer:[111] - AlertRpcServer bind success at port: 50052
[INFO] 2025-11-06 18:46:56.936 +0800 org.apache.dolphinscheduler.alert.registry.AlertRegistryClient:[49] - AlertRegistryClient starting...
[INFO] 2025-11-06 18:46:56.951 +0800 org.apache.dolphinscheduler.common.model.BaseHeartBeatTask:[47] - Starting AlertHeartbeatTask...
[INFO] 2025-11-06 18:46:56.951 +0800 org.apache.dolphinscheduler.common.model.BaseHeartBeatTask:[49] - Started AlertHeartbeatTask, heartBeatInterval: 60000...
[INFO] 2025-11-06 18:46:56.952 +0800 org.apache.dolphinscheduler.alert.registry.AlertRegistryClient:[53] - AlertRegistryClient started...
[INFO] 2025-11-06 18:46:57.015 +0800 org.apache.dolphinscheduler.registry.api.ha.DefaultServerStatusChangeListener:[27] - The status is active now.
[INFO] 2025-11-06 18:46:57.016 +0800 org.apache.dolphinscheduler.alert.service.AlertBootstrapService:[48] - AlertBootstrapService starting...
[INFO] 2025-11-06 18:46:57.027 +0800 org.apache.dolphinscheduler.alert.service.AbstractEventFetcher:[58] - AlertEventFetcher starting...
[INFO] 2025-11-06 18:46:57.028 +0800 org.apache.dolphinscheduler.alert.service.AbstractEventFetcher:[60] - AlertEventFetcher started...
[INFO] 2025-11-06 18:46:57.028 +0800 org.apache.dolphinscheduler.alert.service.AbstractEventLoop:[57] - org.apache.dolphinscheduler.alert.service.AlertEventLoop starting...
[INFO] 2025-11-06 18:46:57.029 +0800 org.apache.dolphinscheduler.alert.service.AbstractEventLoop:[59] - org.apache.dolphinscheduler.alert.service.AlertEventLoop started...
[INFO] 2025-11-06 18:46:57.031 +0800 org.apache.dolphinscheduler.alert.service.AlertBootstrapService:[51] - AlertBootstrapService started...
[INFO] 2025-11-06 18:46:57.032 +0800 org.apache.dolphinscheduler.alert.service.AlertHAServer:[40] - AlertHAServer started...
[INFO] 2025-11-06 18:46:57.033 +0800 org.apache.dolphinscheduler.alert.AlertServer:[97] - AlertServer is started ...
[INFO] 2025-11-06 18:46:59.422 +0800 org.apache.dolphinscheduler.common.lifecycle.ServerLifeCycleManager:[88] - The current server status changed from RUNNING to STOPPED
[INFO] 2025-11-06 18:46:59.425 +0800 org.apache.dolphinscheduler.alert.AlertServer:[110] - AlertServer is stopping, cause: AlertServer destroy
[INFO] 2025-11-06 18:46:59.425 +0800 org.apache.dolphinscheduler.alert.service.AlertBootstrapService:[56] - AlertBootstrapService stopping...
[INFO] 2025-11-06 18:46:59.426 +0800 org.apache.dolphinscheduler.alert.service.AlertBootstrapService:[59] - AlertBootstrapService stopped...
[INFO] 2025-11-06 18:46:59.427 +0800 org.apache.dolphinscheduler.alert.service.AlertHAServer:[45] - AlertHAServer shutdown...
[INFO] 2025-11-06 18:46:59.428 +0800 org.apache.dolphinscheduler.alert.registry.AlertRegistryClient:[58] - AlertRegistryClient closing...
[WARN] 2025-11-06 18:46:59.429 +0800 org.apache.dolphinscheduler.common.model.BaseHeartBeatTask:[78] - AlertHeartbeatTask finished...
[INFO] 2025-11-06 18:46:59.429 +0800 org.apache.dolphinscheduler.alert.registry.AlertRegistryClient:[60] - AlertRegistryClient closed...
[INFO] 2025-11-06 18:46:59.430 +0800 org.apache.dolphinscheduler.extract.base.server.NettyRemotingServer:[149] - AlertRpcServer closing
[INFO] 2025-11-06 18:46:59.432 +0800 org.apache.dolphinscheduler.extract.base.server.NettyRemotingServer:[153] - AlertRpcServer stop bind at port: 50052
[INFO] 2025-11-06 18:46:59.443 +0800 org.apache.dolphinscheduler.extract.base.server.NettyRemotingServer:[167] - AlertRpcServer closed
[INFO] 2025-11-06 18:47:02.446 +0800 org.apache.dolphinscheduler.alert.AlertServer:[119] - AlertServer stopped, cause: AlertServer destroy
[INFO] 2025-11-06 18:47:02.447 +0800 org.apache.dolphinscheduler.alert.service.AlertBootstrapService:[56] - AlertBootstrapService stopping...
[WARN] 2025-11-06 18:47:02.449 +0800 org.apache.dolphinscheduler.alert.service.AbstractEventFetcher:[96] - The AlertEventFetcher is not started
[WARN] 2025-11-06 18:47:02.450 +0800 org.apache.dolphinscheduler.alert.service.AbstractEventLoop:[98] - org.apache.dolphinscheduler.alert.service.AlertEventLoop is not started
[INFO] 2025-11-06 18:47:02.451 +0800 org.apache.dolphinscheduler.alert.service.AlertBootstrapService:[59] - AlertBootstrapService stopped...
[INFO] 2025-11-06 18:47:02.451 +0800 org.apache.dolphinscheduler.alert.registry.AlertRegistryClient:[58] - AlertRegistryClient closing...
[WARN] 2025-11-06 18:47:02.453 +0800 org.apache.dolphinscheduler.common.model.BaseHeartBeatTask:[78] - AlertHeartbeatTask finished...
[INFO] 2025-11-06 18:47:02.454 +0800 org.apache.dolphinscheduler.alert.registry.AlertRegistryClient:[60] - AlertRegistryClient closed...
[INFO] 2025-11-06 18:47:02.455 +0800 org.apache.dolphinscheduler.alert.service.AlertHAServer:[45] - AlertHAServer shutdown...
[WARN] 2025-11-06 18:47:02.493 +0800 org.apache.zookeeper.ClientCnxn:[1286] - An exception was thrown while closing send thread for session 0x100058dcccf0003.
org.apache.zookeeper.ClientCnxn$EndOfStreamException: Unable to read additional data from server sessionid 0x100058dcccf0003, likely server has closed socket
	at org.apache.zookeeper.ClientCnxnSocketNIO.doIO(ClientCnxnSocketNIO.java:77)
	at org.apache.zookeeper.ClientCnxnSocketNIO.doTransport(ClientCnxnSocketNIO.java:350)
	at org.apache.zookeeper.ClientCnxn$SendThread.run(ClientCnxn.java:1282)
[INFO] 2025-11-06 18:47:02.600 +0800 com.zaxxer.hikari.HikariDataSource:[350] - HikariPool-1 - Shutdown initiated...
[INFO] 2025-11-06 18:47:02.617 +0800 com.zaxxer.hikari.HikariDataSource:[352] - HikariPool-1 - Shutdown completed.
