[WARN] 2025-11-06 11:05:20.361 +0800 o.s.cloud.kubernetes.commons.profile.AbstractKubernetesProfileEnvironmentPostProcessor:[258] - Not running inside kubernetes. Skipping 'kubernetes' profile activation.
[WARN] 2025-11-06 11:05:20.804 +0800 o.s.cloud.kubernetes.commons.profile.AbstractKubernetesProfileEnvironmentPostProcessor:[258] - Not running inside kubernetes. Skipping 'kubernetes' profile activation.
[INFO] 2025-11-06 11:05:20.806 +0800 org.apache.dolphinscheduler.alert.AlertServer:[640] - The following 1 profile is active: "mysql"
[INFO] 2025-11-06 11:05:22.165 +0800 org.springframework.cloud.context.scope.GenericScope:[283] - BeanFactory id=1ace0ad1-9f10-3f83-85be-b03cc5072c1a
[INFO] 2025-11-06 11:05:22.617 +0800 org.springframework.context.support.PostProcessorRegistrationDelegate$BeanPostProcessorChecker:[376] - Bean 'org.springframework.cloud.commons.config.CommonsConfigAutoConfiguration' of type [org.springframework.cloud.commons.config.CommonsConfigAutoConfiguration] is not eligible for getting processed by all BeanPostProcessors (for example: not eligible for auto-proxying)
[INFO] 2025-11-06 11:05:22.623 +0800 org.springframework.context.support.PostProcessorRegistrationDelegate$BeanPostProcessorChecker:[376] - Bean 'org.springframework.cloud.client.loadbalancer.LoadBalancerDefaultMappingsProviderAutoConfiguration' of type [org.springframework.cloud.client.loadbalancer.LoadBalancerDefaultMappingsProviderAutoConfiguration] is not eligible for getting processed by all BeanPostProcessors (for example: not eligible for auto-proxying)
[INFO] 2025-11-06 11:05:22.627 +0800 org.springframework.context.support.PostProcessorRegistrationDelegate$BeanPostProcessorChecker:[376] - Bean 'loadBalancerClientsDefaultsMappingsProvider' of type [org.springframework.cloud.client.loadbalancer.LoadBalancerDefaultMappingsProviderAutoConfiguration$$Lambda$417/1560671315] is not eligible for getting processed by all BeanPostProcessors (for example: not eligible for auto-proxying)
[INFO] 2025-11-06 11:05:22.635 +0800 org.springframework.context.support.PostProcessorRegistrationDelegate$BeanPostProcessorChecker:[376] - Bean 'defaultsBindHandlerAdvisor' of type [org.springframework.cloud.commons.config.DefaultsBindHandlerAdvisor] is not eligible for getting processed by all BeanPostProcessors (for example: not eligible for auto-proxying)
[INFO] 2025-11-06 11:05:22.663 +0800 org.apache.dolphinscheduler.common.utils.NetUtils:[312] - Get all NetworkInterfaces: [name:eth0 (eth0), name:lo (lo)]
[INFO] 2025-11-06 11:05:22.725 +0800 org.apache.dolphinscheduler.alert.config.AlertConfig:[75] - Alert config: port -> 50052
[INFO] 2025-11-06 11:05:22.725 +0800 org.apache.dolphinscheduler.alert.config.AlertConfig:[76] - Alert config: alertServerAddress -> 172.28.0.6:50052
[INFO] 2025-11-06 11:05:22.726 +0800 org.apache.dolphinscheduler.alert.config.AlertConfig:[77] - Alert config: maxHeartbeatInterval -> PT1M
[INFO] 2025-11-06 11:05:22.726 +0800 org.springframework.context.support.PostProcessorRegistrationDelegate$BeanPostProcessorChecker:[376] - Bean 'alertConfig' of type [org.apache.dolphinscheduler.alert.config.AlertConfig] is not eligible for getting processed by all BeanPostProcessors (for example: not eligible for auto-proxying)
[INFO] 2025-11-06 11:05:22.856 +0800 org.springframework.context.support.PostProcessorRegistrationDelegate$BeanPostProcessorChecker:[376] - Bean 'io.kubernetes.client.spring.extended.manifests.config.KubernetesManifestsAutoConfiguration' of type [io.kubernetes.client.spring.extended.manifests.config.KubernetesManifestsAutoConfiguration] is not eligible for getting processed by all BeanPostProcessors (for example: not eligible for auto-proxying)
[INFO] 2025-11-06 11:05:22.875 +0800 org.springframework.context.support.PostProcessorRegistrationDelegate$BeanPostProcessorChecker:[376] - Bean 'kubernetes.manifests-io.kubernetes.client.spring.extended.manifests.config.KubernetesManifestsProperties' of type [io.kubernetes.client.spring.extended.manifests.config.KubernetesManifestsProperties] is not eligible for getting processed by all BeanPostProcessors (for example: not eligible for auto-proxying)
[INFO] 2025-11-06 11:05:22.892 +0800 org.springframework.context.support.PostProcessorRegistrationDelegate$BeanPostProcessorChecker:[376] - Bean 'io.kubernetes.client.spring.extended.controller.config.KubernetesInformerAutoConfiguration' of type [io.kubernetes.client.spring.extended.controller.config.KubernetesInformerAutoConfiguration] is not eligible for getting processed by all BeanPostProcessors (for example: not eligible for auto-proxying)
[INFO] 2025-11-06 11:05:22.911 +0800 org.springframework.context.support.PostProcessorRegistrationDelegate$BeanPostProcessorChecker:[376] - Bean 'defaultApiClient' of type [io.kubernetes.client.openapi.ApiClient] is not eligible for getting processed by all BeanPostProcessors (for example: not eligible for auto-proxying)
[INFO] 2025-11-06 11:05:23.264 +0800 com.zaxxer.hikari.HikariDataSource:[110] - HikariPool-1 - Starting...
[INFO] 2025-11-06 11:05:23.611 +0800 com.zaxxer.hikari.HikariDataSource:[123] - HikariPool-1 - Start completed.
[INFO] 2025-11-06 11:05:27.697 +0800 org.apache.dolphinscheduler.plugin.registry.zookeeper.ZookeeperRegistryAutoConfiguration:[37] - Load ZookeeperRegistryAutoConfiguration
[INFO] 2025-11-06 11:05:27.744 +0800 org.apache.dolphinscheduler.plugin.registry.zookeeper.ZookeeperRegistryProperties:[96] - 
****************************ZookeeperRegistryProperties**************************************
  namespace -> dolphinscheduler
  connectString -> zookeeper:2181
  retryPolicy -> ZookeeperRegistryProperties.ZookeeperProperties.RetryPolicy(baseSleepTime=PT0.1S, maxRetries=3, maxSleep=PT1S)
  digest -> 
  sessionTimeout -> PT1M
  connectionTimeout -> PT30S
  blockUntilConnected -> PT30S
****************************ZookeeperRegistryProperties**************************************
[INFO] 2025-11-06 11:05:28.076 +0800 org.apache.dolphinscheduler.plugin.registry.zookeeper.ZookeeperRegistry:[113] - ZookeeperRegistry started at: 105/ms
[INFO] 2025-11-06 11:05:29.110 +0800 org.apache.dolphinscheduler.alert.AlertServer:[77] - AlertServer is staring ...
[INFO] 2025-11-06 11:05:29.119 +0800 org.apache.dolphinscheduler.alert.plugin.AlertPluginManager:[57] - AlertPluginManager start...
[INFO] 2025-11-06 11:05:29.291 +0800 org.apache.dolphinscheduler.alert.plugin.AlertPluginManager:[60] - AlertPluginManager started...
[INFO] 2025-11-06 11:05:29.468 +0800 org.apache.dolphinscheduler.extract.base.server.NettyRemotingServer:[111] - AlertRpcServer bind success at port: 50052
[INFO] 2025-11-06 11:05:29.469 +0800 org.apache.dolphinscheduler.alert.registry.AlertRegistryClient:[49] - AlertRegistryClient starting...
[INFO] 2025-11-06 11:05:29.488 +0800 org.apache.dolphinscheduler.common.model.BaseHeartBeatTask:[47] - Starting AlertHeartbeatTask...
[INFO] 2025-11-06 11:05:29.490 +0800 org.apache.dolphinscheduler.common.model.BaseHeartBeatTask:[49] - Started AlertHeartbeatTask, heartBeatInterval: 60000...
[INFO] 2025-11-06 11:05:29.491 +0800 org.apache.dolphinscheduler.alert.registry.AlertRegistryClient:[53] - AlertRegistryClient started...
[INFO] 2025-11-06 11:05:29.545 +0800 org.apache.dolphinscheduler.common.constants.SystemConstants:[30] - init timezone: sun.util.calendar.ZoneInfo[id="Asia/Shanghai",offset=28800000,dstSavings=0,useDaylight=false,transitions=31,lastRule=null]
[INFO] 2025-11-06 11:05:29.593 +0800 org.apache.dolphinscheduler.registry.api.ha.DefaultServerStatusChangeListener:[27] - The status is active now.
[INFO] 2025-11-06 11:05:29.594 +0800 org.apache.dolphinscheduler.alert.service.AlertBootstrapService:[48] - AlertBootstrapService starting...
[INFO] 2025-11-06 11:05:29.606 +0800 org.apache.dolphinscheduler.alert.service.AbstractEventFetcher:[58] - AlertEventFetcher starting...
[INFO] 2025-11-06 11:05:29.607 +0800 org.apache.dolphinscheduler.alert.service.AbstractEventFetcher:[60] - AlertEventFetcher started...
[INFO] 2025-11-06 11:05:29.608 +0800 org.apache.dolphinscheduler.alert.service.AbstractEventLoop:[57] - org.apache.dolphinscheduler.alert.service.AlertEventLoop starting...
[INFO] 2025-11-06 11:05:29.610 +0800 org.apache.dolphinscheduler.alert.service.AbstractEventLoop:[59] - org.apache.dolphinscheduler.alert.service.AlertEventLoop started...
[INFO] 2025-11-06 11:05:29.612 +0800 org.apache.dolphinscheduler.alert.service.AlertBootstrapService:[51] - AlertBootstrapService started...
[INFO] 2025-11-06 11:05:29.613 +0800 org.apache.dolphinscheduler.alert.service.AlertHAServer:[40] - AlertHAServer started...
[INFO] 2025-11-06 11:05:29.615 +0800 org.apache.dolphinscheduler.alert.AlertServer:[97] - AlertServer is started ...
[INFO] 2025-11-06 11:05:31.729 +0800 org.apache.dolphinscheduler.alert.AlertServer:[61] - Started AlertServer in 12.732 seconds (JVM running for 13.406)
[INFO] 2025-11-06 11:05:31.743 +0800 org.apache.dolphinscheduler.common.lifecycle.ServerLifeCycleManager:[88] - The current server status changed from RUNNING to STOPPED
[INFO] 2025-11-06 11:05:31.744 +0800 org.apache.dolphinscheduler.alert.AlertServer:[110] - AlertServer is stopping, cause: AlertServer destroy
[INFO] 2025-11-06 11:05:31.745 +0800 org.apache.dolphinscheduler.alert.service.AlertBootstrapService:[56] - AlertBootstrapService stopping...
[INFO] 2025-11-06 11:05:31.746 +0800 org.apache.dolphinscheduler.alert.service.AlertBootstrapService:[59] - AlertBootstrapService stopped...
[INFO] 2025-11-06 11:05:31.746 +0800 org.apache.dolphinscheduler.alert.service.AlertHAServer:[45] - AlertHAServer shutdown...
[INFO] 2025-11-06 11:05:31.747 +0800 org.apache.dolphinscheduler.alert.registry.AlertRegistryClient:[58] - AlertRegistryClient closing...
[WARN] 2025-11-06 11:05:31.748 +0800 org.apache.dolphinscheduler.common.model.BaseHeartBeatTask:[78] - AlertHeartbeatTask finished...
[INFO] 2025-11-06 11:05:31.748 +0800 org.apache.dolphinscheduler.alert.registry.AlertRegistryClient:[60] - AlertRegistryClient closed...
[INFO] 2025-11-06 11:05:31.750 +0800 org.apache.dolphinscheduler.extract.base.server.NettyRemotingServer:[149] - AlertRpcServer closing
[INFO] 2025-11-06 11:05:31.752 +0800 org.apache.dolphinscheduler.extract.base.server.NettyRemotingServer:[153] - AlertRpcServer stop bind at port: 50052
[INFO] 2025-11-06 11:05:31.768 +0800 org.apache.dolphinscheduler.extract.base.server.NettyRemotingServer:[167] - AlertRpcServer closed
[INFO] 2025-11-06 11:05:34.772 +0800 org.apache.dolphinscheduler.alert.AlertServer:[119] - AlertServer stopped, cause: AlertServer destroy
[INFO] 2025-11-06 11:05:34.776 +0800 org.apache.dolphinscheduler.alert.service.AlertBootstrapService:[56] - AlertBootstrapService stopping...
[WARN] 2025-11-06 11:05:34.777 +0800 org.apache.dolphinscheduler.alert.service.AbstractEventFetcher:[96] - The AlertEventFetcher is not started
[WARN] 2025-11-06 11:05:34.779 +0800 org.apache.dolphinscheduler.alert.service.AbstractEventLoop:[98] - org.apache.dolphinscheduler.alert.service.AlertEventLoop is not started
[INFO] 2025-11-06 11:05:34.780 +0800 org.apache.dolphinscheduler.alert.service.AlertBootstrapService:[59] - AlertBootstrapService stopped...
[INFO] 2025-11-06 11:05:34.783 +0800 org.apache.dolphinscheduler.alert.registry.AlertRegistryClient:[58] - AlertRegistryClient closing...
[WARN] 2025-11-06 11:05:34.784 +0800 org.apache.dolphinscheduler.common.model.BaseHeartBeatTask:[78] - AlertHeartbeatTask finished...
[INFO] 2025-11-06 11:05:34.785 +0800 org.apache.dolphinscheduler.alert.registry.AlertRegistryClient:[60] - AlertRegistryClient closed...
[INFO] 2025-11-06 11:05:34.787 +0800 org.apache.dolphinscheduler.alert.service.AlertHAServer:[45] - AlertHAServer shutdown...
[INFO] 2025-11-06 11:05:34.912 +0800 com.zaxxer.hikari.HikariDataSource:[350] - HikariPool-1 - Shutdown initiated...
[INFO] 2025-11-06 11:05:34.934 +0800 com.zaxxer.hikari.HikariDataSource:[352] - HikariPool-1 - Shutdown completed.
[WARN] 2025-11-06 11:20:58.440 +0800 o.s.cloud.kubernetes.commons.profile.AbstractKubernetesProfileEnvironmentPostProcessor:[258] - Not running inside kubernetes. Skipping 'kubernetes' profile activation.
[WARN] 2025-11-06 11:20:58.891 +0800 o.s.cloud.kubernetes.commons.profile.AbstractKubernetesProfileEnvironmentPostProcessor:[258] - Not running inside kubernetes. Skipping 'kubernetes' profile activation.
[INFO] 2025-11-06 11:20:58.893 +0800 org.apache.dolphinscheduler.alert.AlertServer:[640] - The following 1 profile is active: "mysql"
[INFO] 2025-11-06 11:21:00.492 +0800 org.springframework.cloud.context.scope.GenericScope:[283] - BeanFactory id=1ace0ad1-9f10-3f83-85be-b03cc5072c1a
[INFO] 2025-11-06 11:21:01.087 +0800 org.springframework.context.support.PostProcessorRegistrationDelegate$BeanPostProcessorChecker:[376] - Bean 'org.springframework.cloud.commons.config.CommonsConfigAutoConfiguration' of type [org.springframework.cloud.commons.config.CommonsConfigAutoConfiguration] is not eligible for getting processed by all BeanPostProcessors (for example: not eligible for auto-proxying)
[INFO] 2025-11-06 11:21:01.092 +0800 org.springframework.context.support.PostProcessorRegistrationDelegate$BeanPostProcessorChecker:[376] - Bean 'org.springframework.cloud.client.loadbalancer.LoadBalancerDefaultMappingsProviderAutoConfiguration' of type [org.springframework.cloud.client.loadbalancer.LoadBalancerDefaultMappingsProviderAutoConfiguration] is not eligible for getting processed by all BeanPostProcessors (for example: not eligible for auto-proxying)
[INFO] 2025-11-06 11:21:01.096 +0800 org.springframework.context.support.PostProcessorRegistrationDelegate$BeanPostProcessorChecker:[376] - Bean 'loadBalancerClientsDefaultsMappingsProvider' of type [org.springframework.cloud.client.loadbalancer.LoadBalancerDefaultMappingsProviderAutoConfiguration$$Lambda$417/1301542747] is not eligible for getting processed by all BeanPostProcessors (for example: not eligible for auto-proxying)
[INFO] 2025-11-06 11:21:01.103 +0800 org.springframework.context.support.PostProcessorRegistrationDelegate$BeanPostProcessorChecker:[376] - Bean 'defaultsBindHandlerAdvisor' of type [org.springframework.cloud.commons.config.DefaultsBindHandlerAdvisor] is not eligible for getting processed by all BeanPostProcessors (for example: not eligible for auto-proxying)
[INFO] 2025-11-06 11:21:01.130 +0800 org.apache.dolphinscheduler.common.utils.NetUtils:[312] - Get all NetworkInterfaces: [name:eth0 (eth0), name:lo (lo)]
[INFO] 2025-11-06 11:21:01.191 +0800 org.apache.dolphinscheduler.alert.config.AlertConfig:[75] - Alert config: port -> 50052
[INFO] 2025-11-06 11:21:01.192 +0800 org.apache.dolphinscheduler.alert.config.AlertConfig:[76] - Alert config: alertServerAddress -> 172.28.0.3:50052
[INFO] 2025-11-06 11:21:01.193 +0800 org.apache.dolphinscheduler.alert.config.AlertConfig:[77] - Alert config: maxHeartbeatInterval -> PT1M
[INFO] 2025-11-06 11:21:01.193 +0800 org.springframework.context.support.PostProcessorRegistrationDelegate$BeanPostProcessorChecker:[376] - Bean 'alertConfig' of type [org.apache.dolphinscheduler.alert.config.AlertConfig] is not eligible for getting processed by all BeanPostProcessors (for example: not eligible for auto-proxying)
[INFO] 2025-11-06 11:21:01.287 +0800 org.springframework.context.support.PostProcessorRegistrationDelegate$BeanPostProcessorChecker:[376] - Bean 'io.kubernetes.client.spring.extended.manifests.config.KubernetesManifestsAutoConfiguration' of type [io.kubernetes.client.spring.extended.manifests.config.KubernetesManifestsAutoConfiguration] is not eligible for getting processed by all BeanPostProcessors (for example: not eligible for auto-proxying)
[INFO] 2025-11-06 11:21:01.300 +0800 org.springframework.context.support.PostProcessorRegistrationDelegate$BeanPostProcessorChecker:[376] - Bean 'kubernetes.manifests-io.kubernetes.client.spring.extended.manifests.config.KubernetesManifestsProperties' of type [io.kubernetes.client.spring.extended.manifests.config.KubernetesManifestsProperties] is not eligible for getting processed by all BeanPostProcessors (for example: not eligible for auto-proxying)
[INFO] 2025-11-06 11:21:01.313 +0800 org.springframework.context.support.PostProcessorRegistrationDelegate$BeanPostProcessorChecker:[376] - Bean 'io.kubernetes.client.spring.extended.controller.config.KubernetesInformerAutoConfiguration' of type [io.kubernetes.client.spring.extended.controller.config.KubernetesInformerAutoConfiguration] is not eligible for getting processed by all BeanPostProcessors (for example: not eligible for auto-proxying)
[INFO] 2025-11-06 11:21:01.326 +0800 org.springframework.context.support.PostProcessorRegistrationDelegate$BeanPostProcessorChecker:[376] - Bean 'defaultApiClient' of type [io.kubernetes.client.openapi.ApiClient] is not eligible for getting processed by all BeanPostProcessors (for example: not eligible for auto-proxying)
[INFO] 2025-11-06 11:21:01.569 +0800 com.zaxxer.hikari.HikariDataSource:[110] - HikariPool-1 - Starting...
[INFO] 2025-11-06 11:21:01.869 +0800 com.zaxxer.hikari.HikariDataSource:[123] - HikariPool-1 - Start completed.
[INFO] 2025-11-06 11:21:05.857 +0800 org.apache.dolphinscheduler.plugin.registry.zookeeper.ZookeeperRegistryAutoConfiguration:[37] - Load ZookeeperRegistryAutoConfiguration
[INFO] 2025-11-06 11:21:05.919 +0800 org.apache.dolphinscheduler.plugin.registry.zookeeper.ZookeeperRegistryProperties:[96] - 
****************************ZookeeperRegistryProperties**************************************
  namespace -> dolphinscheduler
  connectString -> zookeeper:2181
  retryPolicy -> ZookeeperRegistryProperties.ZookeeperProperties.RetryPolicy(baseSleepTime=PT0.1S, maxRetries=3, maxSleep=PT1S)
  digest -> 
  sessionTimeout -> PT1M
  connectionTimeout -> PT30S
  blockUntilConnected -> PT30S
****************************ZookeeperRegistryProperties**************************************
[INFO] 2025-11-06 11:21:06.258 +0800 org.apache.dolphinscheduler.plugin.registry.zookeeper.ZookeeperRegistry:[113] - ZookeeperRegistry started at: 100/ms
[INFO] 2025-11-06 11:21:07.268 +0800 org.apache.dolphinscheduler.alert.AlertServer:[77] - AlertServer is staring ...
[INFO] 2025-11-06 11:21:07.269 +0800 org.apache.dolphinscheduler.alert.plugin.AlertPluginManager:[57] - AlertPluginManager start...
[INFO] 2025-11-06 11:21:07.387 +0800 org.apache.dolphinscheduler.alert.plugin.AlertPluginManager:[60] - AlertPluginManager started...
[INFO] 2025-11-06 11:21:07.532 +0800 org.apache.dolphinscheduler.extract.base.server.NettyRemotingServer:[111] - AlertRpcServer bind success at port: 50052
[INFO] 2025-11-06 11:21:07.532 +0800 org.apache.dolphinscheduler.alert.registry.AlertRegistryClient:[49] - AlertRegistryClient starting...
[INFO] 2025-11-06 11:21:07.542 +0800 org.apache.dolphinscheduler.common.model.BaseHeartBeatTask:[47] - Starting AlertHeartbeatTask...
[INFO] 2025-11-06 11:21:07.543 +0800 org.apache.dolphinscheduler.common.model.BaseHeartBeatTask:[49] - Started AlertHeartbeatTask, heartBeatInterval: 60000...
[INFO] 2025-11-06 11:21:07.544 +0800 org.apache.dolphinscheduler.alert.registry.AlertRegistryClient:[53] - AlertRegistryClient started...
[INFO] 2025-11-06 11:21:07.587 +0800 org.apache.dolphinscheduler.common.constants.SystemConstants:[30] - init timezone: sun.util.calendar.ZoneInfo[id="Asia/Shanghai",offset=28800000,dstSavings=0,useDaylight=false,transitions=31,lastRule=null]
[INFO] 2025-11-06 11:21:07.615 +0800 org.apache.dolphinscheduler.registry.api.ha.DefaultServerStatusChangeListener:[27] - The status is active now.
[INFO] 2025-11-06 11:21:07.617 +0800 org.apache.dolphinscheduler.alert.service.AlertBootstrapService:[48] - AlertBootstrapService starting...
[INFO] 2025-11-06 11:21:07.627 +0800 org.apache.dolphinscheduler.alert.service.AbstractEventFetcher:[58] - AlertEventFetcher starting...
[INFO] 2025-11-06 11:21:07.628 +0800 org.apache.dolphinscheduler.alert.service.AbstractEventFetcher:[60] - AlertEventFetcher started...
[INFO] 2025-11-06 11:21:07.629 +0800 org.apache.dolphinscheduler.alert.service.AbstractEventLoop:[57] - org.apache.dolphinscheduler.alert.service.AlertEventLoop starting...
[INFO] 2025-11-06 11:21:07.633 +0800 org.apache.dolphinscheduler.alert.service.AbstractEventLoop:[59] - org.apache.dolphinscheduler.alert.service.AlertEventLoop started...
[INFO] 2025-11-06 11:21:07.635 +0800 org.apache.dolphinscheduler.alert.service.AlertBootstrapService:[51] - AlertBootstrapService started...
[INFO] 2025-11-06 11:21:07.637 +0800 org.apache.dolphinscheduler.alert.service.AlertHAServer:[40] - AlertHAServer started...
[INFO] 2025-11-06 11:21:07.638 +0800 org.apache.dolphinscheduler.alert.AlertServer:[97] - AlertServer is started ...
[INFO] 2025-11-06 11:21:09.104 +0800 org.apache.dolphinscheduler.alert.AlertServer:[61] - Started AlertServer in 11.968 seconds (JVM running for 12.62)
[INFO] 2025-11-06 11:21:09.114 +0800 org.apache.dolphinscheduler.common.lifecycle.ServerLifeCycleManager:[88] - The current server status changed from RUNNING to STOPPED
[INFO] 2025-11-06 11:21:09.115 +0800 org.apache.dolphinscheduler.alert.AlertServer:[110] - AlertServer is stopping, cause: AlertServer destroy
[INFO] 2025-11-06 11:21:09.116 +0800 org.apache.dolphinscheduler.alert.service.AlertBootstrapService:[56] - AlertBootstrapService stopping...
[INFO] 2025-11-06 11:21:09.116 +0800 org.apache.dolphinscheduler.alert.service.AlertBootstrapService:[59] - AlertBootstrapService stopped...
[INFO] 2025-11-06 11:21:09.117 +0800 org.apache.dolphinscheduler.alert.service.AlertHAServer:[45] - AlertHAServer shutdown...
[INFO] 2025-11-06 11:21:09.118 +0800 org.apache.dolphinscheduler.alert.registry.AlertRegistryClient:[58] - AlertRegistryClient closing...
[WARN] 2025-11-06 11:21:09.118 +0800 org.apache.dolphinscheduler.common.model.BaseHeartBeatTask:[78] - AlertHeartbeatTask finished...
[INFO] 2025-11-06 11:21:09.118 +0800 org.apache.dolphinscheduler.alert.registry.AlertRegistryClient:[60] - AlertRegistryClient closed...
[INFO] 2025-11-06 11:21:09.119 +0800 org.apache.dolphinscheduler.extract.base.server.NettyRemotingServer:[149] - AlertRpcServer closing
[INFO] 2025-11-06 11:21:09.121 +0800 org.apache.dolphinscheduler.extract.base.server.NettyRemotingServer:[153] - AlertRpcServer stop bind at port: 50052
[INFO] 2025-11-06 11:21:09.136 +0800 org.apache.dolphinscheduler.extract.base.server.NettyRemotingServer:[167] - AlertRpcServer closed
[INFO] 2025-11-06 11:21:12.137 +0800 org.apache.dolphinscheduler.alert.AlertServer:[119] - AlertServer stopped, cause: AlertServer destroy
[INFO] 2025-11-06 11:21:12.139 +0800 org.apache.dolphinscheduler.alert.service.AlertBootstrapService:[56] - AlertBootstrapService stopping...
[WARN] 2025-11-06 11:21:12.140 +0800 org.apache.dolphinscheduler.alert.service.AbstractEventFetcher:[96] - The AlertEventFetcher is not started
[WARN] 2025-11-06 11:21:12.141 +0800 org.apache.dolphinscheduler.alert.service.AbstractEventLoop:[98] - org.apache.dolphinscheduler.alert.service.AlertEventLoop is not started
[INFO] 2025-11-06 11:21:12.141 +0800 org.apache.dolphinscheduler.alert.service.AlertBootstrapService:[59] - AlertBootstrapService stopped...
[INFO] 2025-11-06 11:21:12.142 +0800 org.apache.dolphinscheduler.alert.registry.AlertRegistryClient:[58] - AlertRegistryClient closing...
[WARN] 2025-11-06 11:21:12.143 +0800 org.apache.dolphinscheduler.common.model.BaseHeartBeatTask:[78] - AlertHeartbeatTask finished...
[INFO] 2025-11-06 11:21:12.143 +0800 org.apache.dolphinscheduler.alert.registry.AlertRegistryClient:[60] - AlertRegistryClient closed...
[INFO] 2025-11-06 11:21:12.144 +0800 org.apache.dolphinscheduler.alert.service.AlertHAServer:[45] - AlertHAServer shutdown...
[INFO] 2025-11-06 11:21:12.259 +0800 com.zaxxer.hikari.HikariDataSource:[350] - HikariPool-1 - Shutdown initiated...
[INFO] 2025-11-06 11:21:12.271 +0800 com.zaxxer.hikari.HikariDataSource:[352] - HikariPool-1 - Shutdown completed.
[WARN] 2025-11-06 11:39:36.052 +0800 o.s.cloud.kubernetes.commons.profile.AbstractKubernetesProfileEnvironmentPostProcessor:[258] - Not running inside kubernetes. Skipping 'kubernetes' profile activation.
[WARN] 2025-11-06 11:39:36.652 +0800 o.s.cloud.kubernetes.commons.profile.AbstractKubernetesProfileEnvironmentPostProcessor:[258] - Not running inside kubernetes. Skipping 'kubernetes' profile activation.
[INFO] 2025-11-06 11:39:36.654 +0800 org.apache.dolphinscheduler.alert.AlertServer:[640] - The following 1 profile is active: "mysql"
[INFO] 2025-11-06 11:39:38.214 +0800 org.springframework.cloud.context.scope.GenericScope:[283] - BeanFactory id=1ace0ad1-9f10-3f83-85be-b03cc5072c1a
[INFO] 2025-11-06 11:39:38.683 +0800 org.springframework.context.support.PostProcessorRegistrationDelegate$BeanPostProcessorChecker:[376] - Bean 'org.springframework.cloud.commons.config.CommonsConfigAutoConfiguration' of type [org.springframework.cloud.commons.config.CommonsConfigAutoConfiguration] is not eligible for getting processed by all BeanPostProcessors (for example: not eligible for auto-proxying)
[INFO] 2025-11-06 11:39:38.689 +0800 org.springframework.context.support.PostProcessorRegistrationDelegate$BeanPostProcessorChecker:[376] - Bean 'org.springframework.cloud.client.loadbalancer.LoadBalancerDefaultMappingsProviderAutoConfiguration' of type [org.springframework.cloud.client.loadbalancer.LoadBalancerDefaultMappingsProviderAutoConfiguration] is not eligible for getting processed by all BeanPostProcessors (for example: not eligible for auto-proxying)
[INFO] 2025-11-06 11:39:38.693 +0800 org.springframework.context.support.PostProcessorRegistrationDelegate$BeanPostProcessorChecker:[376] - Bean 'loadBalancerClientsDefaultsMappingsProvider' of type [org.springframework.cloud.client.loadbalancer.LoadBalancerDefaultMappingsProviderAutoConfiguration$$Lambda$417/1301542747] is not eligible for getting processed by all BeanPostProcessors (for example: not eligible for auto-proxying)
[INFO] 2025-11-06 11:39:38.699 +0800 org.springframework.context.support.PostProcessorRegistrationDelegate$BeanPostProcessorChecker:[376] - Bean 'defaultsBindHandlerAdvisor' of type [org.springframework.cloud.commons.config.DefaultsBindHandlerAdvisor] is not eligible for getting processed by all BeanPostProcessors (for example: not eligible for auto-proxying)
[INFO] 2025-11-06 11:39:38.722 +0800 org.apache.dolphinscheduler.common.utils.NetUtils:[312] - Get all NetworkInterfaces: [name:eth0 (eth0), name:lo (lo)]
[INFO] 2025-11-06 11:39:38.768 +0800 org.apache.dolphinscheduler.alert.config.AlertConfig:[75] - Alert config: port -> 50052
[INFO] 2025-11-06 11:39:38.768 +0800 org.apache.dolphinscheduler.alert.config.AlertConfig:[76] - Alert config: alertServerAddress -> 172.28.0.3:50052
[INFO] 2025-11-06 11:39:38.769 +0800 org.apache.dolphinscheduler.alert.config.AlertConfig:[77] - Alert config: maxHeartbeatInterval -> PT1M
[INFO] 2025-11-06 11:39:38.770 +0800 org.springframework.context.support.PostProcessorRegistrationDelegate$BeanPostProcessorChecker:[376] - Bean 'alertConfig' of type [org.apache.dolphinscheduler.alert.config.AlertConfig] is not eligible for getting processed by all BeanPostProcessors (for example: not eligible for auto-proxying)
[INFO] 2025-11-06 11:39:38.878 +0800 org.springframework.context.support.PostProcessorRegistrationDelegate$BeanPostProcessorChecker:[376] - Bean 'io.kubernetes.client.spring.extended.manifests.config.KubernetesManifestsAutoConfiguration' of type [io.kubernetes.client.spring.extended.manifests.config.KubernetesManifestsAutoConfiguration] is not eligible for getting processed by all BeanPostProcessors (for example: not eligible for auto-proxying)
[INFO] 2025-11-06 11:39:38.895 +0800 org.springframework.context.support.PostProcessorRegistrationDelegate$BeanPostProcessorChecker:[376] - Bean 'kubernetes.manifests-io.kubernetes.client.spring.extended.manifests.config.KubernetesManifestsProperties' of type [io.kubernetes.client.spring.extended.manifests.config.KubernetesManifestsProperties] is not eligible for getting processed by all BeanPostProcessors (for example: not eligible for auto-proxying)
[INFO] 2025-11-06 11:39:38.907 +0800 org.springframework.context.support.PostProcessorRegistrationDelegate$BeanPostProcessorChecker:[376] - Bean 'io.kubernetes.client.spring.extended.controller.config.KubernetesInformerAutoConfiguration' of type [io.kubernetes.client.spring.extended.controller.config.KubernetesInformerAutoConfiguration] is not eligible for getting processed by all BeanPostProcessors (for example: not eligible for auto-proxying)
[INFO] 2025-11-06 11:39:38.920 +0800 org.springframework.context.support.PostProcessorRegistrationDelegate$BeanPostProcessorChecker:[376] - Bean 'defaultApiClient' of type [io.kubernetes.client.openapi.ApiClient] is not eligible for getting processed by all BeanPostProcessors (for example: not eligible for auto-proxying)
[INFO] 2025-11-06 11:39:39.154 +0800 com.zaxxer.hikari.HikariDataSource:[110] - HikariPool-1 - Starting...
[INFO] 2025-11-06 11:39:39.391 +0800 com.zaxxer.hikari.HikariDataSource:[123] - HikariPool-1 - Start completed.
[INFO] 2025-11-06 11:39:42.952 +0800 org.apache.dolphinscheduler.plugin.registry.zookeeper.ZookeeperRegistryAutoConfiguration:[37] - Load ZookeeperRegistryAutoConfiguration
[INFO] 2025-11-06 11:39:42.997 +0800 org.apache.dolphinscheduler.plugin.registry.zookeeper.ZookeeperRegistryProperties:[96] - 
****************************ZookeeperRegistryProperties**************************************
  namespace -> dolphinscheduler
  connectString -> zookeeper:2181
  retryPolicy -> ZookeeperRegistryProperties.ZookeeperProperties.RetryPolicy(baseSleepTime=PT0.1S, maxRetries=3, maxSleep=PT1S)
  digest -> 
  sessionTimeout -> PT1M
  connectionTimeout -> PT30S
  blockUntilConnected -> PT30S
****************************ZookeeperRegistryProperties**************************************
[INFO] 2025-11-06 11:39:43.309 +0800 org.apache.dolphinscheduler.plugin.registry.zookeeper.ZookeeperRegistry:[113] - ZookeeperRegistry started at: 104/ms
[INFO] 2025-11-06 11:39:44.243 +0800 org.apache.dolphinscheduler.alert.AlertServer:[77] - AlertServer is staring ...
[INFO] 2025-11-06 11:39:44.247 +0800 org.apache.dolphinscheduler.alert.plugin.AlertPluginManager:[57] - AlertPluginManager start...
[INFO] 2025-11-06 11:39:44.533 +0800 org.apache.dolphinscheduler.alert.plugin.AlertPluginManager:[60] - AlertPluginManager started...
[INFO] 2025-11-06 11:39:44.807 +0800 org.apache.dolphinscheduler.extract.base.server.NettyRemotingServer:[111] - AlertRpcServer bind success at port: 50052
[INFO] 2025-11-06 11:39:44.808 +0800 org.apache.dolphinscheduler.alert.registry.AlertRegistryClient:[49] - AlertRegistryClient starting...
[INFO] 2025-11-06 11:39:44.830 +0800 org.apache.dolphinscheduler.common.model.BaseHeartBeatTask:[47] - Starting AlertHeartbeatTask...
[INFO] 2025-11-06 11:39:44.831 +0800 org.apache.dolphinscheduler.common.model.BaseHeartBeatTask:[49] - Started AlertHeartbeatTask, heartBeatInterval: 60000...
[INFO] 2025-11-06 11:39:44.836 +0800 org.apache.dolphinscheduler.alert.registry.AlertRegistryClient:[53] - AlertRegistryClient started...
[INFO] 2025-11-06 11:39:44.893 +0800 org.apache.dolphinscheduler.common.constants.SystemConstants:[30] - init timezone: sun.util.calendar.ZoneInfo[id="Asia/Shanghai",offset=28800000,dstSavings=0,useDaylight=false,transitions=31,lastRule=null]
[INFO] 2025-11-06 11:39:44.994 +0800 org.apache.dolphinscheduler.registry.api.ha.DefaultServerStatusChangeListener:[27] - The status is active now.
[INFO] 2025-11-06 11:39:44.995 +0800 org.apache.dolphinscheduler.alert.service.AlertBootstrapService:[48] - AlertBootstrapService starting...
[INFO] 2025-11-06 11:39:45.011 +0800 org.apache.dolphinscheduler.alert.service.AbstractEventFetcher:[58] - AlertEventFetcher starting...
[INFO] 2025-11-06 11:39:45.020 +0800 org.apache.dolphinscheduler.alert.service.AbstractEventFetcher:[60] - AlertEventFetcher started...
[INFO] 2025-11-06 11:39:45.024 +0800 org.apache.dolphinscheduler.alert.service.AbstractEventLoop:[57] - org.apache.dolphinscheduler.alert.service.AlertEventLoop starting...
[INFO] 2025-11-06 11:39:45.031 +0800 org.apache.dolphinscheduler.alert.service.AbstractEventLoop:[59] - org.apache.dolphinscheduler.alert.service.AlertEventLoop started...
[INFO] 2025-11-06 11:39:45.051 +0800 org.apache.dolphinscheduler.alert.service.AlertBootstrapService:[51] - AlertBootstrapService started...
[INFO] 2025-11-06 11:39:45.051 +0800 org.apache.dolphinscheduler.alert.service.AlertHAServer:[40] - AlertHAServer started...
[INFO] 2025-11-06 11:39:45.052 +0800 org.apache.dolphinscheduler.alert.AlertServer:[97] - AlertServer is started ...
[INFO] 2025-11-06 11:39:47.928 +0800 org.apache.dolphinscheduler.alert.AlertServer:[61] - Started AlertServer in 13.839 seconds (JVM running for 14.692)
[INFO] 2025-11-06 11:39:47.958 +0800 org.apache.dolphinscheduler.common.lifecycle.ServerLifeCycleManager:[88] - The current server status changed from RUNNING to STOPPED
[INFO] 2025-11-06 11:39:47.959 +0800 org.apache.dolphinscheduler.alert.AlertServer:[110] - AlertServer is stopping, cause: AlertServer destroy
[INFO] 2025-11-06 11:39:47.960 +0800 org.apache.dolphinscheduler.alert.service.AlertBootstrapService:[56] - AlertBootstrapService stopping...
[INFO] 2025-11-06 11:39:47.963 +0800 org.apache.dolphinscheduler.alert.service.AlertBootstrapService:[59] - AlertBootstrapService stopped...
[INFO] 2025-11-06 11:39:47.965 +0800 org.apache.dolphinscheduler.alert.service.AlertHAServer:[45] - AlertHAServer shutdown...
[INFO] 2025-11-06 11:39:47.967 +0800 org.apache.dolphinscheduler.alert.registry.AlertRegistryClient:[58] - AlertRegistryClient closing...
[WARN] 2025-11-06 11:39:47.968 +0800 org.apache.dolphinscheduler.common.model.BaseHeartBeatTask:[78] - AlertHeartbeatTask finished...
[INFO] 2025-11-06 11:39:47.968 +0800 org.apache.dolphinscheduler.alert.registry.AlertRegistryClient:[60] - AlertRegistryClient closed...
[INFO] 2025-11-06 11:39:47.971 +0800 org.apache.dolphinscheduler.extract.base.server.NettyRemotingServer:[149] - AlertRpcServer closing
[INFO] 2025-11-06 11:39:47.973 +0800 org.apache.dolphinscheduler.extract.base.server.NettyRemotingServer:[153] - AlertRpcServer stop bind at port: 50052
[INFO] 2025-11-06 11:39:47.996 +0800 org.apache.dolphinscheduler.extract.base.server.NettyRemotingServer:[167] - AlertRpcServer closed
[INFO] 2025-11-06 11:39:51.003 +0800 org.apache.dolphinscheduler.alert.AlertServer:[119] - AlertServer stopped, cause: AlertServer destroy
[INFO] 2025-11-06 11:39:51.005 +0800 org.apache.dolphinscheduler.alert.service.AlertBootstrapService:[56] - AlertBootstrapService stopping...
[WARN] 2025-11-06 11:39:51.005 +0800 org.apache.dolphinscheduler.alert.service.AbstractEventFetcher:[96] - The AlertEventFetcher is not started
[WARN] 2025-11-06 11:39:51.005 +0800 org.apache.dolphinscheduler.alert.service.AbstractEventLoop:[98] - org.apache.dolphinscheduler.alert.service.AlertEventLoop is not started
[INFO] 2025-11-06 11:39:51.006 +0800 org.apache.dolphinscheduler.alert.service.AlertBootstrapService:[59] - AlertBootstrapService stopped...
[INFO] 2025-11-06 11:39:51.006 +0800 org.apache.dolphinscheduler.alert.registry.AlertRegistryClient:[58] - AlertRegistryClient closing...
[WARN] 2025-11-06 11:39:51.007 +0800 org.apache.dolphinscheduler.common.model.BaseHeartBeatTask:[78] - AlertHeartbeatTask finished...
[INFO] 2025-11-06 11:39:51.007 +0800 org.apache.dolphinscheduler.alert.registry.AlertRegistryClient:[60] - AlertRegistryClient closed...
[INFO] 2025-11-06 11:39:51.008 +0800 org.apache.dolphinscheduler.alert.service.AlertHAServer:[45] - AlertHAServer shutdown...
[WARN] 2025-11-06 11:39:51.022 +0800 org.apache.zookeeper.ClientCnxn:[1286] - An exception was thrown while closing send thread for session 0x10004115bf30003.
org.apache.zookeeper.ClientCnxn$EndOfStreamException: Unable to read additional data from server sessionid 0x10004115bf30003, likely server has closed socket
	at org.apache.zookeeper.ClientCnxnSocketNIO.doIO(ClientCnxnSocketNIO.java:77)
	at org.apache.zookeeper.ClientCnxnSocketNIO.doTransport(ClientCnxnSocketNIO.java:350)
	at org.apache.zookeeper.ClientCnxn$SendThread.run(ClientCnxn.java:1282)
[INFO] 2025-11-06 11:39:51.125 +0800 com.zaxxer.hikari.HikariDataSource:[350] - HikariPool-1 - Shutdown initiated...
[INFO] 2025-11-06 11:39:51.139 +0800 com.zaxxer.hikari.HikariDataSource:[352] - HikariPool-1 - Shutdown completed.
[WARN] 2025-11-06 11:57:47.008 +0800 o.s.cloud.kubernetes.commons.profile.AbstractKubernetesProfileEnvironmentPostProcessor:[258] - Not running inside kubernetes. Skipping 'kubernetes' profile activation.
[WARN] 2025-11-06 11:57:47.444 +0800 o.s.cloud.kubernetes.commons.profile.AbstractKubernetesProfileEnvironmentPostProcessor:[258] - Not running inside kubernetes. Skipping 'kubernetes' profile activation.
[INFO] 2025-11-06 11:57:47.446 +0800 org.apache.dolphinscheduler.alert.AlertServer:[640] - The following 1 profile is active: "mysql"
[INFO] 2025-11-06 11:57:49.272 +0800 org.springframework.cloud.context.scope.GenericScope:[283] - BeanFactory id=1ace0ad1-9f10-3f83-85be-b03cc5072c1a
[INFO] 2025-11-06 11:57:49.987 +0800 org.springframework.context.support.PostProcessorRegistrationDelegate$BeanPostProcessorChecker:[376] - Bean 'org.springframework.cloud.commons.config.CommonsConfigAutoConfiguration' of type [org.springframework.cloud.commons.config.CommonsConfigAutoConfiguration] is not eligible for getting processed by all BeanPostProcessors (for example: not eligible for auto-proxying)
[INFO] 2025-11-06 11:57:49.996 +0800 org.springframework.context.support.PostProcessorRegistrationDelegate$BeanPostProcessorChecker:[376] - Bean 'org.springframework.cloud.client.loadbalancer.LoadBalancerDefaultMappingsProviderAutoConfiguration' of type [org.springframework.cloud.client.loadbalancer.LoadBalancerDefaultMappingsProviderAutoConfiguration] is not eligible for getting processed by all BeanPostProcessors (for example: not eligible for auto-proxying)
[INFO] 2025-11-06 11:57:50.001 +0800 org.springframework.context.support.PostProcessorRegistrationDelegate$BeanPostProcessorChecker:[376] - Bean 'loadBalancerClientsDefaultsMappingsProvider' of type [org.springframework.cloud.client.loadbalancer.LoadBalancerDefaultMappingsProviderAutoConfiguration$$Lambda$417/1301542747] is not eligible for getting processed by all BeanPostProcessors (for example: not eligible for auto-proxying)
[INFO] 2025-11-06 11:57:50.010 +0800 org.springframework.context.support.PostProcessorRegistrationDelegate$BeanPostProcessorChecker:[376] - Bean 'defaultsBindHandlerAdvisor' of type [org.springframework.cloud.commons.config.DefaultsBindHandlerAdvisor] is not eligible for getting processed by all BeanPostProcessors (for example: not eligible for auto-proxying)
[INFO] 2025-11-06 11:57:50.042 +0800 org.apache.dolphinscheduler.common.utils.NetUtils:[312] - Get all NetworkInterfaces: [name:eth0 (eth0), name:lo (lo)]
[INFO] 2025-11-06 11:57:50.115 +0800 org.apache.dolphinscheduler.alert.config.AlertConfig:[75] - Alert config: port -> 50052
[INFO] 2025-11-06 11:57:50.116 +0800 org.apache.dolphinscheduler.alert.config.AlertConfig:[76] - Alert config: alertServerAddress -> 172.28.0.3:50052
[INFO] 2025-11-06 11:57:50.117 +0800 org.apache.dolphinscheduler.alert.config.AlertConfig:[77] - Alert config: maxHeartbeatInterval -> PT1M
[INFO] 2025-11-06 11:57:50.118 +0800 org.springframework.context.support.PostProcessorRegistrationDelegate$BeanPostProcessorChecker:[376] - Bean 'alertConfig' of type [org.apache.dolphinscheduler.alert.config.AlertConfig] is not eligible for getting processed by all BeanPostProcessors (for example: not eligible for auto-proxying)
[INFO] 2025-11-06 11:57:50.269 +0800 org.springframework.context.support.PostProcessorRegistrationDelegate$BeanPostProcessorChecker:[376] - Bean 'io.kubernetes.client.spring.extended.manifests.config.KubernetesManifestsAutoConfiguration' of type [io.kubernetes.client.spring.extended.manifests.config.KubernetesManifestsAutoConfiguration] is not eligible for getting processed by all BeanPostProcessors (for example: not eligible for auto-proxying)
[INFO] 2025-11-06 11:57:50.287 +0800 org.springframework.context.support.PostProcessorRegistrationDelegate$BeanPostProcessorChecker:[376] - Bean 'kubernetes.manifests-io.kubernetes.client.spring.extended.manifests.config.KubernetesManifestsProperties' of type [io.kubernetes.client.spring.extended.manifests.config.KubernetesManifestsProperties] is not eligible for getting processed by all BeanPostProcessors (for example: not eligible for auto-proxying)
[INFO] 2025-11-06 11:57:50.301 +0800 org.springframework.context.support.PostProcessorRegistrationDelegate$BeanPostProcessorChecker:[376] - Bean 'io.kubernetes.client.spring.extended.controller.config.KubernetesInformerAutoConfiguration' of type [io.kubernetes.client.spring.extended.controller.config.KubernetesInformerAutoConfiguration] is not eligible for getting processed by all BeanPostProcessors (for example: not eligible for auto-proxying)
[INFO] 2025-11-06 11:57:50.318 +0800 org.springframework.context.support.PostProcessorRegistrationDelegate$BeanPostProcessorChecker:[376] - Bean 'defaultApiClient' of type [io.kubernetes.client.openapi.ApiClient] is not eligible for getting processed by all BeanPostProcessors (for example: not eligible for auto-proxying)
[INFO] 2025-11-06 11:57:50.625 +0800 com.zaxxer.hikari.HikariDataSource:[110] - HikariPool-1 - Starting...
[INFO] 2025-11-06 11:57:50.951 +0800 com.zaxxer.hikari.HikariDataSource:[123] - HikariPool-1 - Start completed.
[INFO] 2025-11-06 11:57:54.494 +0800 org.apache.dolphinscheduler.plugin.registry.zookeeper.ZookeeperRegistryAutoConfiguration:[37] - Load ZookeeperRegistryAutoConfiguration
[INFO] 2025-11-06 11:57:54.553 +0800 org.apache.dolphinscheduler.plugin.registry.zookeeper.ZookeeperRegistryProperties:[96] - 
****************************ZookeeperRegistryProperties**************************************
  namespace -> dolphinscheduler
  connectString -> zookeeper:2181
  retryPolicy -> ZookeeperRegistryProperties.ZookeeperProperties.RetryPolicy(baseSleepTime=PT0.1S, maxRetries=3, maxSleep=PT1S)
  digest -> 
  sessionTimeout -> PT1M
  connectionTimeout -> PT30S
  blockUntilConnected -> PT30S
****************************ZookeeperRegistryProperties**************************************
[INFO] 2025-11-06 11:57:54.934 +0800 org.apache.dolphinscheduler.plugin.registry.zookeeper.ZookeeperRegistry:[113] - ZookeeperRegistry started at: 105/ms
[INFO] 2025-11-06 11:57:55.909 +0800 org.apache.dolphinscheduler.alert.AlertServer:[77] - AlertServer is staring ...
[INFO] 2025-11-06 11:57:55.911 +0800 org.apache.dolphinscheduler.alert.plugin.AlertPluginManager:[57] - AlertPluginManager start...
[INFO] 2025-11-06 11:57:56.091 +0800 org.apache.dolphinscheduler.alert.plugin.AlertPluginManager:[60] - AlertPluginManager started...
[INFO] 2025-11-06 11:57:56.312 +0800 org.apache.dolphinscheduler.extract.base.server.NettyRemotingServer:[111] - AlertRpcServer bind success at port: 50052
[INFO] 2025-11-06 11:57:56.313 +0800 org.apache.dolphinscheduler.alert.registry.AlertRegistryClient:[49] - AlertRegistryClient starting...
[INFO] 2025-11-06 11:57:56.333 +0800 org.apache.dolphinscheduler.common.model.BaseHeartBeatTask:[47] - Starting AlertHeartbeatTask...
[INFO] 2025-11-06 11:57:56.335 +0800 org.apache.dolphinscheduler.common.model.BaseHeartBeatTask:[49] - Started AlertHeartbeatTask, heartBeatInterval: 60000...
[INFO] 2025-11-06 11:57:56.336 +0800 org.apache.dolphinscheduler.alert.registry.AlertRegistryClient:[53] - AlertRegistryClient started...
[INFO] 2025-11-06 11:57:56.392 +0800 org.apache.dolphinscheduler.common.constants.SystemConstants:[30] - init timezone: sun.util.calendar.ZoneInfo[id="Asia/Shanghai",offset=28800000,dstSavings=0,useDaylight=false,transitions=31,lastRule=null]
[INFO] 2025-11-06 11:57:56.423 +0800 org.apache.dolphinscheduler.registry.api.ha.DefaultServerStatusChangeListener:[27] - The status is active now.
[INFO] 2025-11-06 11:57:56.427 +0800 org.apache.dolphinscheduler.alert.service.AlertBootstrapService:[48] - AlertBootstrapService starting...
[INFO] 2025-11-06 11:57:56.439 +0800 org.apache.dolphinscheduler.alert.service.AbstractEventFetcher:[58] - AlertEventFetcher starting...
[INFO] 2025-11-06 11:57:56.441 +0800 org.apache.dolphinscheduler.alert.service.AbstractEventFetcher:[60] - AlertEventFetcher started...
[INFO] 2025-11-06 11:57:56.442 +0800 org.apache.dolphinscheduler.alert.service.AbstractEventLoop:[57] - org.apache.dolphinscheduler.alert.service.AlertEventLoop starting...
[INFO] 2025-11-06 11:57:56.442 +0800 org.apache.dolphinscheduler.alert.service.AbstractEventLoop:[59] - org.apache.dolphinscheduler.alert.service.AlertEventLoop started...
[INFO] 2025-11-06 11:57:56.443 +0800 org.apache.dolphinscheduler.alert.service.AlertBootstrapService:[51] - AlertBootstrapService started...
[INFO] 2025-11-06 11:57:56.443 +0800 org.apache.dolphinscheduler.alert.service.AlertHAServer:[40] - AlertHAServer started...
[INFO] 2025-11-06 11:57:56.444 +0800 org.apache.dolphinscheduler.alert.AlertServer:[97] - AlertServer is started ...
[INFO] 2025-11-06 11:57:57.912 +0800 org.apache.dolphinscheduler.alert.AlertServer:[61] - Started AlertServer in 12.287 seconds (JVM running for 13.339)
[INFO] 2025-11-06 11:57:57.922 +0800 org.apache.dolphinscheduler.common.lifecycle.ServerLifeCycleManager:[88] - The current server status changed from RUNNING to STOPPED
[INFO] 2025-11-06 11:57:57.923 +0800 org.apache.dolphinscheduler.alert.AlertServer:[110] - AlertServer is stopping, cause: AlertServer destroy
[INFO] 2025-11-06 11:57:57.924 +0800 org.apache.dolphinscheduler.alert.service.AlertBootstrapService:[56] - AlertBootstrapService stopping...
[INFO] 2025-11-06 11:57:57.924 +0800 org.apache.dolphinscheduler.alert.service.AlertBootstrapService:[59] - AlertBootstrapService stopped...
[INFO] 2025-11-06 11:57:57.925 +0800 org.apache.dolphinscheduler.alert.service.AlertHAServer:[45] - AlertHAServer shutdown...
[INFO] 2025-11-06 11:57:57.926 +0800 org.apache.dolphinscheduler.alert.registry.AlertRegistryClient:[58] - AlertRegistryClient closing...
[WARN] 2025-11-06 11:57:57.926 +0800 org.apache.dolphinscheduler.common.model.BaseHeartBeatTask:[78] - AlertHeartbeatTask finished...
[INFO] 2025-11-06 11:57:57.927 +0800 org.apache.dolphinscheduler.alert.registry.AlertRegistryClient:[60] - AlertRegistryClient closed...
[INFO] 2025-11-06 11:57:57.928 +0800 org.apache.dolphinscheduler.extract.base.server.NettyRemotingServer:[149] - AlertRpcServer closing
[INFO] 2025-11-06 11:57:57.930 +0800 org.apache.dolphinscheduler.extract.base.server.NettyRemotingServer:[153] - AlertRpcServer stop bind at port: 50052
[INFO] 2025-11-06 11:57:57.939 +0800 org.apache.dolphinscheduler.extract.base.server.NettyRemotingServer:[167] - AlertRpcServer closed
[INFO] 2025-11-06 11:58:00.942 +0800 org.apache.dolphinscheduler.alert.AlertServer:[119] - AlertServer stopped, cause: AlertServer destroy
[INFO] 2025-11-06 11:58:00.945 +0800 org.apache.dolphinscheduler.alert.service.AlertBootstrapService:[56] - AlertBootstrapService stopping...
[WARN] 2025-11-06 11:58:00.946 +0800 org.apache.dolphinscheduler.alert.service.AbstractEventFetcher:[96] - The AlertEventFetcher is not started
[WARN] 2025-11-06 11:58:00.947 +0800 org.apache.dolphinscheduler.alert.service.AbstractEventLoop:[98] - org.apache.dolphinscheduler.alert.service.AlertEventLoop is not started
[INFO] 2025-11-06 11:58:00.948 +0800 org.apache.dolphinscheduler.alert.service.AlertBootstrapService:[59] - AlertBootstrapService stopped...
[INFO] 2025-11-06 11:58:00.950 +0800 org.apache.dolphinscheduler.alert.registry.AlertRegistryClient:[58] - AlertRegistryClient closing...
[WARN] 2025-11-06 11:58:00.950 +0800 org.apache.dolphinscheduler.common.model.BaseHeartBeatTask:[78] - AlertHeartbeatTask finished...
[INFO] 2025-11-06 11:58:00.950 +0800 org.apache.dolphinscheduler.alert.registry.AlertRegistryClient:[60] - AlertRegistryClient closed...
[INFO] 2025-11-06 11:58:00.951 +0800 org.apache.dolphinscheduler.alert.service.AlertHAServer:[45] - AlertHAServer shutdown...
[WARN] 2025-11-06 11:58:00.967 +0800 org.apache.zookeeper.ClientCnxn:[1286] - An exception was thrown while closing send thread for session 0x100042203b70003.
org.apache.zookeeper.ClientCnxn$EndOfStreamException: Unable to read additional data from server sessionid 0x100042203b70003, likely server has closed socket
	at org.apache.zookeeper.ClientCnxnSocketNIO.doIO(ClientCnxnSocketNIO.java:77)
	at org.apache.zookeeper.ClientCnxnSocketNIO.doTransport(ClientCnxnSocketNIO.java:350)
	at org.apache.zookeeper.ClientCnxn$SendThread.run(ClientCnxn.java:1282)
[INFO] 2025-11-06 11:58:01.071 +0800 com.zaxxer.hikari.HikariDataSource:[350] - HikariPool-1 - Shutdown initiated...
[INFO] 2025-11-06 11:58:01.082 +0800 com.zaxxer.hikari.HikariDataSource:[352] - HikariPool-1 - Shutdown completed.
