[WARN] 2025-11-06 14:11:52.966 +0800 o.s.cloud.kubernetes.commons.profile.AbstractKubernetesProfileEnvironmentPostProcessor:[258] - Not running inside kubernetes. Skipping 'kubernetes' profile activation.
[WARN] 2025-11-06 14:11:53.434 +0800 o.s.cloud.kubernetes.commons.profile.AbstractKubernetesProfileEnvironmentPostProcessor:[258] - Not running inside kubernetes. Skipping 'kubernetes' profile activation.
[INFO] 2025-11-06 14:11:53.436 +0800 org.apache.dolphinscheduler.alert.AlertServer:[640] - The following 1 profile is active: "mysql"
[INFO] 2025-11-06 14:11:54.985 +0800 org.springframework.cloud.context.scope.GenericScope:[283] - BeanFactory id=1ace0ad1-9f10-3f83-85be-b03cc5072c1a
[INFO] 2025-11-06 14:11:55.468 +0800 org.springframework.context.support.PostProcessorRegistrationDelegate$BeanPostProcessorChecker:[376] - Bean 'org.springframework.cloud.commons.config.CommonsConfigAutoConfiguration' of type [org.springframework.cloud.commons.config.CommonsConfigAutoConfiguration] is not eligible for getting processed by all BeanPostProcessors (for example: not eligible for auto-proxying)
[INFO] 2025-11-06 14:11:55.472 +0800 org.springframework.context.support.PostProcessorRegistrationDelegate$BeanPostProcessorChecker:[376] - Bean 'org.springframework.cloud.client.loadbalancer.LoadBalancerDefaultMappingsProviderAutoConfiguration' of type [org.springframework.cloud.client.loadbalancer.LoadBalancerDefaultMappingsProviderAutoConfiguration] is not eligible for getting processed by all BeanPostProcessors (for example: not eligible for auto-proxying)
[INFO] 2025-11-06 14:11:55.474 +0800 org.springframework.context.support.PostProcessorRegistrationDelegate$BeanPostProcessorChecker:[376] - Bean 'loadBalancerClientsDefaultsMappingsProvider' of type [org.springframework.cloud.client.loadbalancer.LoadBalancerDefaultMappingsProviderAutoConfiguration$$Lambda$417/18130400] is not eligible for getting processed by all BeanPostProcessors (for example: not eligible for auto-proxying)
[INFO] 2025-11-06 14:11:55.481 +0800 org.springframework.context.support.PostProcessorRegistrationDelegate$BeanPostProcessorChecker:[376] - Bean 'defaultsBindHandlerAdvisor' of type [org.springframework.cloud.commons.config.DefaultsBindHandlerAdvisor] is not eligible for getting processed by all BeanPostProcessors (for example: not eligible for auto-proxying)
[INFO] 2025-11-06 14:11:55.500 +0800 org.apache.dolphinscheduler.common.utils.NetUtils:[312] - Get all NetworkInterfaces: [name:eth0 (eth0), name:lo (lo)]
[INFO] 2025-11-06 14:11:55.564 +0800 org.apache.dolphinscheduler.alert.config.AlertConfig:[75] - Alert config: port -> 50052
[INFO] 2025-11-06 14:11:55.565 +0800 org.apache.dolphinscheduler.alert.config.AlertConfig:[76] - Alert config: alertServerAddress -> 172.28.0.3:50052
[INFO] 2025-11-06 14:11:55.566 +0800 org.apache.dolphinscheduler.alert.config.AlertConfig:[77] - Alert config: maxHeartbeatInterval -> PT1M
[INFO] 2025-11-06 14:11:55.566 +0800 org.springframework.context.support.PostProcessorRegistrationDelegate$BeanPostProcessorChecker:[376] - Bean 'alertConfig' of type [org.apache.dolphinscheduler.alert.config.AlertConfig] is not eligible for getting processed by all BeanPostProcessors (for example: not eligible for auto-proxying)
[INFO] 2025-11-06 14:11:55.731 +0800 org.springframework.context.support.PostProcessorRegistrationDelegate$BeanPostProcessorChecker:[376] - Bean 'io.kubernetes.client.spring.extended.manifests.config.KubernetesManifestsAutoConfiguration' of type [io.kubernetes.client.spring.extended.manifests.config.KubernetesManifestsAutoConfiguration] is not eligible for getting processed by all BeanPostProcessors (for example: not eligible for auto-proxying)
[INFO] 2025-11-06 14:11:55.752 +0800 org.springframework.context.support.PostProcessorRegistrationDelegate$BeanPostProcessorChecker:[376] - Bean 'kubernetes.manifests-io.kubernetes.client.spring.extended.manifests.config.KubernetesManifestsProperties' of type [io.kubernetes.client.spring.extended.manifests.config.KubernetesManifestsProperties] is not eligible for getting processed by all BeanPostProcessors (for example: not eligible for auto-proxying)
[INFO] 2025-11-06 14:11:55.766 +0800 org.springframework.context.support.PostProcessorRegistrationDelegate$BeanPostProcessorChecker:[376] - Bean 'io.kubernetes.client.spring.extended.controller.config.KubernetesInformerAutoConfiguration' of type [io.kubernetes.client.spring.extended.controller.config.KubernetesInformerAutoConfiguration] is not eligible for getting processed by all BeanPostProcessors (for example: not eligible for auto-proxying)
[INFO] 2025-11-06 14:11:55.782 +0800 org.springframework.context.support.PostProcessorRegistrationDelegate$BeanPostProcessorChecker:[376] - Bean 'defaultApiClient' of type [io.kubernetes.client.openapi.ApiClient] is not eligible for getting processed by all BeanPostProcessors (for example: not eligible for auto-proxying)
[INFO] 2025-11-06 14:11:56.069 +0800 com.zaxxer.hikari.HikariDataSource:[110] - HikariPool-1 - Starting...
[INFO] 2025-11-06 14:11:56.419 +0800 com.zaxxer.hikari.HikariDataSource:[123] - HikariPool-1 - Start completed.
[INFO] 2025-11-06 14:12:00.354 +0800 org.apache.dolphinscheduler.plugin.registry.zookeeper.ZookeeperRegistryAutoConfiguration:[37] - Load ZookeeperRegistryAutoConfiguration
[INFO] 2025-11-06 14:12:00.401 +0800 org.apache.dolphinscheduler.plugin.registry.zookeeper.ZookeeperRegistryProperties:[96] - 
****************************ZookeeperRegistryProperties**************************************
  namespace -> dolphinscheduler
  connectString -> zookeeper:2181
  retryPolicy -> ZookeeperRegistryProperties.ZookeeperProperties.RetryPolicy(baseSleepTime=PT0.1S, maxRetries=3, maxSleep=PT1S)
  digest -> 
  sessionTimeout -> PT1M
  connectionTimeout -> PT30S
  blockUntilConnected -> PT30S
****************************ZookeeperRegistryProperties**************************************
[INFO] 2025-11-06 14:12:01.576 +0800 org.apache.dolphinscheduler.plugin.registry.zookeeper.ZookeeperRegistry:[113] - ZookeeperRegistry started at: 213/ms
[INFO] 2025-11-06 14:12:02.734 +0800 org.apache.dolphinscheduler.alert.AlertServer:[77] - AlertServer is staring ...
[INFO] 2025-11-06 14:12:02.736 +0800 org.apache.dolphinscheduler.alert.plugin.AlertPluginManager:[57] - AlertPluginManager start...
[INFO] 2025-11-06 14:12:02.873 +0800 org.apache.dolphinscheduler.alert.plugin.AlertPluginManager:[60] - AlertPluginManager started...
[INFO] 2025-11-06 14:12:03.081 +0800 org.apache.dolphinscheduler.extract.base.server.NettyRemotingServer:[111] - AlertRpcServer bind success at port: 50052
[INFO] 2025-11-06 14:12:03.082 +0800 org.apache.dolphinscheduler.alert.registry.AlertRegistryClient:[49] - AlertRegistryClient starting...
[INFO] 2025-11-06 14:12:03.102 +0800 org.apache.dolphinscheduler.common.model.BaseHeartBeatTask:[47] - Starting AlertHeartbeatTask...
[INFO] 2025-11-06 14:12:03.103 +0800 org.apache.dolphinscheduler.common.model.BaseHeartBeatTask:[49] - Started AlertHeartbeatTask, heartBeatInterval: 60000...
[INFO] 2025-11-06 14:12:03.104 +0800 org.apache.dolphinscheduler.alert.registry.AlertRegistryClient:[53] - AlertRegistryClient started...
[INFO] 2025-11-06 14:12:03.163 +0800 org.apache.dolphinscheduler.common.constants.SystemConstants:[30] - init timezone: sun.util.calendar.ZoneInfo[id="Asia/Shanghai",offset=28800000,dstSavings=0,useDaylight=false,transitions=31,lastRule=null]
[INFO] 2025-11-06 14:12:03.190 +0800 org.apache.dolphinscheduler.registry.api.ha.DefaultServerStatusChangeListener:[27] - The status is active now.
[INFO] 2025-11-06 14:12:03.193 +0800 org.apache.dolphinscheduler.alert.service.AlertBootstrapService:[48] - AlertBootstrapService starting...
[INFO] 2025-11-06 14:12:03.205 +0800 org.apache.dolphinscheduler.alert.service.AbstractEventFetcher:[58] - AlertEventFetcher starting...
[INFO] 2025-11-06 14:12:03.206 +0800 org.apache.dolphinscheduler.alert.service.AbstractEventFetcher:[60] - AlertEventFetcher started...
[INFO] 2025-11-06 14:12:03.207 +0800 org.apache.dolphinscheduler.alert.service.AbstractEventLoop:[57] - org.apache.dolphinscheduler.alert.service.AlertEventLoop starting...
[INFO] 2025-11-06 14:12:03.208 +0800 org.apache.dolphinscheduler.alert.service.AbstractEventLoop:[59] - org.apache.dolphinscheduler.alert.service.AlertEventLoop started...
[INFO] 2025-11-06 14:12:03.209 +0800 org.apache.dolphinscheduler.alert.service.AlertBootstrapService:[51] - AlertBootstrapService started...
[INFO] 2025-11-06 14:12:03.210 +0800 org.apache.dolphinscheduler.alert.service.AlertHAServer:[40] - AlertHAServer started...
[INFO] 2025-11-06 14:12:03.210 +0800 org.apache.dolphinscheduler.alert.AlertServer:[97] - AlertServer is started ...
[INFO] 2025-11-06 14:12:05.330 +0800 org.apache.dolphinscheduler.alert.AlertServer:[61] - Started AlertServer in 13.835 seconds (JVM running for 14.956)
[INFO] 2025-11-06 14:12:05.342 +0800 org.apache.dolphinscheduler.common.lifecycle.ServerLifeCycleManager:[88] - The current server status changed from RUNNING to STOPPED
[INFO] 2025-11-06 14:12:05.343 +0800 org.apache.dolphinscheduler.alert.AlertServer:[110] - AlertServer is stopping, cause: AlertServer destroy
[INFO] 2025-11-06 14:12:05.344 +0800 org.apache.dolphinscheduler.alert.service.AlertBootstrapService:[56] - AlertBootstrapService stopping...
[INFO] 2025-11-06 14:12:05.345 +0800 org.apache.dolphinscheduler.alert.service.AlertBootstrapService:[59] - AlertBootstrapService stopped...
[INFO] 2025-11-06 14:12:05.345 +0800 org.apache.dolphinscheduler.alert.service.AlertHAServer:[45] - AlertHAServer shutdown...
[INFO] 2025-11-06 14:12:05.346 +0800 org.apache.dolphinscheduler.alert.registry.AlertRegistryClient:[58] - AlertRegistryClient closing...
[WARN] 2025-11-06 14:12:05.347 +0800 org.apache.dolphinscheduler.common.model.BaseHeartBeatTask:[78] - AlertHeartbeatTask finished...
[INFO] 2025-11-06 14:12:05.347 +0800 org.apache.dolphinscheduler.alert.registry.AlertRegistryClient:[60] - AlertRegistryClient closed...
[INFO] 2025-11-06 14:12:05.348 +0800 org.apache.dolphinscheduler.extract.base.server.NettyRemotingServer:[149] - AlertRpcServer closing
[INFO] 2025-11-06 14:12:05.350 +0800 org.apache.dolphinscheduler.extract.base.server.NettyRemotingServer:[153] - AlertRpcServer stop bind at port: 50052
[INFO] 2025-11-06 14:12:05.363 +0800 org.apache.dolphinscheduler.extract.base.server.NettyRemotingServer:[167] - AlertRpcServer closed
[INFO] 2025-11-06 14:12:08.366 +0800 org.apache.dolphinscheduler.alert.AlertServer:[119] - AlertServer stopped, cause: AlertServer destroy
[INFO] 2025-11-06 14:12:08.370 +0800 org.apache.dolphinscheduler.alert.service.AlertBootstrapService:[56] - AlertBootstrapService stopping...
[WARN] 2025-11-06 14:12:08.372 +0800 org.apache.dolphinscheduler.alert.service.AbstractEventFetcher:[96] - The AlertEventFetcher is not started
[WARN] 2025-11-06 14:12:08.373 +0800 org.apache.dolphinscheduler.alert.service.AbstractEventLoop:[98] - org.apache.dolphinscheduler.alert.service.AlertEventLoop is not started
[INFO] 2025-11-06 14:12:08.374 +0800 org.apache.dolphinscheduler.alert.service.AlertBootstrapService:[59] - AlertBootstrapService stopped...
[INFO] 2025-11-06 14:12:08.377 +0800 org.apache.dolphinscheduler.alert.registry.AlertRegistryClient:[58] - AlertRegistryClient closing...
[WARN] 2025-11-06 14:12:08.378 +0800 org.apache.dolphinscheduler.common.model.BaseHeartBeatTask:[78] - AlertHeartbeatTask finished...
[INFO] 2025-11-06 14:12:08.379 +0800 org.apache.dolphinscheduler.alert.registry.AlertRegistryClient:[60] - AlertRegistryClient closed...
[INFO] 2025-11-06 14:12:08.381 +0800 org.apache.dolphinscheduler.alert.service.AlertHAServer:[45] - AlertHAServer shutdown...
[WARN] 2025-11-06 14:12:08.401 +0800 org.apache.zookeeper.ClientCnxn:[1286] - An exception was thrown while closing send thread for session 0x100049cceb30003.
org.apache.zookeeper.ClientCnxn$EndOfStreamException: Unable to read additional data from server sessionid 0x100049cceb30003, likely server has closed socket
	at org.apache.zookeeper.ClientCnxnSocketNIO.doIO(ClientCnxnSocketNIO.java:77)
	at org.apache.zookeeper.ClientCnxnSocketNIO.doTransport(ClientCnxnSocketNIO.java:350)
	at org.apache.zookeeper.ClientCnxn$SendThread.run(ClientCnxn.java:1282)
[INFO] 2025-11-06 14:12:08.507 +0800 com.zaxxer.hikari.HikariDataSource:[350] - HikariPool-1 - Shutdown initiated...
[INFO] 2025-11-06 14:12:08.519 +0800 com.zaxxer.hikari.HikariDataSource:[352] - HikariPool-1 - Shutdown completed.
