[WI-0][TI-0] - 2025-11-06 15:05:56.717 WARN  [Worker-Server] o.s.c.k.c.p.AbstractKubernetesProfileEnvironmentPostProcessor:[258] - Not running inside kubernetes. Skipping 'kubernetes' profile activation.
[WI-0][TI-0] - 2025-11-06 15:05:57.210 WARN  [Worker-Server] o.s.c.k.c.p.AbstractKubernetesProfileEnvironmentPostProcessor:[258] - Not running inside kubernetes. Skipping 'kubernetes' profile activation.
[WI-0][TI-0] - 2025-11-06 15:05:57.213 INFO  [Worker-Server] o.a.d.s.w.WorkerServer:[640] - The following 1 profile is active: "mysql"
[WI-0][TI-0] - 2025-11-06 15:05:58.062 WARN  [Worker-Server] o.m.s.m.ClassPathMapperScanner:[44] - No MyBatis mapper was found in '[org.apache.dolphinscheduler.server.worker]' package. Please check your configuration.
[WI-0][TI-0] - 2025-11-06 15:05:58.118 INFO  [Worker-Server] o.s.c.c.s.GenericScope:[283] - BeanFactory id=f001ad87-3a6a-3f67-ad4a-5009cf2fa20b
[WI-0][TI-0] - 2025-11-06 15:05:58.446 INFO  [Worker-Server] o.s.c.s.PostProcessorRegistrationDelegate$BeanPostProcessorChecker:[376] - Bean 'org.springframework.cloud.commons.config.CommonsConfigAutoConfiguration' of type [org.springframework.cloud.commons.config.CommonsConfigAutoConfiguration] is not eligible for getting processed by all BeanPostProcessors (for example: not eligible for auto-proxying)
[WI-0][TI-0] - 2025-11-06 15:05:58.450 INFO  [Worker-Server] o.s.c.s.PostProcessorRegistrationDelegate$BeanPostProcessorChecker:[376] - Bean 'org.springframework.cloud.client.loadbalancer.LoadBalancerDefaultMappingsProviderAutoConfiguration' of type [org.springframework.cloud.client.loadbalancer.LoadBalancerDefaultMappingsProviderAutoConfiguration] is not eligible for getting processed by all BeanPostProcessors (for example: not eligible for auto-proxying)
[WI-0][TI-0] - 2025-11-06 15:05:58.452 INFO  [Worker-Server] o.s.c.s.PostProcessorRegistrationDelegate$BeanPostProcessorChecker:[376] - Bean 'loadBalancerClientsDefaultsMappingsProvider' of type [org.springframework.cloud.client.loadbalancer.LoadBalancerDefaultMappingsProviderAutoConfiguration$$Lambda$415/22179697] is not eligible for getting processed by all BeanPostProcessors (for example: not eligible for auto-proxying)
[WI-0][TI-0] - 2025-11-06 15:05:58.458 INFO  [Worker-Server] o.s.c.s.PostProcessorRegistrationDelegate$BeanPostProcessorChecker:[376] - Bean 'defaultsBindHandlerAdvisor' of type [org.springframework.cloud.commons.config.DefaultsBindHandlerAdvisor] is not eligible for getting processed by all BeanPostProcessors (for example: not eligible for auto-proxying)
[WI-0][TI-0] - 2025-11-06 15:05:58.471 INFO  [Worker-Server] o.a.d.c.u.NetUtils:[312] - Get all NetworkInterfaces: [name:eth0 (eth0), name:lo (lo)]
[WI-0][TI-0] - 2025-11-06 15:05:58.513 INFO  [Worker-Server] o.a.d.s.w.c.WorkerConfig:[97] - 
****************************Worker Configuration**************************************
  listen-port -> 1234
  max-heartbeat-interval -> PT10S
  host-weight -> 100
  tenantConfig -> TenantConfig(autoCreateTenantEnabled=true, defaultTenantEnabled=false)
  server-load-protection -> WorkerServerLoadProtectionConfig()
  address -> 172.28.0.6:1234
  registry-path: /nodes/worker/172.28.0.6:1234
  physical-task-config -> PhysicalTaskConfig(taskExecutorThreadSize=25)
  group -> default
****************************Worker Configuration**************************************
[WI-0][TI-0] - 2025-11-06 15:05:58.514 INFO  [Worker-Server] o.s.c.s.PostProcessorRegistrationDelegate$BeanPostProcessorChecker:[376] - Bean 'workerConfig' of type [org.apache.dolphinscheduler.server.worker.config.WorkerConfig$$EnhancerBySpringCGLIB$$d9d15cac] is not eligible for getting processed by all BeanPostProcessors (for example: not eligible for auto-proxying)
[WI-0][TI-0] - 2025-11-06 15:05:58.593 INFO  [Worker-Server] o.s.c.s.PostProcessorRegistrationDelegate$BeanPostProcessorChecker:[376] - Bean 'io.kubernetes.client.spring.extended.manifests.config.KubernetesManifestsAutoConfiguration' of type [io.kubernetes.client.spring.extended.manifests.config.KubernetesManifestsAutoConfiguration] is not eligible for getting processed by all BeanPostProcessors (for example: not eligible for auto-proxying)
[WI-0][TI-0] - 2025-11-06 15:05:58.606 INFO  [Worker-Server] o.s.c.s.PostProcessorRegistrationDelegate$BeanPostProcessorChecker:[376] - Bean 'kubernetes.manifests-io.kubernetes.client.spring.extended.manifests.config.KubernetesManifestsProperties' of type [io.kubernetes.client.spring.extended.manifests.config.KubernetesManifestsProperties] is not eligible for getting processed by all BeanPostProcessors (for example: not eligible for auto-proxying)
[WI-0][TI-0] - 2025-11-06 15:05:58.613 INFO  [Worker-Server] o.s.c.s.PostProcessorRegistrationDelegate$BeanPostProcessorChecker:[376] - Bean 'io.kubernetes.client.spring.extended.controller.config.KubernetesInformerAutoConfiguration' of type [io.kubernetes.client.spring.extended.controller.config.KubernetesInformerAutoConfiguration] is not eligible for getting processed by all BeanPostProcessors (for example: not eligible for auto-proxying)
[WI-0][TI-0] - 2025-11-06 15:05:58.624 INFO  [Worker-Server] o.s.c.s.PostProcessorRegistrationDelegate$BeanPostProcessorChecker:[376] - Bean 'defaultApiClient' of type [io.kubernetes.client.openapi.ApiClient] is not eligible for getting processed by all BeanPostProcessors (for example: not eligible for auto-proxying)
[WI-0][TI-0] - 2025-11-06 15:05:58.707 INFO  [Worker-Server] o.a.d.p.r.z.ZookeeperRegistryAutoConfiguration:[37] - Load ZookeeperRegistryAutoConfiguration
[WI-0][TI-0] - 2025-11-06 15:05:58.729 INFO  [Worker-Server] o.a.d.p.r.z.ZookeeperRegistryProperties:[96] - 
****************************ZookeeperRegistryProperties**************************************
  namespace -> dolphinscheduler
  connectString -> zookeeper:2181
  retryPolicy -> ZookeeperRegistryProperties.ZookeeperProperties.RetryPolicy(baseSleepTime=PT0.1S, maxRetries=3, maxSleep=PT1S)
  digest -> 
  sessionTimeout -> PT1M
  connectionTimeout -> PT30S
  blockUntilConnected -> PT30S
****************************ZookeeperRegistryProperties**************************************
[WI-0][TI-0] - 2025-11-06 15:05:58.859 INFO  [Worker-Server] o.a.d.p.r.z.ZookeeperRegistry:[113] - ZookeeperRegistry started at: 49/ms
[WI-0][TI-0] - 2025-11-06 15:05:59.222 INFO  [Worker-Server] c.z.h.HikariDataSource:[110] - HikariPool-1 - Starting...
[WI-0][TI-0] - 2025-11-06 15:05:59.496 INFO  [Worker-Server] c.z.h.HikariDataSource:[123] - HikariPool-1 - Start completed.
[WI-0][TI-0] - 2025-11-06 15:05:59.832 INFO  [Worker-Server] o.a.d.e.b.s.NettyRemotingServer:[111] - WorkerRpcServer bind success at port: 1234
[WI-0][TI-0] - 2025-11-06 15:05:59.845 INFO  [Worker-Server] o.a.d.p.t.a.TaskPluginManager:[53] - Success register task plugin: SUB_WORKFLOW
[WI-0][TI-0] - 2025-11-06 15:05:59.848 INFO  [Worker-Server] o.a.d.p.t.a.TaskPluginManager:[53] - Success register task plugin: DEPENDENT
[WI-0][TI-0] - 2025-11-06 15:05:59.849 INFO  [Worker-Server] o.a.d.p.t.a.TaskPluginManager:[53] - Success register task plugin: CONDITIONS
[WI-0][TI-0] - 2025-11-06 15:05:59.851 INFO  [Worker-Server] o.a.d.p.t.a.TaskPluginManager:[53] - Success register task plugin: SWITCH
[WI-0][TI-0] - 2025-11-06 15:05:59.853 INFO  [Worker-Server] o.a.d.p.t.a.TaskPluginManager:[53] - Success register task plugin: LogicFakeTask
[WI-0][TI-0] - 2025-11-06 15:05:59.854 WARN  [Worker-Server] o.a.d.p.t.a.TaskPluginManager:[44] - The task plugin has already been loaded
[WI-0][TI-0] - 2025-11-06 15:05:59.857 INFO  [Worker-Server] o.a.d.p.d.a.p.DataSourceProcessorProvider:[41] - Initialize DataSourceProcessorProvider
[WI-0][TI-0] - 2025-11-06 15:05:59.917 INFO  [Worker-Server] o.a.d.c.c.SystemConstants:[30] - init timezone: sun.util.calendar.ZoneInfo[id="Asia/Shanghai",offset=28800000,dstSavings=0,useDaylight=false,transitions=31,lastRule=null]
[WI-0][TI-0] - 2025-11-06 15:05:59.987 INFO  [Worker-Server] o.a.d.s.w.r.WorkerRegistryClient:[94] - Worker node: 172.28.0.6:1234 registry to registry center /nodes/worker/172.28.0.6:1234 successfully
[WI-0][TI-0] - 2025-11-06 15:05:59.994 INFO  [Worker-Server] o.a.d.c.m.BaseHeartBeatTask:[47] - Starting WorkerHeartBeatTask...
[WI-0][TI-0] - 2025-11-06 15:05:59.996 INFO  [Worker-Server] o.a.d.c.m.BaseHeartBeatTask:[49] - Started WorkerHeartBeatTask, heartBeatInterval: 10000...
[WI-0][TI-0] - 2025-11-06 15:05:59.997 INFO  [Worker-Server] o.a.d.s.w.r.WorkerRegistryClient:[102] - Worker node: 172.28.0.6:1234 registry finished
[WI-0][TI-0] - 2025-11-06 15:06:00.001 INFO  [Worker-Server] o.a.d.t.e.e.TaskExecutorEventBusCoordinator:[95] - PhysicalTaskExecutorEventBusCoordinator started, worker size: 12
[WI-0][TI-0] - 2025-11-06 15:06:00.002 INFO  [Worker-Server] o.a.d.t.e.TaskEngine:[53] - PhysicalTaskEngine started
[WI-0][TI-0] - 2025-11-06 15:06:00.003 INFO  [Worker-Server] o.a.d.t.e.e.TaskExecutorLifecycleEventRemoteReporter:[81] - PhysicalTaskExecutorLifecycleEventReporter started
[WI-0][TI-0] - 2025-11-06 15:06:00.003 INFO  [Worker-Server] o.a.d.s.w.e.PhysicalTaskEngineDelegator:[57] - PhysicalTaskEngineDelegator started
[WI-0][TI-0] - 2025-11-06 15:06:01.671 INFO  [Worker-Server] o.a.d.s.w.WorkerServer:[61] - Started WorkerServer in 5.94 seconds (JVM running for 6.374)
[WI-0][TI-0] - 2025-11-06 15:06:01.678 INFO  [Thread-6] o.a.d.c.l.ServerLifeCycleManager:[88] - The current server status changed from RUNNING to STOPPED
[WI-0][TI-0] - 2025-11-06 15:06:01.688 INFO  [SpringApplicationShutdownHook] o.a.d.t.e.TaskEngine:[87] - PhysicalTaskEngine closed
[WI-0][TI-0] - 2025-11-06 15:06:01.690 INFO  [SpringApplicationShutdownHook] o.a.d.t.e.e.TaskExecutorEventBusCoordinator:[107] - PhysicalTaskExecutorEventBusCoordinator closed
[WI-0][TI-0] - 2025-11-06 15:06:01.691 INFO  [SpringApplicationShutdownHook] o.a.d.t.e.e.TaskExecutorEventBusCoordinator:[107] - PhysicalTaskExecutorEventBusCoordinator closed
[WI-0][TI-0] - 2025-11-06 15:06:01.692 INFO  [SpringApplicationShutdownHook] o.a.d.t.e.e.TaskExecutorLifecycleEventRemoteReporter:[174] - PhysicalTaskExecutorLifecycleEventReporter closed
[WI-0][TI-0] - 2025-11-06 15:06:01.693 WARN  [SpringApplicationShutdownHook] o.a.d.c.m.BaseHeartBeatTask:[78] - WorkerHeartBeatTask finished...
[WI-0][TI-0] - 2025-11-06 15:06:01.730 WARN  [Worker-Server-SendThread(zookeeper:2181)] o.a.z.ClientCnxn:[1286] - An exception was thrown while closing send thread for session 0x10004cb2c020001.
org.apache.zookeeper.ClientCnxn$EndOfStreamException: Unable to read additional data from server sessionid 0x10004cb2c020001, likely server has closed socket
	at org.apache.zookeeper.ClientCnxnSocketNIO.doIO(ClientCnxnSocketNIO.java:77)
	at org.apache.zookeeper.ClientCnxnSocketNIO.doTransport(ClientCnxnSocketNIO.java:350)
	at org.apache.zookeeper.ClientCnxn$SendThread.run(ClientCnxn.java:1282)
[WI-0][TI-0] - 2025-11-06 15:06:01.834 INFO  [SpringApplicationShutdownHook] o.a.d.s.w.r.WorkerRegistryClient:[124] - Closed WorkerRegistryClient
[WI-0][TI-0] - 2025-11-06 15:06:01.835 INFO  [SpringApplicationShutdownHook] c.z.h.HikariDataSource:[350] - HikariPool-1 - Shutdown initiated...
[WI-0][TI-0] - 2025-11-06 15:06:01.852 INFO  [SpringApplicationShutdownHook] c.z.h.HikariDataSource:[352] - HikariPool-1 - Shutdown completed.
[WI-0][TI-0] - 2025-11-06 15:06:01.854 INFO  [SpringApplicationShutdownHook] o.a.d.e.b.s.NettyRemotingServer:[149] - WorkerRpcServer closing
[WI-0][TI-0] - 2025-11-06 15:06:01.855 INFO  [SpringApplicationShutdownHook] o.a.d.e.b.s.NettyRemotingServer:[153] - WorkerRpcServer stop bind at port: 1234
[WI-0][TI-0] - 2025-11-06 15:06:01.862 INFO  [SpringApplicationShutdownHook] o.a.d.e.b.s.NettyRemotingServer:[167] - WorkerRpcServer closed
[WI-0][TI-0] - 2025-11-06 15:07:32.960 WARN  [Worker-Server] o.s.c.k.c.p.AbstractKubernetesProfileEnvironmentPostProcessor:[258] - Not running inside kubernetes. Skipping 'kubernetes' profile activation.
[WI-0][TI-0] - 2025-11-06 15:07:33.463 WARN  [Worker-Server] o.s.c.k.c.p.AbstractKubernetesProfileEnvironmentPostProcessor:[258] - Not running inside kubernetes. Skipping 'kubernetes' profile activation.
[WI-0][TI-0] - 2025-11-06 15:07:33.464 INFO  [Worker-Server] o.a.d.s.w.WorkerServer:[640] - The following 1 profile is active: "mysql"
[WI-0][TI-0] - 2025-11-06 15:07:34.409 WARN  [Worker-Server] o.m.s.m.ClassPathMapperScanner:[44] - No MyBatis mapper was found in '[org.apache.dolphinscheduler.server.worker]' package. Please check your configuration.
[WI-0][TI-0] - 2025-11-06 15:07:34.478 INFO  [Worker-Server] o.s.c.c.s.GenericScope:[283] - BeanFactory id=f001ad87-3a6a-3f67-ad4a-5009cf2fa20b
[WI-0][TI-0] - 2025-11-06 15:07:34.846 INFO  [Worker-Server] o.s.c.s.PostProcessorRegistrationDelegate$BeanPostProcessorChecker:[376] - Bean 'org.springframework.cloud.commons.config.CommonsConfigAutoConfiguration' of type [org.springframework.cloud.commons.config.CommonsConfigAutoConfiguration] is not eligible for getting processed by all BeanPostProcessors (for example: not eligible for auto-proxying)
[WI-0][TI-0] - 2025-11-06 15:07:34.850 INFO  [Worker-Server] o.s.c.s.PostProcessorRegistrationDelegate$BeanPostProcessorChecker:[376] - Bean 'org.springframework.cloud.client.loadbalancer.LoadBalancerDefaultMappingsProviderAutoConfiguration' of type [org.springframework.cloud.client.loadbalancer.LoadBalancerDefaultMappingsProviderAutoConfiguration] is not eligible for getting processed by all BeanPostProcessors (for example: not eligible for auto-proxying)
[WI-0][TI-0] - 2025-11-06 15:07:34.857 INFO  [Worker-Server] o.s.c.s.PostProcessorRegistrationDelegate$BeanPostProcessorChecker:[376] - Bean 'loadBalancerClientsDefaultsMappingsProvider' of type [org.springframework.cloud.client.loadbalancer.LoadBalancerDefaultMappingsProviderAutoConfiguration$$Lambda$415/1573349881] is not eligible for getting processed by all BeanPostProcessors (for example: not eligible for auto-proxying)
[WI-0][TI-0] - 2025-11-06 15:07:34.863 INFO  [Worker-Server] o.s.c.s.PostProcessorRegistrationDelegate$BeanPostProcessorChecker:[376] - Bean 'defaultsBindHandlerAdvisor' of type [org.springframework.cloud.commons.config.DefaultsBindHandlerAdvisor] is not eligible for getting processed by all BeanPostProcessors (for example: not eligible for auto-proxying)
[WI-0][TI-0] - 2025-11-06 15:07:34.881 INFO  [Worker-Server] o.a.d.c.u.NetUtils:[312] - Get all NetworkInterfaces: [name:eth0 (eth0), name:lo (lo)]
[WI-0][TI-0] - 2025-11-06 15:07:34.915 INFO  [Worker-Server] o.a.d.s.w.c.WorkerConfig:[97] - 
****************************Worker Configuration**************************************
  listen-port -> 1234
  max-heartbeat-interval -> PT10S
  host-weight -> 100
  tenantConfig -> TenantConfig(autoCreateTenantEnabled=true, defaultTenantEnabled=false)
  server-load-protection -> WorkerServerLoadProtectionConfig()
  address -> 172.28.0.6:1234
  registry-path: /nodes/worker/172.28.0.6:1234
  physical-task-config -> PhysicalTaskConfig(taskExecutorThreadSize=25)
  group -> default
****************************Worker Configuration**************************************
[WI-0][TI-0] - 2025-11-06 15:07:34.916 INFO  [Worker-Server] o.s.c.s.PostProcessorRegistrationDelegate$BeanPostProcessorChecker:[376] - Bean 'workerConfig' of type [org.apache.dolphinscheduler.server.worker.config.WorkerConfig$$EnhancerBySpringCGLIB$$19bcc2ee] is not eligible for getting processed by all BeanPostProcessors (for example: not eligible for auto-proxying)
[WI-0][TI-0] - 2025-11-06 15:07:34.980 INFO  [Worker-Server] o.s.c.s.PostProcessorRegistrationDelegate$BeanPostProcessorChecker:[376] - Bean 'io.kubernetes.client.spring.extended.manifests.config.KubernetesManifestsAutoConfiguration' of type [io.kubernetes.client.spring.extended.manifests.config.KubernetesManifestsAutoConfiguration] is not eligible for getting processed by all BeanPostProcessors (for example: not eligible for auto-proxying)
[WI-0][TI-0] - 2025-11-06 15:07:34.992 INFO  [Worker-Server] o.s.c.s.PostProcessorRegistrationDelegate$BeanPostProcessorChecker:[376] - Bean 'kubernetes.manifests-io.kubernetes.client.spring.extended.manifests.config.KubernetesManifestsProperties' of type [io.kubernetes.client.spring.extended.manifests.config.KubernetesManifestsProperties] is not eligible for getting processed by all BeanPostProcessors (for example: not eligible for auto-proxying)
[WI-0][TI-0] - 2025-11-06 15:07:35.005 INFO  [Worker-Server] o.s.c.s.PostProcessorRegistrationDelegate$BeanPostProcessorChecker:[376] - Bean 'io.kubernetes.client.spring.extended.controller.config.KubernetesInformerAutoConfiguration' of type [io.kubernetes.client.spring.extended.controller.config.KubernetesInformerAutoConfiguration] is not eligible for getting processed by all BeanPostProcessors (for example: not eligible for auto-proxying)
[WI-0][TI-0] - 2025-11-06 15:07:35.017 INFO  [Worker-Server] o.s.c.s.PostProcessorRegistrationDelegate$BeanPostProcessorChecker:[376] - Bean 'defaultApiClient' of type [io.kubernetes.client.openapi.ApiClient] is not eligible for getting processed by all BeanPostProcessors (for example: not eligible for auto-proxying)
[WI-0][TI-0] - 2025-11-06 15:07:35.095 INFO  [Worker-Server] o.a.d.p.r.z.ZookeeperRegistryAutoConfiguration:[37] - Load ZookeeperRegistryAutoConfiguration
[WI-0][TI-0] - 2025-11-06 15:07:35.117 INFO  [Worker-Server] o.a.d.p.r.z.ZookeeperRegistryProperties:[96] - 
****************************ZookeeperRegistryProperties**************************************
  namespace -> dolphinscheduler
  connectString -> zookeeper:2181
  retryPolicy -> ZookeeperRegistryProperties.ZookeeperProperties.RetryPolicy(baseSleepTime=PT0.1S, maxRetries=3, maxSleep=PT1S)
  digest -> 
  sessionTimeout -> PT1M
  connectionTimeout -> PT30S
  blockUntilConnected -> PT30S
****************************ZookeeperRegistryProperties**************************************
[WI-0][TI-0] - 2025-11-06 15:07:35.262 INFO  [Worker-Server] o.a.d.p.r.z.ZookeeperRegistry:[113] - ZookeeperRegistry started at: 44/ms
[WI-0][TI-0] - 2025-11-06 15:07:35.606 INFO  [Worker-Server] c.z.h.HikariDataSource:[110] - HikariPool-1 - Starting...
[WI-0][TI-0] - 2025-11-06 15:07:35.821 INFO  [Worker-Server] c.z.h.HikariDataSource:[123] - HikariPool-1 - Start completed.
[WI-0][TI-0] - 2025-11-06 15:07:36.102 INFO  [Worker-Server] o.a.d.e.b.s.NettyRemotingServer:[111] - WorkerRpcServer bind success at port: 1234
[WI-0][TI-0] - 2025-11-06 15:07:36.109 INFO  [Worker-Server] o.a.d.p.t.a.TaskPluginManager:[53] - Success register task plugin: SUB_WORKFLOW
[WI-0][TI-0] - 2025-11-06 15:07:36.111 INFO  [Worker-Server] o.a.d.p.t.a.TaskPluginManager:[53] - Success register task plugin: DEPENDENT
[WI-0][TI-0] - 2025-11-06 15:07:36.112 INFO  [Worker-Server] o.a.d.p.t.a.TaskPluginManager:[53] - Success register task plugin: CONDITIONS
[WI-0][TI-0] - 2025-11-06 15:07:36.113 INFO  [Worker-Server] o.a.d.p.t.a.TaskPluginManager:[53] - Success register task plugin: SWITCH
[WI-0][TI-0] - 2025-11-06 15:07:36.114 INFO  [Worker-Server] o.a.d.p.t.a.TaskPluginManager:[53] - Success register task plugin: LogicFakeTask
[WI-0][TI-0] - 2025-11-06 15:07:36.114 WARN  [Worker-Server] o.a.d.p.t.a.TaskPluginManager:[44] - The task plugin has already been loaded
[WI-0][TI-0] - 2025-11-06 15:07:36.117 INFO  [Worker-Server] o.a.d.p.d.a.p.DataSourceProcessorProvider:[41] - Initialize DataSourceProcessorProvider
[WI-0][TI-0] - 2025-11-06 15:07:36.152 INFO  [Worker-Server] o.a.d.c.c.SystemConstants:[30] - init timezone: sun.util.calendar.ZoneInfo[id="Asia/Shanghai",offset=28800000,dstSavings=0,useDaylight=false,transitions=31,lastRule=null]
[WI-0][TI-0] - 2025-11-06 15:07:36.201 INFO  [Worker-Server] o.a.d.s.w.r.WorkerRegistryClient:[94] - Worker node: 172.28.0.6:1234 registry to registry center /nodes/worker/172.28.0.6:1234 successfully
[WI-0][TI-0] - 2025-11-06 15:07:36.208 INFO  [Worker-Server] o.a.d.c.m.BaseHeartBeatTask:[47] - Starting WorkerHeartBeatTask...
[WI-0][TI-0] - 2025-11-06 15:07:36.209 INFO  [Worker-Server] o.a.d.c.m.BaseHeartBeatTask:[49] - Started WorkerHeartBeatTask, heartBeatInterval: 10000...
[WI-0][TI-0] - 2025-11-06 15:07:36.210 INFO  [Worker-Server] o.a.d.s.w.r.WorkerRegistryClient:[102] - Worker node: 172.28.0.6:1234 registry finished
[WI-0][TI-0] - 2025-11-06 15:07:36.213 INFO  [Worker-Server] o.a.d.t.e.e.TaskExecutorEventBusCoordinator:[95] - PhysicalTaskExecutorEventBusCoordinator started, worker size: 12
[WI-0][TI-0] - 2025-11-06 15:07:36.214 INFO  [Worker-Server] o.a.d.t.e.TaskEngine:[53] - PhysicalTaskEngine started
[WI-0][TI-0] - 2025-11-06 15:07:36.214 INFO  [Worker-Server] o.a.d.t.e.e.TaskExecutorLifecycleEventRemoteReporter:[81] - PhysicalTaskExecutorLifecycleEventReporter started
[WI-0][TI-0] - 2025-11-06 15:07:36.215 INFO  [Worker-Server] o.a.d.s.w.e.PhysicalTaskEngineDelegator:[57] - PhysicalTaskEngineDelegator started
[WI-0][TI-0] - 2025-11-06 15:07:37.913 INFO  [Worker-Server] o.a.d.s.w.WorkerServer:[61] - Started WorkerServer in 6.05 seconds (JVM running for 6.566)
[WI-0][TI-0] - 2025-11-06 15:07:37.920 INFO  [Thread-6] o.a.d.c.l.ServerLifeCycleManager:[88] - The current server status changed from RUNNING to STOPPED
[WI-0][TI-0] - 2025-11-06 15:07:37.928 INFO  [SpringApplicationShutdownHook] o.a.d.t.e.TaskEngine:[87] - PhysicalTaskEngine closed
[WI-0][TI-0] - 2025-11-06 15:07:37.929 INFO  [SpringApplicationShutdownHook] o.a.d.t.e.e.TaskExecutorEventBusCoordinator:[107] - PhysicalTaskExecutorEventBusCoordinator closed
[WI-0][TI-0] - 2025-11-06 15:07:37.930 INFO  [SpringApplicationShutdownHook] o.a.d.t.e.e.TaskExecutorEventBusCoordinator:[107] - PhysicalTaskExecutorEventBusCoordinator closed
[WI-0][TI-0] - 2025-11-06 15:07:37.931 INFO  [SpringApplicationShutdownHook] o.a.d.t.e.e.TaskExecutorLifecycleEventRemoteReporter:[174] - PhysicalTaskExecutorLifecycleEventReporter closed
[WI-0][TI-0] - 2025-11-06 15:07:37.931 WARN  [SpringApplicationShutdownHook] o.a.d.c.m.BaseHeartBeatTask:[78] - WorkerHeartBeatTask finished...
[WI-0][TI-0] - 2025-11-06 15:07:38.049 INFO  [SpringApplicationShutdownHook] o.a.d.s.w.r.WorkerRegistryClient:[124] - Closed WorkerRegistryClient
[WI-0][TI-0] - 2025-11-06 15:07:38.052 INFO  [SpringApplicationShutdownHook] c.z.h.HikariDataSource:[350] - HikariPool-1 - Shutdown initiated...
[WI-0][TI-0] - 2025-11-06 15:07:38.073 INFO  [SpringApplicationShutdownHook] c.z.h.HikariDataSource:[352] - HikariPool-1 - Shutdown completed.
[WI-0][TI-0] - 2025-11-06 15:07:38.075 INFO  [SpringApplicationShutdownHook] o.a.d.e.b.s.NettyRemotingServer:[149] - WorkerRpcServer closing
[WI-0][TI-0] - 2025-11-06 15:07:38.077 INFO  [SpringApplicationShutdownHook] o.a.d.e.b.s.NettyRemotingServer:[153] - WorkerRpcServer stop bind at port: 1234
[WI-0][TI-0] - 2025-11-06 15:07:38.085 INFO  [SpringApplicationShutdownHook] o.a.d.e.b.s.NettyRemotingServer:[167] - WorkerRpcServer closed
[WI-0][TI-0] - 2025-11-06 15:11:30.324 WARN  [Worker-Server] o.s.c.k.c.p.AbstractKubernetesProfileEnvironmentPostProcessor:[258] - Not running inside kubernetes. Skipping 'kubernetes' profile activation.
[WI-0][TI-0] - 2025-11-06 15:11:30.792 WARN  [Worker-Server] o.s.c.k.c.p.AbstractKubernetesProfileEnvironmentPostProcessor:[258] - Not running inside kubernetes. Skipping 'kubernetes' profile activation.
[WI-0][TI-0] - 2025-11-06 15:11:30.794 INFO  [Worker-Server] o.a.d.s.w.WorkerServer:[640] - The following 1 profile is active: "mysql"
[WI-0][TI-0] - 2025-11-06 15:11:31.772 WARN  [Worker-Server] o.m.s.m.ClassPathMapperScanner:[44] - No MyBatis mapper was found in '[org.apache.dolphinscheduler.server.worker]' package. Please check your configuration.
[WI-0][TI-0] - 2025-11-06 15:11:31.842 INFO  [Worker-Server] o.s.c.c.s.GenericScope:[283] - BeanFactory id=f001ad87-3a6a-3f67-ad4a-5009cf2fa20b
[WI-0][TI-0] - 2025-11-06 15:11:32.209 INFO  [Worker-Server] o.s.c.s.PostProcessorRegistrationDelegate$BeanPostProcessorChecker:[376] - Bean 'org.springframework.cloud.commons.config.CommonsConfigAutoConfiguration' of type [org.springframework.cloud.commons.config.CommonsConfigAutoConfiguration] is not eligible for getting processed by all BeanPostProcessors (for example: not eligible for auto-proxying)
[WI-0][TI-0] - 2025-11-06 15:11:32.214 INFO  [Worker-Server] o.s.c.s.PostProcessorRegistrationDelegate$BeanPostProcessorChecker:[376] - Bean 'org.springframework.cloud.client.loadbalancer.LoadBalancerDefaultMappingsProviderAutoConfiguration' of type [org.springframework.cloud.client.loadbalancer.LoadBalancerDefaultMappingsProviderAutoConfiguration] is not eligible for getting processed by all BeanPostProcessors (for example: not eligible for auto-proxying)
[WI-0][TI-0] - 2025-11-06 15:11:32.218 INFO  [Worker-Server] o.s.c.s.PostProcessorRegistrationDelegate$BeanPostProcessorChecker:[376] - Bean 'loadBalancerClientsDefaultsMappingsProvider' of type [org.springframework.cloud.client.loadbalancer.LoadBalancerDefaultMappingsProviderAutoConfiguration$$Lambda$415/1573349881] is not eligible for getting processed by all BeanPostProcessors (for example: not eligible for auto-proxying)
[WI-0][TI-0] - 2025-11-06 15:11:32.224 INFO  [Worker-Server] o.s.c.s.PostProcessorRegistrationDelegate$BeanPostProcessorChecker:[376] - Bean 'defaultsBindHandlerAdvisor' of type [org.springframework.cloud.commons.config.DefaultsBindHandlerAdvisor] is not eligible for getting processed by all BeanPostProcessors (for example: not eligible for auto-proxying)
[WI-0][TI-0] - 2025-11-06 15:11:32.240 INFO  [Worker-Server] o.a.d.c.u.NetUtils:[312] - Get all NetworkInterfaces: [name:eth0 (eth0), name:lo (lo)]
[WI-0][TI-0] - 2025-11-06 15:11:32.278 INFO  [Worker-Server] o.a.d.s.w.c.WorkerConfig:[97] - 
****************************Worker Configuration**************************************
  listen-port -> 1234
  max-heartbeat-interval -> PT10S
  host-weight -> 100
  tenantConfig -> TenantConfig(autoCreateTenantEnabled=true, defaultTenantEnabled=false)
  server-load-protection -> WorkerServerLoadProtectionConfig()
  address -> 172.28.0.6:1234
  registry-path: /nodes/worker/172.28.0.6:1234
  physical-task-config -> PhysicalTaskConfig(taskExecutorThreadSize=25)
  group -> default
****************************Worker Configuration**************************************
[WI-0][TI-0] - 2025-11-06 15:11:32.279 INFO  [Worker-Server] o.s.c.s.PostProcessorRegistrationDelegate$BeanPostProcessorChecker:[376] - Bean 'workerConfig' of type [org.apache.dolphinscheduler.server.worker.config.WorkerConfig$$EnhancerBySpringCGLIB$$19bcc2ee] is not eligible for getting processed by all BeanPostProcessors (for example: not eligible for auto-proxying)
[WI-0][TI-0] - 2025-11-06 15:11:32.364 INFO  [Worker-Server] o.s.c.s.PostProcessorRegistrationDelegate$BeanPostProcessorChecker:[376] - Bean 'io.kubernetes.client.spring.extended.manifests.config.KubernetesManifestsAutoConfiguration' of type [io.kubernetes.client.spring.extended.manifests.config.KubernetesManifestsAutoConfiguration] is not eligible for getting processed by all BeanPostProcessors (for example: not eligible for auto-proxying)
[WI-0][TI-0] - 2025-11-06 15:11:32.378 INFO  [Worker-Server] o.s.c.s.PostProcessorRegistrationDelegate$BeanPostProcessorChecker:[376] - Bean 'kubernetes.manifests-io.kubernetes.client.spring.extended.manifests.config.KubernetesManifestsProperties' of type [io.kubernetes.client.spring.extended.manifests.config.KubernetesManifestsProperties] is not eligible for getting processed by all BeanPostProcessors (for example: not eligible for auto-proxying)
[WI-0][TI-0] - 2025-11-06 15:11:32.388 INFO  [Worker-Server] o.s.c.s.PostProcessorRegistrationDelegate$BeanPostProcessorChecker:[376] - Bean 'io.kubernetes.client.spring.extended.controller.config.KubernetesInformerAutoConfiguration' of type [io.kubernetes.client.spring.extended.controller.config.KubernetesInformerAutoConfiguration] is not eligible for getting processed by all BeanPostProcessors (for example: not eligible for auto-proxying)
[WI-0][TI-0] - 2025-11-06 15:11:32.400 INFO  [Worker-Server] o.s.c.s.PostProcessorRegistrationDelegate$BeanPostProcessorChecker:[376] - Bean 'defaultApiClient' of type [io.kubernetes.client.openapi.ApiClient] is not eligible for getting processed by all BeanPostProcessors (for example: not eligible for auto-proxying)
[WI-0][TI-0] - 2025-11-06 15:11:32.477 INFO  [Worker-Server] o.a.d.p.r.z.ZookeeperRegistryAutoConfiguration:[37] - Load ZookeeperRegistryAutoConfiguration
[WI-0][TI-0] - 2025-11-06 15:11:32.493 INFO  [Worker-Server] o.a.d.p.r.z.ZookeeperRegistryProperties:[96] - 
****************************ZookeeperRegistryProperties**************************************
  namespace -> dolphinscheduler
  connectString -> zookeeper:2181
  retryPolicy -> ZookeeperRegistryProperties.ZookeeperProperties.RetryPolicy(baseSleepTime=PT0.1S, maxRetries=3, maxSleep=PT1S)
  digest -> 
  sessionTimeout -> PT1M
  connectionTimeout -> PT30S
  blockUntilConnected -> PT30S
****************************ZookeeperRegistryProperties**************************************
[WI-0][TI-0] - 2025-11-06 15:11:32.609 INFO  [Worker-Server] o.a.d.p.r.z.ZookeeperRegistry:[113] - ZookeeperRegistry started at: 48/ms
[WI-0][TI-0] - 2025-11-06 15:11:33.066 INFO  [Worker-Server] c.z.h.HikariDataSource:[110] - HikariPool-1 - Starting...
[WI-0][TI-0] - 2025-11-06 15:11:33.294 INFO  [Worker-Server] c.z.h.HikariDataSource:[123] - HikariPool-1 - Start completed.
[WI-0][TI-0] - 2025-11-06 15:11:33.600 INFO  [Worker-Server] o.a.d.e.b.s.NettyRemotingServer:[111] - WorkerRpcServer bind success at port: 1234
[WI-0][TI-0] - 2025-11-06 15:11:33.612 INFO  [Worker-Server] o.a.d.p.t.a.TaskPluginManager:[53] - Success register task plugin: SUB_WORKFLOW
[WI-0][TI-0] - 2025-11-06 15:11:33.614 INFO  [Worker-Server] o.a.d.p.t.a.TaskPluginManager:[53] - Success register task plugin: DEPENDENT
[WI-0][TI-0] - 2025-11-06 15:11:33.616 INFO  [Worker-Server] o.a.d.p.t.a.TaskPluginManager:[53] - Success register task plugin: CONDITIONS
[WI-0][TI-0] - 2025-11-06 15:11:33.619 INFO  [Worker-Server] o.a.d.p.t.a.TaskPluginManager:[53] - Success register task plugin: SWITCH
[WI-0][TI-0] - 2025-11-06 15:11:33.620 INFO  [Worker-Server] o.a.d.p.t.a.TaskPluginManager:[53] - Success register task plugin: LogicFakeTask
[WI-0][TI-0] - 2025-11-06 15:11:33.621 WARN  [Worker-Server] o.a.d.p.t.a.TaskPluginManager:[44] - The task plugin has already been loaded
[WI-0][TI-0] - 2025-11-06 15:11:33.626 INFO  [Worker-Server] o.a.d.p.d.a.p.DataSourceProcessorProvider:[41] - Initialize DataSourceProcessorProvider
[WI-0][TI-0] - 2025-11-06 15:11:33.696 INFO  [Worker-Server] o.a.d.c.c.SystemConstants:[30] - init timezone: sun.util.calendar.ZoneInfo[id="Asia/Shanghai",offset=28800000,dstSavings=0,useDaylight=false,transitions=31,lastRule=null]
[WI-0][TI-0] - 2025-11-06 15:11:33.780 INFO  [Worker-Server] o.a.d.s.w.r.WorkerRegistryClient:[94] - Worker node: 172.28.0.6:1234 registry to registry center /nodes/worker/172.28.0.6:1234 successfully
[WI-0][TI-0] - 2025-11-06 15:11:33.790 INFO  [Worker-Server] o.a.d.c.m.BaseHeartBeatTask:[47] - Starting WorkerHeartBeatTask...
[WI-0][TI-0] - 2025-11-06 15:11:33.791 INFO  [Worker-Server] o.a.d.c.m.BaseHeartBeatTask:[49] - Started WorkerHeartBeatTask, heartBeatInterval: 10000...
[WI-0][TI-0] - 2025-11-06 15:11:33.792 INFO  [Worker-Server] o.a.d.s.w.r.WorkerRegistryClient:[102] - Worker node: 172.28.0.6:1234 registry finished
[WI-0][TI-0] - 2025-11-06 15:11:33.796 INFO  [Worker-Server] o.a.d.t.e.e.TaskExecutorEventBusCoordinator:[95] - PhysicalTaskExecutorEventBusCoordinator started, worker size: 12
[WI-0][TI-0] - 2025-11-06 15:11:33.797 INFO  [Worker-Server] o.a.d.t.e.TaskEngine:[53] - PhysicalTaskEngine started
[WI-0][TI-0] - 2025-11-06 15:11:33.797 INFO  [Worker-Server] o.a.d.t.e.e.TaskExecutorLifecycleEventRemoteReporter:[81] - PhysicalTaskExecutorLifecycleEventReporter started
[WI-0][TI-0] - 2025-11-06 15:11:33.798 INFO  [Worker-Server] o.a.d.s.w.e.PhysicalTaskEngineDelegator:[57] - PhysicalTaskEngineDelegator started
[WI-0][TI-0] - 2025-11-06 15:11:35.652 INFO  [Worker-Server] o.a.d.s.w.WorkerServer:[61] - Started WorkerServer in 6.448 seconds (JVM running for 7.077)
[WI-0][TI-0] - 2025-11-06 15:11:35.658 INFO  [Thread-6] o.a.d.c.l.ServerLifeCycleManager:[88] - The current server status changed from RUNNING to STOPPED
[WI-0][TI-0] - 2025-11-06 15:11:35.667 INFO  [SpringApplicationShutdownHook] o.a.d.t.e.TaskEngine:[87] - PhysicalTaskEngine closed
[WI-0][TI-0] - 2025-11-06 15:11:35.668 INFO  [SpringApplicationShutdownHook] o.a.d.t.e.e.TaskExecutorEventBusCoordinator:[107] - PhysicalTaskExecutorEventBusCoordinator closed
[WI-0][TI-0] - 2025-11-06 15:11:35.670 INFO  [SpringApplicationShutdownHook] o.a.d.t.e.e.TaskExecutorEventBusCoordinator:[107] - PhysicalTaskExecutorEventBusCoordinator closed
[WI-0][TI-0] - 2025-11-06 15:11:35.671 INFO  [SpringApplicationShutdownHook] o.a.d.t.e.e.TaskExecutorLifecycleEventRemoteReporter:[174] - PhysicalTaskExecutorLifecycleEventReporter closed
[WI-0][TI-0] - 2025-11-06 15:11:35.672 WARN  [SpringApplicationShutdownHook] o.a.d.c.m.BaseHeartBeatTask:[78] - WorkerHeartBeatTask finished...
[WI-0][TI-0] - 2025-11-06 15:11:35.794 INFO  [SpringApplicationShutdownHook] o.a.d.s.w.r.WorkerRegistryClient:[124] - Closed WorkerRegistryClient
[WI-0][TI-0] - 2025-11-06 15:11:35.796 INFO  [SpringApplicationShutdownHook] c.z.h.HikariDataSource:[350] - HikariPool-1 - Shutdown initiated...
[WI-0][TI-0] - 2025-11-06 15:11:35.813 INFO  [SpringApplicationShutdownHook] c.z.h.HikariDataSource:[352] - HikariPool-1 - Shutdown completed.
[WI-0][TI-0] - 2025-11-06 15:11:35.815 INFO  [SpringApplicationShutdownHook] o.a.d.e.b.s.NettyRemotingServer:[149] - WorkerRpcServer closing
[WI-0][TI-0] - 2025-11-06 15:11:35.817 INFO  [SpringApplicationShutdownHook] o.a.d.e.b.s.NettyRemotingServer:[153] - WorkerRpcServer stop bind at port: 1234
[WI-0][TI-0] - 2025-11-06 15:11:35.825 INFO  [SpringApplicationShutdownHook] o.a.d.e.b.s.NettyRemotingServer:[167] - WorkerRpcServer closed
[WI-0][TI-0] - 2025-11-06 15:19:29.754 WARN  [Worker-Server] o.s.c.k.c.p.AbstractKubernetesProfileEnvironmentPostProcessor:[258] - Not running inside kubernetes. Skipping 'kubernetes' profile activation.
[WI-0][TI-0] - 2025-11-06 15:19:30.155 WARN  [Worker-Server] o.s.c.k.c.p.AbstractKubernetesProfileEnvironmentPostProcessor:[258] - Not running inside kubernetes. Skipping 'kubernetes' profile activation.
[WI-0][TI-0] - 2025-11-06 15:19:30.156 INFO  [Worker-Server] o.a.d.s.w.WorkerServer:[640] - The following 1 profile is active: "mysql"
[WI-0][TI-0] - 2025-11-06 15:19:31.196 WARN  [Worker-Server] o.m.s.m.ClassPathMapperScanner:[44] - No MyBatis mapper was found in '[org.apache.dolphinscheduler.server.worker]' package. Please check your configuration.
[WI-0][TI-0] - 2025-11-06 15:19:31.270 INFO  [Worker-Server] o.s.c.c.s.GenericScope:[283] - BeanFactory id=f001ad87-3a6a-3f67-ad4a-5009cf2fa20b
[WI-0][TI-0] - 2025-11-06 15:19:31.698 INFO  [Worker-Server] o.s.c.s.PostProcessorRegistrationDelegate$BeanPostProcessorChecker:[376] - Bean 'org.springframework.cloud.commons.config.CommonsConfigAutoConfiguration' of type [org.springframework.cloud.commons.config.CommonsConfigAutoConfiguration] is not eligible for getting processed by all BeanPostProcessors (for example: not eligible for auto-proxying)
[WI-0][TI-0] - 2025-11-06 15:19:31.703 INFO  [Worker-Server] o.s.c.s.PostProcessorRegistrationDelegate$BeanPostProcessorChecker:[376] - Bean 'org.springframework.cloud.client.loadbalancer.LoadBalancerDefaultMappingsProviderAutoConfiguration' of type [org.springframework.cloud.client.loadbalancer.LoadBalancerDefaultMappingsProviderAutoConfiguration] is not eligible for getting processed by all BeanPostProcessors (for example: not eligible for auto-proxying)
[WI-0][TI-0] - 2025-11-06 15:19:31.705 INFO  [Worker-Server] o.s.c.s.PostProcessorRegistrationDelegate$BeanPostProcessorChecker:[376] - Bean 'loadBalancerClientsDefaultsMappingsProvider' of type [org.springframework.cloud.client.loadbalancer.LoadBalancerDefaultMappingsProviderAutoConfiguration$$Lambda$415/1573349881] is not eligible for getting processed by all BeanPostProcessors (for example: not eligible for auto-proxying)
[WI-0][TI-0] - 2025-11-06 15:19:31.710 INFO  [Worker-Server] o.s.c.s.PostProcessorRegistrationDelegate$BeanPostProcessorChecker:[376] - Bean 'defaultsBindHandlerAdvisor' of type [org.springframework.cloud.commons.config.DefaultsBindHandlerAdvisor] is not eligible for getting processed by all BeanPostProcessors (for example: not eligible for auto-proxying)
[WI-0][TI-0] - 2025-11-06 15:19:31.726 INFO  [Worker-Server] o.a.d.c.u.NetUtils:[312] - Get all NetworkInterfaces: [name:eth0 (eth0), name:lo (lo)]
[WI-0][TI-0] - 2025-11-06 15:19:31.787 INFO  [Worker-Server] o.a.d.s.w.c.WorkerConfig:[97] - 
****************************Worker Configuration**************************************
  listen-port -> 1234
  max-heartbeat-interval -> PT10S
  host-weight -> 100
  tenantConfig -> TenantConfig(autoCreateTenantEnabled=true, defaultTenantEnabled=false)
  server-load-protection -> WorkerServerLoadProtectionConfig()
  address -> 172.28.0.6:1234
  registry-path: /nodes/worker/172.28.0.6:1234
  physical-task-config -> PhysicalTaskConfig(taskExecutorThreadSize=25)
  group -> default
****************************Worker Configuration**************************************
[WI-0][TI-0] - 2025-11-06 15:19:31.788 INFO  [Worker-Server] o.s.c.s.PostProcessorRegistrationDelegate$BeanPostProcessorChecker:[376] - Bean 'workerConfig' of type [org.apache.dolphinscheduler.server.worker.config.WorkerConfig$$EnhancerBySpringCGLIB$$19bcc2ee] is not eligible for getting processed by all BeanPostProcessors (for example: not eligible for auto-proxying)
[WI-0][TI-0] - 2025-11-06 15:19:31.920 INFO  [Worker-Server] o.s.c.s.PostProcessorRegistrationDelegate$BeanPostProcessorChecker:[376] - Bean 'io.kubernetes.client.spring.extended.manifests.config.KubernetesManifestsAutoConfiguration' of type [io.kubernetes.client.spring.extended.manifests.config.KubernetesManifestsAutoConfiguration] is not eligible for getting processed by all BeanPostProcessors (for example: not eligible for auto-proxying)
[WI-0][TI-0] - 2025-11-06 15:19:31.933 INFO  [Worker-Server] o.s.c.s.PostProcessorRegistrationDelegate$BeanPostProcessorChecker:[376] - Bean 'kubernetes.manifests-io.kubernetes.client.spring.extended.manifests.config.KubernetesManifestsProperties' of type [io.kubernetes.client.spring.extended.manifests.config.KubernetesManifestsProperties] is not eligible for getting processed by all BeanPostProcessors (for example: not eligible for auto-proxying)
[WI-0][TI-0] - 2025-11-06 15:19:31.943 INFO  [Worker-Server] o.s.c.s.PostProcessorRegistrationDelegate$BeanPostProcessorChecker:[376] - Bean 'io.kubernetes.client.spring.extended.controller.config.KubernetesInformerAutoConfiguration' of type [io.kubernetes.client.spring.extended.controller.config.KubernetesInformerAutoConfiguration] is not eligible for getting processed by all BeanPostProcessors (for example: not eligible for auto-proxying)
[WI-0][TI-0] - 2025-11-06 15:19:31.956 INFO  [Worker-Server] o.s.c.s.PostProcessorRegistrationDelegate$BeanPostProcessorChecker:[376] - Bean 'defaultApiClient' of type [io.kubernetes.client.openapi.ApiClient] is not eligible for getting processed by all BeanPostProcessors (for example: not eligible for auto-proxying)
[WI-0][TI-0] - 2025-11-06 15:19:32.055 INFO  [Worker-Server] o.a.d.p.r.z.ZookeeperRegistryAutoConfiguration:[37] - Load ZookeeperRegistryAutoConfiguration
[WI-0][TI-0] - 2025-11-06 15:19:32.080 INFO  [Worker-Server] o.a.d.p.r.z.ZookeeperRegistryProperties:[96] - 
****************************ZookeeperRegistryProperties**************************************
  namespace -> dolphinscheduler
  connectString -> zookeeper:2181
  retryPolicy -> ZookeeperRegistryProperties.ZookeeperProperties.RetryPolicy(baseSleepTime=PT0.1S, maxRetries=3, maxSleep=PT1S)
  digest -> 
  sessionTimeout -> PT1M
  connectionTimeout -> PT30S
  blockUntilConnected -> PT30S
****************************ZookeeperRegistryProperties**************************************
[WI-0][TI-0] - 2025-11-06 15:19:32.251 INFO  [Worker-Server] o.a.d.p.r.z.ZookeeperRegistry:[113] - ZookeeperRegistry started at: 47/ms
[WI-0][TI-0] - 2025-11-06 15:19:32.580 INFO  [Worker-Server] c.z.h.HikariDataSource:[110] - HikariPool-1 - Starting...
[WI-0][TI-0] - 2025-11-06 15:19:32.814 INFO  [Worker-Server] c.z.h.HikariDataSource:[123] - HikariPool-1 - Start completed.
[WI-0][TI-0] - 2025-11-06 15:19:33.195 INFO  [Worker-Server] o.a.d.e.b.s.NettyRemotingServer:[111] - WorkerRpcServer bind success at port: 1234
[WI-0][TI-0] - 2025-11-06 15:19:33.204 INFO  [Worker-Server] o.a.d.p.t.a.TaskPluginManager:[53] - Success register task plugin: SUB_WORKFLOW
[WI-0][TI-0] - 2025-11-06 15:19:33.206 INFO  [Worker-Server] o.a.d.p.t.a.TaskPluginManager:[53] - Success register task plugin: DEPENDENT
[WI-0][TI-0] - 2025-11-06 15:19:33.207 INFO  [Worker-Server] o.a.d.p.t.a.TaskPluginManager:[53] - Success register task plugin: CONDITIONS
[WI-0][TI-0] - 2025-11-06 15:19:33.209 INFO  [Worker-Server] o.a.d.p.t.a.TaskPluginManager:[53] - Success register task plugin: SWITCH
[WI-0][TI-0] - 2025-11-06 15:19:33.210 INFO  [Worker-Server] o.a.d.p.t.a.TaskPluginManager:[53] - Success register task plugin: LogicFakeTask
[WI-0][TI-0] - 2025-11-06 15:19:33.211 WARN  [Worker-Server] o.a.d.p.t.a.TaskPluginManager:[44] - The task plugin has already been loaded
[WI-0][TI-0] - 2025-11-06 15:19:33.214 INFO  [Worker-Server] o.a.d.p.d.a.p.DataSourceProcessorProvider:[41] - Initialize DataSourceProcessorProvider
[WI-0][TI-0] - 2025-11-06 15:19:33.264 INFO  [Worker-Server] o.a.d.c.c.SystemConstants:[30] - init timezone: sun.util.calendar.ZoneInfo[id="Asia/Shanghai",offset=28800000,dstSavings=0,useDaylight=false,transitions=31,lastRule=null]
[WI-0][TI-0] - 2025-11-06 15:19:33.319 INFO  [Worker-Server] o.a.d.s.w.r.WorkerRegistryClient:[94] - Worker node: 172.28.0.6:1234 registry to registry center /nodes/worker/172.28.0.6:1234 successfully
[WI-0][TI-0] - 2025-11-06 15:19:33.326 INFO  [Worker-Server] o.a.d.c.m.BaseHeartBeatTask:[47] - Starting WorkerHeartBeatTask...
[WI-0][TI-0] - 2025-11-06 15:19:33.328 INFO  [Worker-Server] o.a.d.c.m.BaseHeartBeatTask:[49] - Started WorkerHeartBeatTask, heartBeatInterval: 10000...
[WI-0][TI-0] - 2025-11-06 15:19:33.329 INFO  [Worker-Server] o.a.d.s.w.r.WorkerRegistryClient:[102] - Worker node: 172.28.0.6:1234 registry finished
[WI-0][TI-0] - 2025-11-06 15:19:33.332 INFO  [Worker-Server] o.a.d.t.e.e.TaskExecutorEventBusCoordinator:[95] - PhysicalTaskExecutorEventBusCoordinator started, worker size: 12
[WI-0][TI-0] - 2025-11-06 15:19:33.333 INFO  [Worker-Server] o.a.d.t.e.TaskEngine:[53] - PhysicalTaskEngine started
[WI-0][TI-0] - 2025-11-06 15:19:33.333 INFO  [Worker-Server] o.a.d.t.e.e.TaskExecutorLifecycleEventRemoteReporter:[81] - PhysicalTaskExecutorLifecycleEventReporter started
[WI-0][TI-0] - 2025-11-06 15:19:33.334 INFO  [Worker-Server] o.a.d.s.w.e.PhysicalTaskEngineDelegator:[57] - PhysicalTaskEngineDelegator started
[WI-0][TI-0] - 2025-11-06 15:19:35.141 INFO  [Worker-Server] o.a.d.s.w.WorkerServer:[61] - Started WorkerServer in 6.759 seconds (JVM running for 7.799)
[WI-0][TI-0] - 2025-11-06 15:19:35.147 INFO  [Thread-6] o.a.d.c.l.ServerLifeCycleManager:[88] - The current server status changed from RUNNING to STOPPED
[WI-0][TI-0] - 2025-11-06 15:19:35.151 INFO  [SpringApplicationShutdownHook] o.a.d.t.e.TaskEngine:[87] - PhysicalTaskEngine closed
[WI-0][TI-0] - 2025-11-06 15:19:35.153 INFO  [SpringApplicationShutdownHook] o.a.d.t.e.e.TaskExecutorEventBusCoordinator:[107] - PhysicalTaskExecutorEventBusCoordinator closed
[WI-0][TI-0] - 2025-11-06 15:19:35.154 INFO  [SpringApplicationShutdownHook] o.a.d.t.e.e.TaskExecutorEventBusCoordinator:[107] - PhysicalTaskExecutorEventBusCoordinator closed
[WI-0][TI-0] - 2025-11-06 15:19:35.155 INFO  [SpringApplicationShutdownHook] o.a.d.t.e.e.TaskExecutorLifecycleEventRemoteReporter:[174] - PhysicalTaskExecutorLifecycleEventReporter closed
[WI-0][TI-0] - 2025-11-06 15:19:35.156 WARN  [SpringApplicationShutdownHook] o.a.d.c.m.BaseHeartBeatTask:[78] - WorkerHeartBeatTask finished...
[WI-0][TI-0] - 2025-11-06 15:19:35.281 INFO  [SpringApplicationShutdownHook] o.a.d.s.w.r.WorkerRegistryClient:[124] - Closed WorkerRegistryClient
[WI-0][TI-0] - 2025-11-06 15:19:35.284 INFO  [SpringApplicationShutdownHook] c.z.h.HikariDataSource:[350] - HikariPool-1 - Shutdown initiated...
[WI-0][TI-0] - 2025-11-06 15:19:35.304 INFO  [SpringApplicationShutdownHook] c.z.h.HikariDataSource:[352] - HikariPool-1 - Shutdown completed.
[WI-0][TI-0] - 2025-11-06 15:19:35.306 INFO  [SpringApplicationShutdownHook] o.a.d.e.b.s.NettyRemotingServer:[149] - WorkerRpcServer closing
[WI-0][TI-0] - 2025-11-06 15:19:35.308 INFO  [SpringApplicationShutdownHook] o.a.d.e.b.s.NettyRemotingServer:[153] - WorkerRpcServer stop bind at port: 1234
[WI-0][TI-0] - 2025-11-06 15:19:35.319 INFO  [SpringApplicationShutdownHook] o.a.d.e.b.s.NettyRemotingServer:[167] - WorkerRpcServer closed
[WI-0][TI-0] - 2025-11-06 15:53:02.254 WARN  [Worker-Server] o.m.s.m.ClassPathMapperScanner:[44] - No MyBatis mapper was found in '[org.apache.dolphinscheduler.server.worker]' package. Please check your configuration.
[WI-0][TI-0] - 2025-11-06 15:53:02.705 INFO  [Worker-Server] o.a.d.c.u.NetUtils:[312] - Get all NetworkInterfaces: [name:eth0 (eth0), name:lo (lo)]
[WI-0][TI-0] - 2025-11-06 15:53:02.744 INFO  [Worker-Server] o.a.d.s.w.c.WorkerConfig:[97] - 
****************************Worker Configuration**************************************
  listen-port -> 1234
  max-heartbeat-interval -> PT10S
  host-weight -> 100
  tenantConfig -> TenantConfig(autoCreateTenantEnabled=true, defaultTenantEnabled=false)
  server-load-protection -> WorkerServerLoadProtectionConfig()
  address -> 172.28.0.6:1234
  registry-path: /nodes/worker/172.28.0.6:1234
  physical-task-config -> PhysicalTaskConfig(taskExecutorThreadSize=25)
  group -> default
****************************Worker Configuration**************************************
[WI-0][TI-0] - 2025-11-06 15:53:02.955 INFO  [Worker-Server] o.a.d.p.r.z.ZookeeperRegistryAutoConfiguration:[37] - Load ZookeeperRegistryAutoConfiguration
[WI-0][TI-0] - 2025-11-06 15:53:02.973 INFO  [Worker-Server] o.a.d.p.r.z.ZookeeperRegistryProperties:[96] - 
****************************ZookeeperRegistryProperties**************************************
  namespace -> dolphinscheduler
  connectString -> zookeeper:2181
  retryPolicy -> ZookeeperRegistryProperties.ZookeeperProperties.RetryPolicy(baseSleepTime=PT0.1S, maxRetries=3, maxSleep=PT1S)
  digest -> 
  sessionTimeout -> PT1M
  connectionTimeout -> PT30S
  blockUntilConnected -> PT30S
****************************ZookeeperRegistryProperties**************************************
[WI-0][TI-0] - 2025-11-06 15:53:03.102 INFO  [Worker-Server] o.a.d.p.r.z.ZookeeperRegistry:[113] - ZookeeperRegistry started at: 42/ms
[WI-0][TI-0] - 2025-11-06 15:53:03.780 INFO  [Worker-Server] c.z.h.HikariDataSource:[110] - HikariPool-1 - Starting...
[WI-0][TI-0] - 2025-11-06 15:53:03.985 INFO  [Worker-Server] c.z.h.HikariDataSource:[123] - HikariPool-1 - Start completed.
[WI-0][TI-0] - 2025-11-06 15:53:04.331 INFO  [Worker-Server] o.a.d.e.b.s.NettyRemotingServer:[111] - WorkerRpcServer bind success at port: 1234
[WI-0][TI-0] - 2025-11-06 15:53:04.376 INFO  [Worker-Server] o.a.d.p.t.a.TaskPluginManager:[53] - Success register task plugin: JAVA
[WI-0][TI-0] - 2025-11-06 15:53:04.382 INFO  [Worker-Server] o.a.d.p.t.a.TaskPluginManager:[53] - Success register task plugin: JUPYTER
[WI-0][TI-0] - 2025-11-06 15:53:04.387 INFO  [Worker-Server] o.a.d.p.t.a.TaskPluginManager:[53] - Success register task plugin: SPARK
[WI-0][TI-0] - 2025-11-06 15:53:04.391 INFO  [Worker-Server] o.a.d.p.t.a.TaskPluginManager:[53] - Success register task plugin: FLINK_STREAM
[WI-0][TI-0] - 2025-11-06 15:53:04.394 INFO  [Worker-Server] o.a.d.p.t.a.TaskPluginManager:[53] - Success register task plugin: PYTHON
[WI-0][TI-0] - 2025-11-06 15:53:04.397 INFO  [Worker-Server] o.a.d.p.t.a.TaskPluginManager:[53] - Success register task plugin: ALIYUN_SERVERLESS_SPARK
[WI-0][TI-0] - 2025-11-06 15:53:04.400 INFO  [Worker-Server] o.a.d.p.t.a.TaskPluginManager:[53] - Success register task plugin: DATASYNC
[WI-0][TI-0] - 2025-11-06 15:53:04.403 INFO  [Worker-Server] o.a.d.p.t.a.TaskPluginManager:[53] - Success register task plugin: DATA_FACTORY
[WI-0][TI-0] - 2025-11-06 15:53:04.404 INFO  [Worker-Server] o.a.d.p.t.a.TaskPluginManager:[53] - Success register task plugin: CHUNJUN
[WI-0][TI-0] - 2025-11-06 15:53:04.406 INFO  [Worker-Server] o.a.d.p.t.a.TaskPluginManager:[53] - Success register task plugin: CONDITIONS
[WI-0][TI-0] - 2025-11-06 15:53:04.408 INFO  [Worker-Server] o.a.d.p.t.a.TaskPluginManager:[53] - Success register task plugin: REMOTESHELL
[WI-0][TI-0] - 2025-11-06 15:53:04.408 INFO  [Worker-Server] o.a.d.p.t.a.TaskPluginManager:[53] - Success register task plugin: SUB_WORKFLOW
[WI-0][TI-0] - 2025-11-06 15:53:04.411 INFO  [Worker-Server] o.a.d.p.t.a.TaskPluginManager:[53] - Success register task plugin: PROCEDURE
[WI-0][TI-0] - 2025-11-06 15:53:04.412 INFO  [Worker-Server] o.a.d.p.t.a.TaskPluginManager:[53] - Success register task plugin: SHELL
[WI-0][TI-0] - 2025-11-06 15:53:04.413 INFO  [Worker-Server] o.a.d.p.t.a.TaskPluginManager:[53] - Success register task plugin: DEPENDENT
[WI-0][TI-0] - 2025-11-06 15:53:04.416 INFO  [Worker-Server] o.a.d.p.t.a.TaskPluginManager:[53] - Success register task plugin: SQOOP
[WI-0][TI-0] - 2025-11-06 15:53:04.418 INFO  [Worker-Server] o.a.d.p.t.a.TaskPluginManager:[53] - Success register task plugin: MR
[WI-0][TI-0] - 2025-11-06 15:53:04.420 INFO  [Worker-Server] o.a.d.p.t.a.TaskPluginManager:[53] - Success register task plugin: PYTORCH
[WI-0][TI-0] - 2025-11-06 15:53:04.422 INFO  [Worker-Server] o.a.d.p.t.a.TaskPluginManager:[53] - Success register task plugin: K8S
[WI-0][TI-0] - 2025-11-06 15:53:04.424 INFO  [Worker-Server] o.a.d.p.t.a.TaskPluginManager:[53] - Success register task plugin: SAGEMAKER
[WI-0][TI-0] - 2025-11-06 15:53:04.427 INFO  [Worker-Server] o.a.d.p.t.a.TaskPluginManager:[53] - Success register task plugin: SEATUNNEL
[WI-0][TI-0] - 2025-11-06 15:53:04.430 INFO  [Worker-Server] o.a.d.p.t.a.TaskPluginManager:[53] - Success register task plugin: HTTP
[WI-0][TI-0] - 2025-11-06 15:53:04.433 INFO  [Worker-Server] o.a.d.p.t.a.TaskPluginManager:[53] - Success register task plugin: EMR
[WI-0][TI-0] - 2025-11-06 15:53:04.436 INFO  [Worker-Server] o.a.d.p.t.a.TaskPluginManager:[53] - Success register task plugin: DMS
[WI-0][TI-0] - 2025-11-06 15:53:04.438 INFO  [Worker-Server] o.a.d.p.t.a.TaskPluginManager:[53] - Success register task plugin: KUBEFLOW
[WI-0][TI-0] - 2025-11-06 15:53:04.441 INFO  [Worker-Server] o.a.d.p.t.a.TaskPluginManager:[53] - Success register task plugin: SQL
[WI-0][TI-0] - 2025-11-06 15:53:04.444 INFO  [Worker-Server] o.a.d.p.t.a.TaskPluginManager:[53] - Success register task plugin: DVC
[WI-0][TI-0] - 2025-11-06 15:53:04.447 INFO  [Worker-Server] o.a.d.p.t.a.TaskPluginManager:[53] - Success register task plugin: DATAX
[WI-0][TI-0] - 2025-11-06 15:53:04.449 INFO  [Worker-Server] o.a.d.p.t.a.TaskPluginManager:[53] - Success register task plugin: ZEPPELIN
[WI-0][TI-0] - 2025-11-06 15:53:04.451 INFO  [Worker-Server] o.a.d.p.t.a.TaskPluginManager:[53] - Success register task plugin: DINKY
[WI-0][TI-0] - 2025-11-06 15:53:04.453 INFO  [Worker-Server] o.a.d.p.t.a.TaskPluginManager:[53] - Success register task plugin: MLFLOW
[WI-0][TI-0] - 2025-11-06 15:53:04.454 INFO  [Worker-Server] o.a.d.p.t.a.TaskPluginManager:[53] - Success register task plugin: SWITCH
[WI-0][TI-0] - 2025-11-06 15:53:04.455 INFO  [Worker-Server] o.a.d.p.t.a.TaskPluginManager:[53] - Success register task plugin: OPENMLDB
[WI-0][TI-0] - 2025-11-06 15:53:04.456 INFO  [Worker-Server] o.a.d.p.t.a.TaskPluginManager:[53] - Success register task plugin: LogicFakeTask
[WI-0][TI-0] - 2025-11-06 15:53:04.457 INFO  [Worker-Server] o.a.d.p.t.a.TaskPluginManager:[53] - Success register task plugin: LINKIS
[WI-0][TI-0] - 2025-11-06 15:53:04.459 INFO  [Worker-Server] o.a.d.p.t.a.TaskPluginManager:[53] - Success register task plugin: HIVECLI
[WI-0][TI-0] - 2025-11-06 15:53:04.460 INFO  [Worker-Server] o.a.d.p.t.a.TaskPluginManager:[53] - Success register task plugin: FLINK
[WI-0][TI-0] - 2025-11-06 15:53:04.460 WARN  [Worker-Server] o.a.d.p.t.a.TaskPluginManager:[44] - The task plugin has already been loaded
[WI-0][TI-0] - 2025-11-06 15:53:04.467 INFO  [Worker-Server] o.a.d.p.d.a.p.DataSourceProcessorManager:[49] - Success register datasource plugin -> K8S
[WI-0][TI-0] - 2025-11-06 15:53:04.469 INFO  [Worker-Server] o.a.d.p.d.a.p.DataSourceProcessorManager:[49] - Success register datasource plugin -> ZEPPELIN
[WI-0][TI-0] - 2025-11-06 15:53:04.471 INFO  [Worker-Server] o.a.d.p.d.a.p.DataSourceProcessorManager:[49] - Success register datasource plugin -> SSH
[WI-0][TI-0] - 2025-11-06 15:53:04.472 INFO  [Worker-Server] o.a.d.p.d.a.p.DataSourceProcessorManager:[49] - Success register datasource plugin -> CLICKHOUSE
[WI-0][TI-0] - 2025-11-06 15:53:04.474 INFO  [Worker-Server] o.a.d.p.d.a.p.DataSourceProcessorManager:[49] - Success register datasource plugin -> DATABEND
[WI-0][TI-0] - 2025-11-06 15:53:04.476 INFO  [Worker-Server] o.a.d.p.d.a.p.DataSourceProcessorManager:[49] - Success register datasource plugin -> DB2
[WI-0][TI-0] - 2025-11-06 15:53:04.480 INFO  [Worker-Server] o.a.d.p.d.a.p.DataSourceProcessorManager:[49] - Success register datasource plugin -> HIVE
[WI-0][TI-0] - 2025-11-06 15:53:04.483 INFO  [Worker-Server] o.a.d.p.d.a.p.DataSourceProcessorManager:[49] - Success register datasource plugin -> MYSQL
[WI-0][TI-0] - 2025-11-06 15:53:04.485 INFO  [Worker-Server] o.a.d.p.d.a.p.DataSourceProcessorManager:[49] - Success register datasource plugin -> OCEANBASE
[WI-0][TI-0] - 2025-11-06 15:53:04.487 INFO  [Worker-Server] o.a.d.p.d.a.p.DataSourceProcessorManager:[49] - Success register datasource plugin -> ORACLE
[WI-0][TI-0] - 2025-11-06 15:53:04.489 INFO  [Worker-Server] o.a.d.p.d.a.p.DataSourceProcessorManager:[49] - Success register datasource plugin -> POSTGRESQL
[WI-0][TI-0] - 2025-11-06 15:53:04.490 INFO  [Worker-Server] o.a.d.p.d.a.p.DataSourceProcessorManager:[49] - Success register datasource plugin -> SQLSERVER
[WI-0][TI-0] - 2025-11-06 15:53:04.493 INFO  [Worker-Server] o.a.d.p.d.a.p.DataSourceProcessorManager:[49] - Success register datasource plugin -> REDSHIFT
[WI-0][TI-0] - 2025-11-06 15:53:04.495 INFO  [Worker-Server] o.a.d.p.d.a.p.DataSourceProcessorManager:[49] - Success register datasource plugin -> ATHENA
[WI-0][TI-0] - 2025-11-06 15:53:04.496 INFO  [Worker-Server] o.a.d.p.d.a.p.DataSourceProcessorManager:[49] - Success register datasource plugin -> SPARK
[WI-0][TI-0] - 2025-11-06 15:53:04.498 INFO  [Worker-Server] o.a.d.p.d.a.p.DataSourceProcessorManager:[49] - Success register datasource plugin -> PRESTO
[WI-0][TI-0] - 2025-11-06 15:53:04.500 INFO  [Worker-Server] o.a.d.p.d.a.p.DataSourceProcessorManager:[49] - Success register datasource plugin -> TRINO
[WI-0][TI-0] - 2025-11-06 15:53:04.503 INFO  [Worker-Server] o.a.d.p.d.a.p.DataSourceProcessorManager:[49] - Success register datasource plugin -> STARROCKS
[WI-0][TI-0] - 2025-11-06 15:53:04.506 INFO  [Worker-Server] o.a.d.p.d.a.p.DataSourceProcessorManager:[49] - Success register datasource plugin -> AZURESQL
[WI-0][TI-0] - 2025-11-06 15:53:04.508 INFO  [Worker-Server] o.a.d.p.d.a.p.DataSourceProcessorManager:[49] - Success register datasource plugin -> DAMENG
[WI-0][TI-0] - 2025-11-06 15:53:04.511 INFO  [Worker-Server] o.a.d.p.d.a.p.DataSourceProcessorManager:[49] - Success register datasource plugin -> SNOWFLAKE
[WI-0][TI-0] - 2025-11-06 15:53:04.512 INFO  [Worker-Server] o.a.d.p.d.a.p.DataSourceProcessorManager:[49] - Success register datasource plugin -> KYUUBI
[WI-0][TI-0] - 2025-11-06 15:53:04.514 INFO  [Worker-Server] o.a.d.p.d.a.p.DataSourceProcessorManager:[49] - Success register datasource plugin -> VERTICA
[WI-0][TI-0] - 2025-11-06 15:53:04.516 INFO  [Worker-Server] o.a.d.p.d.a.p.DataSourceProcessorManager:[49] - Success register datasource plugin -> DORIS
[WI-0][TI-0] - 2025-11-06 15:53:04.517 INFO  [Worker-Server] o.a.d.p.d.a.p.DataSourceProcessorManager:[49] - Success register datasource plugin -> SAGEMAKER
[WI-0][TI-0] - 2025-11-06 15:53:04.519 INFO  [Worker-Server] o.a.d.p.d.a.p.DataSourceProcessorManager:[49] - Success register datasource plugin -> HANA
[WI-0][TI-0] - 2025-11-06 15:53:04.521 INFO  [Worker-Server] o.a.d.p.d.a.p.DataSourceProcessorManager:[49] - Success register datasource plugin -> ALIYUN_SERVERLESS_SPARK
[WI-0][TI-0] - 2025-11-06 15:53:04.522 INFO  [Worker-Server] o.a.d.p.d.a.p.DataSourceProcessorManager:[49] - Success register datasource plugin -> DOLPHINDB
[WI-0][TI-0] - 2025-11-06 15:53:04.525 INFO  [Worker-Server] o.a.d.p.d.a.p.DataSourceProcessorProvider:[41] - Initialize DataSourceProcessorProvider
[WI-0][TI-0] - 2025-11-06 15:53:04.565 INFO  [Worker-Server] o.a.d.c.c.SystemConstants:[30] - init timezone: sun.util.calendar.ZoneInfo[id="Asia/Shanghai",offset=28800000,dstSavings=0,useDaylight=false,transitions=31,lastRule=null]
[WI-0][TI-0] - 2025-11-06 15:53:04.646 INFO  [Worker-Server] o.a.d.s.w.r.WorkerRegistryClient:[94] - Worker node: 172.28.0.6:1234 registry to registry center /nodes/worker/172.28.0.6:1234 successfully
[WI-0][TI-0] - 2025-11-06 15:53:04.656 INFO  [Worker-Server] o.a.d.c.m.BaseHeartBeatTask:[47] - Starting WorkerHeartBeatTask...
[WI-0][TI-0] - 2025-11-06 15:53:04.657 INFO  [Worker-Server] o.a.d.c.m.BaseHeartBeatTask:[49] - Started WorkerHeartBeatTask, heartBeatInterval: 10000...
[WI-0][TI-0] - 2025-11-06 15:53:04.658 INFO  [Worker-Server] o.a.d.s.w.r.WorkerRegistryClient:[102] - Worker node: 172.28.0.6:1234 registry finished
[WI-0][TI-0] - 2025-11-06 15:53:04.661 INFO  [Worker-Server] o.a.d.t.e.e.TaskExecutorEventBusCoordinator:[95] - PhysicalTaskExecutorEventBusCoordinator started, worker size: 12
[WI-0][TI-0] - 2025-11-06 15:53:04.662 INFO  [Worker-Server] o.a.d.t.e.TaskEngine:[53] - PhysicalTaskEngine started
[WI-0][TI-0] - 2025-11-06 15:53:04.663 INFO  [Worker-Server] o.a.d.t.e.e.TaskExecutorLifecycleEventRemoteReporter:[81] - PhysicalTaskExecutorLifecycleEventReporter started
[WI-0][TI-0] - 2025-11-06 15:53:04.664 INFO  [Worker-Server] o.a.d.s.w.e.PhysicalTaskEngineDelegator:[57] - PhysicalTaskEngineDelegator started
[WI-0][TI-0] - 2025-11-06 15:53:06.432 INFO  [Thread-6] o.a.d.c.l.ServerLifeCycleManager:[88] - The current server status changed from RUNNING to STOPPED
[WI-0][TI-0] - 2025-11-06 15:53:06.440 INFO  [SpringApplicationShutdownHook] o.a.d.t.e.TaskEngine:[87] - PhysicalTaskEngine closed
[WI-0][TI-0] - 2025-11-06 15:53:06.441 INFO  [SpringApplicationShutdownHook] o.a.d.t.e.e.TaskExecutorEventBusCoordinator:[107] - PhysicalTaskExecutorEventBusCoordinator closed
[WI-0][TI-0] - 2025-11-06 15:53:06.442 INFO  [SpringApplicationShutdownHook] o.a.d.t.e.e.TaskExecutorEventBusCoordinator:[107] - PhysicalTaskExecutorEventBusCoordinator closed
[WI-0][TI-0] - 2025-11-06 15:53:06.443 INFO  [SpringApplicationShutdownHook] o.a.d.t.e.e.TaskExecutorLifecycleEventRemoteReporter:[174] - PhysicalTaskExecutorLifecycleEventReporter closed
[WI-0][TI-0] - 2025-11-06 15:53:06.444 WARN  [SpringApplicationShutdownHook] o.a.d.c.m.BaseHeartBeatTask:[78] - WorkerHeartBeatTask finished...
[WI-0][TI-0] - 2025-11-06 15:53:06.561 INFO  [SpringApplicationShutdownHook] o.a.d.s.w.r.WorkerRegistryClient:[124] - Closed WorkerRegistryClient
[WI-0][TI-0] - 2025-11-06 15:53:06.562 INFO  [SpringApplicationShutdownHook] c.z.h.HikariDataSource:[350] - HikariPool-1 - Shutdown initiated...
[WI-0][TI-0] - 2025-11-06 15:53:06.579 INFO  [SpringApplicationShutdownHook] c.z.h.HikariDataSource:[352] - HikariPool-1 - Shutdown completed.
[WI-0][TI-0] - 2025-11-06 15:53:06.580 INFO  [SpringApplicationShutdownHook] o.a.d.e.b.s.NettyRemotingServer:[149] - WorkerRpcServer closing
[WI-0][TI-0] - 2025-11-06 15:53:06.582 INFO  [SpringApplicationShutdownHook] o.a.d.e.b.s.NettyRemotingServer:[153] - WorkerRpcServer stop bind at port: 1234
[WI-0][TI-0] - 2025-11-06 15:53:06.590 INFO  [SpringApplicationShutdownHook] o.a.d.e.b.s.NettyRemotingServer:[167] - WorkerRpcServer closed
