[WI-0][TI-0] - 2025-11-06 10:47:21.860 WARN  [Worker-Server] o.s.c.k.c.p.AbstractKubernetesProfileEnvironmentPostProcessor:[258] - Not running inside kubernetes. Skipping 'kubernetes' profile activation.
[WI-0][TI-0] - 2025-11-06 10:47:22.276 WARN  [Worker-Server] o.s.c.k.c.p.AbstractKubernetesProfileEnvironmentPostProcessor:[258] - Not running inside kubernetes. Skipping 'kubernetes' profile activation.
[WI-0][TI-0] - 2025-11-06 10:47:22.278 INFO  [Worker-Server] o.a.d.s.w.WorkerServer:[640] - The following 1 profile is active: "mysql"
[WI-0][TI-0] - 2025-11-06 10:47:23.465 WARN  [Worker-Server] o.m.s.m.ClassPathMapperScanner:[44] - No MyBatis mapper was found in '[org.apache.dolphinscheduler.server.worker]' package. Please check your configuration.
[WI-0][TI-0] - 2025-11-06 10:47:23.541 INFO  [Worker-Server] o.s.c.c.s.GenericScope:[283] - BeanFactory id=f001ad87-3a6a-3f67-ad4a-5009cf2fa20b
[WI-0][TI-0] - 2025-11-06 10:47:23.897 INFO  [Worker-Server] o.s.c.s.PostProcessorRegistrationDelegate$BeanPostProcessorChecker:[376] - Bean 'org.springframework.cloud.commons.config.CommonsConfigAutoConfiguration' of type [org.springframework.cloud.commons.config.CommonsConfigAutoConfiguration] is not eligible for getting processed by all BeanPostProcessors (for example: not eligible for auto-proxying)
[WI-0][TI-0] - 2025-11-06 10:47:23.901 INFO  [Worker-Server] o.s.c.s.PostProcessorRegistrationDelegate$BeanPostProcessorChecker:[376] - Bean 'org.springframework.cloud.client.loadbalancer.LoadBalancerDefaultMappingsProviderAutoConfiguration' of type [org.springframework.cloud.client.loadbalancer.LoadBalancerDefaultMappingsProviderAutoConfiguration] is not eligible for getting processed by all BeanPostProcessors (for example: not eligible for auto-proxying)
[WI-0][TI-0] - 2025-11-06 10:47:23.903 INFO  [Worker-Server] o.s.c.s.PostProcessorRegistrationDelegate$BeanPostProcessorChecker:[376] - Bean 'loadBalancerClientsDefaultsMappingsProvider' of type [org.springframework.cloud.client.loadbalancer.LoadBalancerDefaultMappingsProviderAutoConfiguration$$Lambda$415/1573349881] is not eligible for getting processed by all BeanPostProcessors (for example: not eligible for auto-proxying)
[WI-0][TI-0] - 2025-11-06 10:47:23.909 INFO  [Worker-Server] o.s.c.s.PostProcessorRegistrationDelegate$BeanPostProcessorChecker:[376] - Bean 'defaultsBindHandlerAdvisor' of type [org.springframework.cloud.commons.config.DefaultsBindHandlerAdvisor] is not eligible for getting processed by all BeanPostProcessors (for example: not eligible for auto-proxying)
[WI-0][TI-0] - 2025-11-06 10:47:23.926 INFO  [Worker-Server] o.a.d.c.u.NetUtils:[312] - Get all NetworkInterfaces: [name:eth0 (eth0), name:lo (lo)]
[WI-0][TI-0] - 2025-11-06 10:47:23.970 INFO  [Worker-Server] o.a.d.s.w.c.WorkerConfig:[97] - 
****************************Worker Configuration**************************************
  listen-port -> 1234
  max-heartbeat-interval -> PT10S
  host-weight -> 100
  tenantConfig -> TenantConfig(autoCreateTenantEnabled=true, defaultTenantEnabled=false)
  server-load-protection -> WorkerServerLoadProtectionConfig()
  address -> 172.28.0.6:1234
  registry-path: /nodes/worker/172.28.0.6:1234
  physical-task-config -> PhysicalTaskConfig(taskExecutorThreadSize=25)
  group -> default
****************************Worker Configuration**************************************
[WI-0][TI-0] - 2025-11-06 10:47:23.971 INFO  [Worker-Server] o.s.c.s.PostProcessorRegistrationDelegate$BeanPostProcessorChecker:[376] - Bean 'workerConfig' of type [org.apache.dolphinscheduler.server.worker.config.WorkerConfig$$EnhancerBySpringCGLIB$$19bcc2ee] is not eligible for getting processed by all BeanPostProcessors (for example: not eligible for auto-proxying)
[WI-0][TI-0] - 2025-11-06 10:47:24.070 INFO  [Worker-Server] o.s.c.s.PostProcessorRegistrationDelegate$BeanPostProcessorChecker:[376] - Bean 'io.kubernetes.client.spring.extended.manifests.config.KubernetesManifestsAutoConfiguration' of type [io.kubernetes.client.spring.extended.manifests.config.KubernetesManifestsAutoConfiguration] is not eligible for getting processed by all BeanPostProcessors (for example: not eligible for auto-proxying)
[WI-0][TI-0] - 2025-11-06 10:47:24.085 INFO  [Worker-Server] o.s.c.s.PostProcessorRegistrationDelegate$BeanPostProcessorChecker:[376] - Bean 'kubernetes.manifests-io.kubernetes.client.spring.extended.manifests.config.KubernetesManifestsProperties' of type [io.kubernetes.client.spring.extended.manifests.config.KubernetesManifestsProperties] is not eligible for getting processed by all BeanPostProcessors (for example: not eligible for auto-proxying)
[WI-0][TI-0] - 2025-11-06 10:47:24.093 INFO  [Worker-Server] o.s.c.s.PostProcessorRegistrationDelegate$BeanPostProcessorChecker:[376] - Bean 'io.kubernetes.client.spring.extended.controller.config.KubernetesInformerAutoConfiguration' of type [io.kubernetes.client.spring.extended.controller.config.KubernetesInformerAutoConfiguration] is not eligible for getting processed by all BeanPostProcessors (for example: not eligible for auto-proxying)
[WI-0][TI-0] - 2025-11-06 10:47:24.106 INFO  [Worker-Server] o.s.c.s.PostProcessorRegistrationDelegate$BeanPostProcessorChecker:[376] - Bean 'defaultApiClient' of type [io.kubernetes.client.openapi.ApiClient] is not eligible for getting processed by all BeanPostProcessors (for example: not eligible for auto-proxying)
[WI-0][TI-0] - 2025-11-06 10:47:24.183 INFO  [Worker-Server] o.a.d.p.r.z.ZookeeperRegistryAutoConfiguration:[37] - Load ZookeeperRegistryAutoConfiguration
[WI-0][TI-0] - 2025-11-06 10:47:24.199 INFO  [Worker-Server] o.a.d.p.r.z.ZookeeperRegistryProperties:[96] - 
****************************ZookeeperRegistryProperties**************************************
  namespace -> dolphinscheduler
  connectString -> zookeeper:2181
  retryPolicy -> ZookeeperRegistryProperties.ZookeeperProperties.RetryPolicy(baseSleepTime=PT0.1S, maxRetries=3, maxSleep=PT1S)
  digest -> 
  sessionTimeout -> PT1M
  connectionTimeout -> PT30S
  blockUntilConnected -> PT30S
****************************ZookeeperRegistryProperties**************************************
[WI-0][TI-0] - 2025-11-06 10:47:24.325 INFO  [Worker-Server] o.a.d.p.r.z.ZookeeperRegistry:[113] - ZookeeperRegistry started at: 51/ms
[WI-0][TI-0] - 2025-11-06 10:47:24.780 INFO  [Worker-Server] c.z.h.HikariDataSource:[110] - HikariPool-1 - Starting...
[WI-0][TI-0] - 2025-11-06 10:47:25.000 INFO  [Worker-Server] c.z.h.HikariDataSource:[123] - HikariPool-1 - Start completed.
[WI-0][TI-0] - 2025-11-06 10:47:25.388 INFO  [Worker-Server] o.a.d.e.b.s.NettyRemotingServer:[111] - WorkerRpcServer bind success at port: 1234
[WI-0][TI-0] - 2025-11-06 10:47:25.403 INFO  [Worker-Server] o.a.d.p.t.a.TaskPluginManager:[53] - Success register task plugin: SUB_WORKFLOW
[WI-0][TI-0] - 2025-11-06 10:47:25.406 INFO  [Worker-Server] o.a.d.p.t.a.TaskPluginManager:[53] - Success register task plugin: DEPENDENT
[WI-0][TI-0] - 2025-11-06 10:47:25.408 INFO  [Worker-Server] o.a.d.p.t.a.TaskPluginManager:[53] - Success register task plugin: CONDITIONS
[WI-0][TI-0] - 2025-11-06 10:47:25.411 INFO  [Worker-Server] o.a.d.p.t.a.TaskPluginManager:[53] - Success register task plugin: SWITCH
[WI-0][TI-0] - 2025-11-06 10:47:25.413 INFO  [Worker-Server] o.a.d.p.t.a.TaskPluginManager:[53] - Success register task plugin: LogicFakeTask
[WI-0][TI-0] - 2025-11-06 10:47:25.413 WARN  [Worker-Server] o.a.d.p.t.a.TaskPluginManager:[44] - The task plugin has already been loaded
[WI-0][TI-0] - 2025-11-06 10:47:25.418 INFO  [Worker-Server] o.a.d.p.d.a.p.DataSourceProcessorProvider:[41] - Initialize DataSourceProcessorProvider
[WI-0][TI-0] - 2025-11-06 10:47:25.493 INFO  [Worker-Server] o.a.d.c.c.SystemConstants:[30] - init timezone: sun.util.calendar.ZoneInfo[id="Asia/Shanghai",offset=28800000,dstSavings=0,useDaylight=false,transitions=31,lastRule=null]
[WI-0][TI-0] - 2025-11-06 10:47:25.561 INFO  [Worker-Server] o.a.d.s.w.r.WorkerRegistryClient:[94] - Worker node: 172.28.0.6:1234 registry to registry center /nodes/worker/172.28.0.6:1234 successfully
[WI-0][TI-0] - 2025-11-06 10:47:25.569 INFO  [Worker-Server] o.a.d.c.m.BaseHeartBeatTask:[47] - Starting WorkerHeartBeatTask...
[WI-0][TI-0] - 2025-11-06 10:47:25.570 INFO  [Worker-Server] o.a.d.c.m.BaseHeartBeatTask:[49] - Started WorkerHeartBeatTask, heartBeatInterval: 10000...
[WI-0][TI-0] - 2025-11-06 10:47:25.572 INFO  [Worker-Server] o.a.d.s.w.r.WorkerRegistryClient:[102] - Worker node: 172.28.0.6:1234 registry finished
[WI-0][TI-0] - 2025-11-06 10:47:25.575 INFO  [Worker-Server] o.a.d.t.e.e.TaskExecutorEventBusCoordinator:[95] - PhysicalTaskExecutorEventBusCoordinator started, worker size: 12
[WI-0][TI-0] - 2025-11-06 10:47:25.575 INFO  [Worker-Server] o.a.d.t.e.TaskEngine:[53] - PhysicalTaskEngine started
[WI-0][TI-0] - 2025-11-06 10:47:25.576 INFO  [Worker-Server] o.a.d.t.e.e.TaskExecutorLifecycleEventRemoteReporter:[81] - PhysicalTaskExecutorLifecycleEventReporter started
[WI-0][TI-0] - 2025-11-06 10:47:25.576 INFO  [Worker-Server] o.a.d.s.w.e.PhysicalTaskEngineDelegator:[57] - PhysicalTaskEngineDelegator started
[WI-0][TI-0] - 2025-11-06 10:47:27.452 INFO  [Worker-Server] o.a.d.s.w.WorkerServer:[61] - Started WorkerServer in 6.975 seconds (JVM running for 7.614)
[WI-0][TI-0] - 2025-11-06 10:47:27.458 INFO  [Thread-6] o.a.d.c.l.ServerLifeCycleManager:[88] - The current server status changed from RUNNING to STOPPED
[WI-0][TI-0] - 2025-11-06 10:47:27.464 INFO  [SpringApplicationShutdownHook] o.a.d.t.e.TaskEngine:[87] - PhysicalTaskEngine closed
[WI-0][TI-0] - 2025-11-06 10:47:27.465 INFO  [SpringApplicationShutdownHook] o.a.d.t.e.e.TaskExecutorEventBusCoordinator:[107] - PhysicalTaskExecutorEventBusCoordinator closed
[WI-0][TI-0] - 2025-11-06 10:47:27.466 INFO  [SpringApplicationShutdownHook] o.a.d.t.e.e.TaskExecutorEventBusCoordinator:[107] - PhysicalTaskExecutorEventBusCoordinator closed
[WI-0][TI-0] - 2025-11-06 10:47:27.467 INFO  [SpringApplicationShutdownHook] o.a.d.t.e.e.TaskExecutorLifecycleEventRemoteReporter:[174] - PhysicalTaskExecutorLifecycleEventReporter closed
[WI-0][TI-0] - 2025-11-06 10:47:27.468 WARN  [SpringApplicationShutdownHook] o.a.d.c.m.BaseHeartBeatTask:[78] - WorkerHeartBeatTask finished...
[WI-0][TI-0] - 2025-11-06 10:47:27.490 WARN  [Worker-Server-SendThread(zookeeper:2181)] o.a.z.ClientCnxn:[1286] - An exception was thrown while closing send thread for session 0x10003e100570002.
org.apache.zookeeper.ClientCnxn$EndOfStreamException: Unable to read additional data from server sessionid 0x10003e100570002, likely server has closed socket
	at org.apache.zookeeper.ClientCnxnSocketNIO.doIO(ClientCnxnSocketNIO.java:77)
	at org.apache.zookeeper.ClientCnxnSocketNIO.doTransport(ClientCnxnSocketNIO.java:350)
	at org.apache.zookeeper.ClientCnxn$SendThread.run(ClientCnxn.java:1282)
[WI-0][TI-0] - 2025-11-06 10:47:27.594 INFO  [SpringApplicationShutdownHook] o.a.d.s.w.r.WorkerRegistryClient:[124] - Closed WorkerRegistryClient
[WI-0][TI-0] - 2025-11-06 10:47:27.597 INFO  [SpringApplicationShutdownHook] c.z.h.HikariDataSource:[350] - HikariPool-1 - Shutdown initiated...
[WI-0][TI-0] - 2025-11-06 10:47:27.619 INFO  [SpringApplicationShutdownHook] c.z.h.HikariDataSource:[352] - HikariPool-1 - Shutdown completed.
[WI-0][TI-0] - 2025-11-06 10:47:27.622 INFO  [SpringApplicationShutdownHook] o.a.d.e.b.s.NettyRemotingServer:[149] - WorkerRpcServer closing
[WI-0][TI-0] - 2025-11-06 10:47:27.623 INFO  [SpringApplicationShutdownHook] o.a.d.e.b.s.NettyRemotingServer:[153] - WorkerRpcServer stop bind at port: 1234
[WI-0][TI-0] - 2025-11-06 10:47:27.634 INFO  [SpringApplicationShutdownHook] o.a.d.e.b.s.NettyRemotingServer:[167] - WorkerRpcServer closed
[WI-0][TI-0] - 2025-11-06 10:58:02.039 WARN  [Worker-Server] o.s.c.k.c.p.AbstractKubernetesProfileEnvironmentPostProcessor:[258] - Not running inside kubernetes. Skipping 'kubernetes' profile activation.
[WI-0][TI-0] - 2025-11-06 10:58:02.441 WARN  [Worker-Server] o.s.c.k.c.p.AbstractKubernetesProfileEnvironmentPostProcessor:[258] - Not running inside kubernetes. Skipping 'kubernetes' profile activation.
[WI-0][TI-0] - 2025-11-06 10:58:02.442 INFO  [Worker-Server] o.a.d.s.w.WorkerServer:[640] - The following 1 profile is active: "mysql"
[WI-0][TI-0] - 2025-11-06 10:58:03.305 WARN  [Worker-Server] o.m.s.m.ClassPathMapperScanner:[44] - No MyBatis mapper was found in '[org.apache.dolphinscheduler.server.worker]' package. Please check your configuration.
[WI-0][TI-0] - 2025-11-06 10:58:03.366 INFO  [Worker-Server] o.s.c.c.s.GenericScope:[283] - BeanFactory id=f001ad87-3a6a-3f67-ad4a-5009cf2fa20b
[WI-0][TI-0] - 2025-11-06 10:58:03.796 INFO  [Worker-Server] o.s.c.s.PostProcessorRegistrationDelegate$BeanPostProcessorChecker:[376] - Bean 'org.springframework.cloud.commons.config.CommonsConfigAutoConfiguration' of type [org.springframework.cloud.commons.config.CommonsConfigAutoConfiguration] is not eligible for getting processed by all BeanPostProcessors (for example: not eligible for auto-proxying)
[WI-0][TI-0] - 2025-11-06 10:58:03.800 INFO  [Worker-Server] o.s.c.s.PostProcessorRegistrationDelegate$BeanPostProcessorChecker:[376] - Bean 'org.springframework.cloud.client.loadbalancer.LoadBalancerDefaultMappingsProviderAutoConfiguration' of type [org.springframework.cloud.client.loadbalancer.LoadBalancerDefaultMappingsProviderAutoConfiguration] is not eligible for getting processed by all BeanPostProcessors (for example: not eligible for auto-proxying)
[WI-0][TI-0] - 2025-11-06 10:58:03.802 INFO  [Worker-Server] o.s.c.s.PostProcessorRegistrationDelegate$BeanPostProcessorChecker:[376] - Bean 'loadBalancerClientsDefaultsMappingsProvider' of type [org.springframework.cloud.client.loadbalancer.LoadBalancerDefaultMappingsProviderAutoConfiguration$$Lambda$415/1573349881] is not eligible for getting processed by all BeanPostProcessors (for example: not eligible for auto-proxying)
[WI-0][TI-0] - 2025-11-06 10:58:03.808 INFO  [Worker-Server] o.s.c.s.PostProcessorRegistrationDelegate$BeanPostProcessorChecker:[376] - Bean 'defaultsBindHandlerAdvisor' of type [org.springframework.cloud.commons.config.DefaultsBindHandlerAdvisor] is not eligible for getting processed by all BeanPostProcessors (for example: not eligible for auto-proxying)
[WI-0][TI-0] - 2025-11-06 10:58:03.823 INFO  [Worker-Server] o.a.d.c.u.NetUtils:[312] - Get all NetworkInterfaces: [name:eth0 (eth0), name:lo (lo)]
[WI-0][TI-0] - 2025-11-06 10:58:03.883 INFO  [Worker-Server] o.a.d.s.w.c.WorkerConfig:[97] - 
****************************Worker Configuration**************************************
  listen-port -> 1234
  max-heartbeat-interval -> PT10S
  host-weight -> 100
  tenantConfig -> TenantConfig(autoCreateTenantEnabled=true, defaultTenantEnabled=false)
  server-load-protection -> WorkerServerLoadProtectionConfig()
  address -> 172.28.0.6:1234
  registry-path: /nodes/worker/172.28.0.6:1234
  physical-task-config -> PhysicalTaskConfig(taskExecutorThreadSize=25)
  group -> default
****************************Worker Configuration**************************************
[WI-0][TI-0] - 2025-11-06 10:58:03.884 INFO  [Worker-Server] o.s.c.s.PostProcessorRegistrationDelegate$BeanPostProcessorChecker:[376] - Bean 'workerConfig' of type [org.apache.dolphinscheduler.server.worker.config.WorkerConfig$$EnhancerBySpringCGLIB$$19bcc2ee] is not eligible for getting processed by all BeanPostProcessors (for example: not eligible for auto-proxying)
[WI-0][TI-0] - 2025-11-06 10:58:03.978 INFO  [Worker-Server] o.s.c.s.PostProcessorRegistrationDelegate$BeanPostProcessorChecker:[376] - Bean 'io.kubernetes.client.spring.extended.manifests.config.KubernetesManifestsAutoConfiguration' of type [io.kubernetes.client.spring.extended.manifests.config.KubernetesManifestsAutoConfiguration] is not eligible for getting processed by all BeanPostProcessors (for example: not eligible for auto-proxying)
[WI-0][TI-0] - 2025-11-06 10:58:03.991 INFO  [Worker-Server] o.s.c.s.PostProcessorRegistrationDelegate$BeanPostProcessorChecker:[376] - Bean 'kubernetes.manifests-io.kubernetes.client.spring.extended.manifests.config.KubernetesManifestsProperties' of type [io.kubernetes.client.spring.extended.manifests.config.KubernetesManifestsProperties] is not eligible for getting processed by all BeanPostProcessors (for example: not eligible for auto-proxying)
[WI-0][TI-0] - 2025-11-06 10:58:04.001 INFO  [Worker-Server] o.s.c.s.PostProcessorRegistrationDelegate$BeanPostProcessorChecker:[376] - Bean 'io.kubernetes.client.spring.extended.controller.config.KubernetesInformerAutoConfiguration' of type [io.kubernetes.client.spring.extended.controller.config.KubernetesInformerAutoConfiguration] is not eligible for getting processed by all BeanPostProcessors (for example: not eligible for auto-proxying)
[WI-0][TI-0] - 2025-11-06 10:58:04.015 INFO  [Worker-Server] o.s.c.s.PostProcessorRegistrationDelegate$BeanPostProcessorChecker:[376] - Bean 'defaultApiClient' of type [io.kubernetes.client.openapi.ApiClient] is not eligible for getting processed by all BeanPostProcessors (for example: not eligible for auto-proxying)
[WI-0][TI-0] - 2025-11-06 10:58:04.075 INFO  [Worker-Server] o.a.d.p.r.z.ZookeeperRegistryAutoConfiguration:[37] - Load ZookeeperRegistryAutoConfiguration
[WI-0][TI-0] - 2025-11-06 10:58:04.096 INFO  [Worker-Server] o.a.d.p.r.z.ZookeeperRegistryProperties:[96] - 
****************************ZookeeperRegistryProperties**************************************
  namespace -> dolphinscheduler
  connectString -> zookeeper:2181
  retryPolicy -> ZookeeperRegistryProperties.ZookeeperProperties.RetryPolicy(baseSleepTime=PT0.1S, maxRetries=3, maxSleep=PT1S)
  digest -> 
  sessionTimeout -> PT1M
  connectionTimeout -> PT30S
  blockUntilConnected -> PT30S
****************************ZookeeperRegistryProperties**************************************
[WI-0][TI-0] - 2025-11-06 10:58:04.286 INFO  [Worker-Server] o.a.d.p.r.z.ZookeeperRegistry:[113] - ZookeeperRegistry started at: 58/ms
[WI-0][TI-0] - 2025-11-06 10:58:04.327 ERROR [Worker-Server] o.a.d.r.a.RegistryClient:[254] - Failed to clean the failoverFinishedNode: 172.28.0.6:1234-1762397245296-269
org.apache.dolphinscheduler.registry.api.RegistryException: zookeeper get data error
	at org.apache.dolphinscheduler.plugin.registry.zookeeper.ZookeeperRegistry.get(ZookeeperRegistry.java:158)
	at org.apache.dolphinscheduler.registry.api.RegistryClient.cleanHistoryFailoverFinishedNodes(RegistryClient.java:246)
	at org.apache.dolphinscheduler.registry.api.RegistryClient.<init>(RegistryClient.java:74)
	at org.apache.dolphinscheduler.registry.api.RegistryConfiguration.registryClient(RegistryConfiguration.java:30)
	at org.apache.dolphinscheduler.registry.api.RegistryConfiguration$$EnhancerBySpringCGLIB$$9b017471.CGLIB$registryClient$0(<generated>)
	at org.apache.dolphinscheduler.registry.api.RegistryConfiguration$$EnhancerBySpringCGLIB$$9b017471$$FastClassBySpringCGLIB$$2a4252ab.invoke(<generated>)
	at org.springframework.cglib.proxy.MethodProxy.invokeSuper(MethodProxy.java:244)
	at org.springframework.context.annotation.ConfigurationClassEnhancer$BeanMethodInterceptor.intercept(ConfigurationClassEnhancer.java:331)
	at org.apache.dolphinscheduler.registry.api.RegistryConfiguration$$EnhancerBySpringCGLIB$$9b017471.registryClient(<generated>)
	at sun.reflect.NativeMethodAccessorImpl.invoke0(Native Method)
	at sun.reflect.NativeMethodAccessorImpl.invoke(NativeMethodAccessorImpl.java:62)
	at sun.reflect.DelegatingMethodAccessorImpl.invoke(DelegatingMethodAccessorImpl.java:43)
	at java.lang.reflect.Method.invoke(Method.java:498)
	at org.springframework.beans.factory.support.SimpleInstantiationStrategy.instantiate(SimpleInstantiationStrategy.java:154)
	at org.springframework.beans.factory.support.ConstructorResolver.instantiate(ConstructorResolver.java:653)
	at org.springframework.beans.factory.support.ConstructorResolver.instantiateUsingFactoryMethod(ConstructorResolver.java:638)
	at org.springframework.beans.factory.support.AbstractAutowireCapableBeanFactory.instantiateUsingFactoryMethod(AbstractAutowireCapableBeanFactory.java:1352)
	at org.springframework.beans.factory.support.AbstractAutowireCapableBeanFactory.createBeanInstance(AbstractAutowireCapableBeanFactory.java:1195)
	at org.springframework.beans.factory.support.AbstractAutowireCapableBeanFactory.doCreateBean(AbstractAutowireCapableBeanFactory.java:582)
	at org.springframework.beans.factory.support.AbstractAutowireCapableBeanFactory.createBean(AbstractAutowireCapableBeanFactory.java:542)
	at org.springframework.beans.factory.support.AbstractBeanFactory.lambda$doGetBean$0(AbstractBeanFactory.java:335)
	at org.springframework.beans.factory.support.DefaultSingletonBeanRegistry.getSingleton(DefaultSingletonBeanRegistry.java:234)
	at org.springframework.beans.factory.support.AbstractBeanFactory.doGetBean(AbstractBeanFactory.java:333)
	at org.springframework.beans.factory.support.AbstractBeanFactory.getBean(AbstractBeanFactory.java:208)
	at org.springframework.beans.factory.config.DependencyDescriptor.resolveCandidate(DependencyDescriptor.java:276)
	at org.springframework.beans.factory.support.DefaultListableBeanFactory.doResolveDependency(DefaultListableBeanFactory.java:1391)
	at org.springframework.beans.factory.support.DefaultListableBeanFactory.resolveDependency(DefaultListableBeanFactory.java:1311)
	at org.springframework.beans.factory.annotation.AutowiredAnnotationBeanPostProcessor$AutowiredFieldElement.resolveFieldValue(AutowiredAnnotationBeanPostProcessor.java:656)
	at org.springframework.beans.factory.annotation.AutowiredAnnotationBeanPostProcessor$AutowiredFieldElement.inject(AutowiredAnnotationBeanPostProcessor.java:639)
	at org.springframework.beans.factory.annotation.InjectionMetadata.inject(InjectionMetadata.java:119)
	at org.springframework.beans.factory.annotation.AutowiredAnnotationBeanPostProcessor.postProcessProperties(AutowiredAnnotationBeanPostProcessor.java:399)
	at org.springframework.beans.factory.support.AbstractAutowireCapableBeanFactory.populateBean(AbstractAutowireCapableBeanFactory.java:1431)
	at org.springframework.beans.factory.support.AbstractAutowireCapableBeanFactory.doCreateBean(AbstractAutowireCapableBeanFactory.java:619)
	at org.springframework.beans.factory.support.AbstractAutowireCapableBeanFactory.createBean(AbstractAutowireCapableBeanFactory.java:542)
	at org.springframework.beans.factory.support.AbstractBeanFactory.lambda$doGetBean$0(AbstractBeanFactory.java:335)
	at org.springframework.beans.factory.support.DefaultSingletonBeanRegistry.getSingleton(DefaultSingletonBeanRegistry.java:234)
	at org.springframework.beans.factory.support.AbstractBeanFactory.doGetBean(AbstractBeanFactory.java:333)
	at org.springframework.beans.factory.support.AbstractBeanFactory.getBean(AbstractBeanFactory.java:208)
	at org.springframework.beans.factory.config.DependencyDescriptor.resolveCandidate(DependencyDescriptor.java:276)
	at org.springframework.beans.factory.support.DefaultListableBeanFactory.doResolveDependency(DefaultListableBeanFactory.java:1391)
	at org.springframework.beans.factory.support.DefaultListableBeanFactory.resolveDependency(DefaultListableBeanFactory.java:1311)
	at org.springframework.beans.factory.annotation.AutowiredAnnotationBeanPostProcessor$AutowiredFieldElement.resolveFieldValue(AutowiredAnnotationBeanPostProcessor.java:656)
	at org.springframework.beans.factory.annotation.AutowiredAnnotationBeanPostProcessor$AutowiredFieldElement.inject(AutowiredAnnotationBeanPostProcessor.java:639)
	at org.springframework.beans.factory.annotation.InjectionMetadata.inject(InjectionMetadata.java:119)
	at org.springframework.beans.factory.annotation.AutowiredAnnotationBeanPostProcessor.postProcessProperties(AutowiredAnnotationBeanPostProcessor.java:399)
	at org.springframework.beans.factory.support.AbstractAutowireCapableBeanFactory.populateBean(AbstractAutowireCapableBeanFactory.java:1431)
	at org.springframework.beans.factory.support.AbstractAutowireCapableBeanFactory.doCreateBean(AbstractAutowireCapableBeanFactory.java:619)
	at org.springframework.beans.factory.support.AbstractAutowireCapableBeanFactory.createBean(AbstractAutowireCapableBeanFactory.java:542)
	at org.springframework.beans.factory.support.AbstractBeanFactory.lambda$doGetBean$0(AbstractBeanFactory.java:335)
	at org.springframework.beans.factory.support.DefaultSingletonBeanRegistry.getSingleton(DefaultSingletonBeanRegistry.java:234)
	at org.springframework.beans.factory.support.AbstractBeanFactory.doGetBean(AbstractBeanFactory.java:333)
	at org.springframework.beans.factory.support.AbstractBeanFactory.getBean(AbstractBeanFactory.java:208)
	at org.springframework.beans.factory.support.DefaultListableBeanFactory.preInstantiateSingletons(DefaultListableBeanFactory.java:955)
	at org.springframework.context.support.AbstractApplicationContext.finishBeanFactoryInitialization(AbstractApplicationContext.java:918)
	at org.springframework.context.support.AbstractApplicationContext.refresh(AbstractApplicationContext.java:583)
	at org.springframework.boot.SpringApplication.refresh(SpringApplication.java:734)
	at org.springframework.boot.SpringApplication.refreshContext(SpringApplication.java:408)
	at org.springframework.boot.SpringApplication.run(SpringApplication.java:308)
	at org.springframework.boot.SpringApplication.run(SpringApplication.java:1306)
	at org.springframework.boot.SpringApplication.run(SpringApplication.java:1295)
	at org.apache.dolphinscheduler.server.worker.WorkerServer.main(WorkerServer.java:74)
Caused by: java.lang.IllegalArgumentException: Path must start with / character
	at org.apache.curator.utils.PathUtils.validatePath(PathUtils.java:55)
	at org.apache.curator.utils.PathUtils.validatePath(PathUtils.java:38)
	at org.apache.curator.utils.ZKPaths.fixForNamespace(ZKPaths.java:107)
	at org.apache.curator.framework.imps.NamespaceImpl.fixForNamespace(NamespaceImpl.java:105)
	at org.apache.curator.framework.imps.CuratorFrameworkImpl.fixForNamespace(CuratorFrameworkImpl.java:753)
	at org.apache.curator.framework.imps.GetDataBuilderImpl.forPath(GetDataBuilderImpl.java:296)
	at org.apache.curator.framework.imps.GetDataBuilderImpl.forPath(GetDataBuilderImpl.java:36)
	at org.apache.dolphinscheduler.plugin.registry.zookeeper.ZookeeperRegistry.get(ZookeeperRegistry.java:156)
	... 60 common frames omitted
[WI-0][TI-0] - 2025-11-06 10:58:04.648 INFO  [Worker-Server] c.z.h.HikariDataSource:[110] - HikariPool-1 - Starting...
[WI-0][TI-0] - 2025-11-06 10:58:04.898 INFO  [Worker-Server] c.z.h.HikariDataSource:[123] - HikariPool-1 - Start completed.
[WI-0][TI-0] - 2025-11-06 10:58:05.278 INFO  [Worker-Server] o.a.d.e.b.s.NettyRemotingServer:[111] - WorkerRpcServer bind success at port: 1234
[WI-0][TI-0] - 2025-11-06 10:58:05.287 INFO  [Worker-Server] o.a.d.p.t.a.TaskPluginManager:[53] - Success register task plugin: SUB_WORKFLOW
[WI-0][TI-0] - 2025-11-06 10:58:05.289 INFO  [Worker-Server] o.a.d.p.t.a.TaskPluginManager:[53] - Success register task plugin: DEPENDENT
[WI-0][TI-0] - 2025-11-06 10:58:05.291 INFO  [Worker-Server] o.a.d.p.t.a.TaskPluginManager:[53] - Success register task plugin: CONDITIONS
[WI-0][TI-0] - 2025-11-06 10:58:05.293 INFO  [Worker-Server] o.a.d.p.t.a.TaskPluginManager:[53] - Success register task plugin: SWITCH
[WI-0][TI-0] - 2025-11-06 10:58:05.294 INFO  [Worker-Server] o.a.d.p.t.a.TaskPluginManager:[53] - Success register task plugin: LogicFakeTask
[WI-0][TI-0] - 2025-11-06 10:58:05.294 WARN  [Worker-Server] o.a.d.p.t.a.TaskPluginManager:[44] - The task plugin has already been loaded
[WI-0][TI-0] - 2025-11-06 10:58:05.299 INFO  [Worker-Server] o.a.d.p.d.a.p.DataSourceProcessorProvider:[41] - Initialize DataSourceProcessorProvider
[WI-0][TI-0] - 2025-11-06 10:58:05.346 INFO  [Worker-Server] o.a.d.c.c.SystemConstants:[30] - init timezone: sun.util.calendar.ZoneInfo[id="Asia/Shanghai",offset=28800000,dstSavings=0,useDaylight=false,transitions=31,lastRule=null]
[WI-0][TI-0] - 2025-11-06 10:58:05.402 INFO  [Worker-Server] o.a.d.s.w.r.WorkerRegistryClient:[94] - Worker node: 172.28.0.6:1234 registry to registry center /nodes/worker/172.28.0.6:1234 successfully
[WI-0][TI-0] - 2025-11-06 10:58:05.406 INFO  [Worker-Server] o.a.d.c.m.BaseHeartBeatTask:[47] - Starting WorkerHeartBeatTask...
[WI-0][TI-0] - 2025-11-06 10:58:05.408 INFO  [Worker-Server] o.a.d.c.m.BaseHeartBeatTask:[49] - Started WorkerHeartBeatTask, heartBeatInterval: 10000...
[WI-0][TI-0] - 2025-11-06 10:58:05.408 INFO  [Worker-Server] o.a.d.s.w.r.WorkerRegistryClient:[102] - Worker node: 172.28.0.6:1234 registry finished
[WI-0][TI-0] - 2025-11-06 10:58:05.412 INFO  [Worker-Server] o.a.d.t.e.e.TaskExecutorEventBusCoordinator:[95] - PhysicalTaskExecutorEventBusCoordinator started, worker size: 12
[WI-0][TI-0] - 2025-11-06 10:58:05.412 INFO  [Worker-Server] o.a.d.t.e.TaskEngine:[53] - PhysicalTaskEngine started
[WI-0][TI-0] - 2025-11-06 10:58:05.413 INFO  [Worker-Server] o.a.d.t.e.e.TaskExecutorLifecycleEventRemoteReporter:[81] - PhysicalTaskExecutorLifecycleEventReporter started
[WI-0][TI-0] - 2025-11-06 10:58:05.414 INFO  [Worker-Server] o.a.d.s.w.e.PhysicalTaskEngineDelegator:[57] - PhysicalTaskEngineDelegator started
[WI-0][TI-0] - 2025-11-06 10:58:07.107 INFO  [Worker-Server] o.a.d.s.w.WorkerServer:[61] - Started WorkerServer in 6.176 seconds (JVM running for 7.043)
[WI-0][TI-0] - 2025-11-06 10:58:07.114 INFO  [Thread-6] o.a.d.c.l.ServerLifeCycleManager:[88] - The current server status changed from RUNNING to STOPPED
[WI-0][TI-0] - 2025-11-06 10:58:07.119 INFO  [SpringApplicationShutdownHook] o.a.d.t.e.TaskEngine:[87] - PhysicalTaskEngine closed
[WI-0][TI-0] - 2025-11-06 10:58:07.120 INFO  [SpringApplicationShutdownHook] o.a.d.t.e.e.TaskExecutorEventBusCoordinator:[107] - PhysicalTaskExecutorEventBusCoordinator closed
[WI-0][TI-0] - 2025-11-06 10:58:07.121 INFO  [SpringApplicationShutdownHook] o.a.d.t.e.e.TaskExecutorEventBusCoordinator:[107] - PhysicalTaskExecutorEventBusCoordinator closed
[WI-0][TI-0] - 2025-11-06 10:58:07.122 INFO  [SpringApplicationShutdownHook] o.a.d.t.e.e.TaskExecutorLifecycleEventRemoteReporter:[174] - PhysicalTaskExecutorLifecycleEventReporter closed
[WI-0][TI-0] - 2025-11-06 10:58:07.123 WARN  [SpringApplicationShutdownHook] o.a.d.c.m.BaseHeartBeatTask:[78] - WorkerHeartBeatTask finished...
[WI-0][TI-0] - 2025-11-06 10:58:07.139 WARN  [Worker-Server-SendThread(zookeeper:2181)] o.a.z.ClientCnxn:[1286] - An exception was thrown while closing send thread for session 0x10003e100570006.
org.apache.zookeeper.ClientCnxn$EndOfStreamException: Unable to read additional data from server sessionid 0x10003e100570006, likely server has closed socket
	at org.apache.zookeeper.ClientCnxnSocketNIO.doIO(ClientCnxnSocketNIO.java:77)
	at org.apache.zookeeper.ClientCnxnSocketNIO.doTransport(ClientCnxnSocketNIO.java:350)
	at org.apache.zookeeper.ClientCnxn$SendThread.run(ClientCnxn.java:1282)
[WI-0][TI-0] - 2025-11-06 10:58:07.242 INFO  [SpringApplicationShutdownHook] o.a.d.s.w.r.WorkerRegistryClient:[124] - Closed WorkerRegistryClient
[WI-0][TI-0] - 2025-11-06 10:58:07.244 INFO  [SpringApplicationShutdownHook] c.z.h.HikariDataSource:[350] - HikariPool-1 - Shutdown initiated...
[WI-0][TI-0] - 2025-11-06 10:58:07.261 INFO  [SpringApplicationShutdownHook] c.z.h.HikariDataSource:[352] - HikariPool-1 - Shutdown completed.
[WI-0][TI-0] - 2025-11-06 10:58:07.263 INFO  [SpringApplicationShutdownHook] o.a.d.e.b.s.NettyRemotingServer:[149] - WorkerRpcServer closing
[WI-0][TI-0] - 2025-11-06 10:58:07.264 INFO  [SpringApplicationShutdownHook] o.a.d.e.b.s.NettyRemotingServer:[153] - WorkerRpcServer stop bind at port: 1234
[WI-0][TI-0] - 2025-11-06 10:58:07.273 INFO  [SpringApplicationShutdownHook] o.a.d.e.b.s.NettyRemotingServer:[167] - WorkerRpcServer closed
