[WI-0][TI-0] - 2025-11-06 22:31:25.938 WARN  [MasterCommandLoopThread] o.a.d.s.m.e.c.CommandEngine:[118] - The current server is overload, cannot consumes commands.
[WI-0][TI-0] - 2025-11-06 23:31:28.944 WARN  [MasterRpcServer-worker-1] o.a.d.e.b.s.JdkDynamicServerHandler:[174] - Not receive heart beat from: /172.28.0.6:59440, will close the channel
[WI-0][TI-0] - 2025-11-06 23:31:28.942 WARN  [HikariPool-1 housekeeper] c.z.h.p.HikariPool:[788] - HikariPool-1 - Thread starvation or clock leap detected (housekeeper delta=1h5s945ms570µs497ns).
[WI-0][TI-0] - 2025-11-06 23:57:05.086 WARN  [Curator-ConnectionStateManager-0] o.a.d.p.r.z.ZookeeperConnectionStateListener:[54] - Registry suspended
[WI-0][TI-0] - 2025-11-06 23:57:04.997 ERROR [pool-13-thread-1] o.a.d.s.m.c.WorkerGroupChangeNotifier:[85] - Detect WorkerGroup changes failed
org.springframework.transaction.CannotCreateTransactionException: Could not open JDBC Connection for transaction; nested exception is java.sql.SQLTransientConnectionException: HikariPool-1 - Connection is not available, request timed out after 1536080ms.
	at org.springframework.jdbc.datasource.DataSourceTransactionManager.doBegin(DataSourceTransactionManager.java:309)
	at org.springframework.transaction.support.AbstractPlatformTransactionManager.startTransaction(AbstractPlatformTransactionManager.java:400)
	at org.springframework.transaction.support.AbstractPlatformTransactionManager.getTransaction(AbstractPlatformTransactionManager.java:373)
	at org.springframework.transaction.support.TransactionTemplate.execute(TransactionTemplate.java:137)
	at org.apache.dolphinscheduler.server.master.cluster.WorkerGroupChangeNotifier.detectChangedWorkerGroups(WorkerGroupChangeNotifier.java:97)
	at org.apache.dolphinscheduler.server.master.cluster.WorkerGroupChangeNotifier.detectWorkerGroupChanges(WorkerGroupChangeNotifier.java:81)
	at java.util.concurrent.Executors$RunnableAdapter.call(Executors.java:511)
	at java.util.concurrent.FutureTask.runAndReset(FutureTask.java:308)
	at java.util.concurrent.ScheduledThreadPoolExecutor$ScheduledFutureTask.access$301(ScheduledThreadPoolExecutor.java:180)
	at java.util.concurrent.ScheduledThreadPoolExecutor$ScheduledFutureTask.run(ScheduledThreadPoolExecutor.java:294)
	at java.util.concurrent.ThreadPoolExecutor.runWorker(ThreadPoolExecutor.java:1149)
	at java.util.concurrent.ThreadPoolExecutor$Worker.run(ThreadPoolExecutor.java:624)
	at java.lang.Thread.run(Thread.java:750)
Caused by: java.sql.SQLTransientConnectionException: HikariPool-1 - Connection is not available, request timed out after 1536080ms.
	at com.zaxxer.hikari.pool.HikariPool.createTimeoutException(HikariPool.java:696)
	at com.zaxxer.hikari.pool.HikariPool.getConnection(HikariPool.java:197)
	at com.zaxxer.hikari.pool.HikariPool.getConnection(HikariPool.java:162)
	at com.zaxxer.hikari.HikariDataSource.getConnection(HikariDataSource.java:128)
	at org.springframework.jdbc.datasource.DataSourceTransactionManager.doBegin(DataSourceTransactionManager.java:265)
	... 12 common frames omitted
[WI-0][TI-0] - 2025-11-06 23:57:05.231 WARN  [Master-Server-EventThread] o.a.c.ConnectionState:[317] - Session expired event received
[WI-0][TI-0] - 2025-11-06 23:57:05.230 WARN  [Master-Server-SendThread(zookeeper:2181)] o.a.z.ClientCnxn:[1429] - Unable to reconnect to ZooKeeper service, session 0x100061b44310000 has expired
[WI-0][TI-0] - 2025-11-06 23:57:05.243 INFO  [Curator-ConnectionStateManager-0] o.a.d.s.m.r.MasterConnectionStateListener:[38] - Master received a SUSPENDED event from registry, the current server state is RUNNING
[WI-0][TI-0] - 2025-11-06 23:57:05.343 WARN  [Master-Server-SendThread(zookeeper:2181)] o.a.z.ClientCnxn:[1292] - Session 0x100061b44310000 for server zookeeper/172.28.0.3:2181, Closing socket connection. Attempting reconnect except it is a SessionExpiredException.
org.apache.zookeeper.ClientCnxn$SessionExpiredException: Unable to reconnect to ZooKeeper service, session 0x100061b44310000 has expired
	at org.apache.zookeeper.ClientCnxn$SendThread.onConnected(ClientCnxn.java:1430)
	at org.apache.zookeeper.ClientCnxnSocket.readConnectResult(ClientCnxnSocket.java:154)
	at org.apache.zookeeper.ClientCnxnSocketNIO.doIO(ClientCnxnSocketNIO.java:86)
	at org.apache.zookeeper.ClientCnxnSocketNIO.doTransport(ClientCnxnSocketNIO.java:350)
	at org.apache.zookeeper.ClientCnxn$SendThread.run(ClientCnxn.java:1282)
[WI-0][TI-0] - 2025-11-06 23:57:05.400 WARN  [Curator-ConnectionStateManager-0] o.a.c.f.s.ConnectionStateManager:[320] - Session timeout has elapsed while SUSPENDED. Injecting a session expiration. Elapsed ms: 5139833. Adjusted session timeout ms: 40000
[WI-0][TI-0] - 2025-11-06 23:57:05.518 WARN  [Master-Server-EventThread] o.a.c.ConnectionState:[317] - Session expired event received
[WI-0][TI-0] - 2025-11-06 23:57:05.534 WARN  [Curator-ConnectionStateManager-0] o.a.d.p.r.z.ZookeeperConnectionStateListener:[46] - Registry disconnected
[WI-0][TI-0] - 2025-11-06 23:57:05.555 INFO  [Curator-ConnectionStateManager-0] o.a.d.s.m.r.MasterConnectionStateListener:[38] - Master received a DISCONNECTED event from registry, the current server state is RUNNING
[WI-0][TI-0] - 2025-11-06 23:57:05.606 INFO  [Curator-ConnectionStateManager-0] o.a.d.c.l.ServerLifeCycleManager:[88] - The current server status changed from RUNNING to STOPPED
[WI-0][TI-0] - 2025-11-06 23:57:05.081 ERROR [NettyClientThread-] o.a.d.e.b.c.NettyClientHandler:[69] - NettyClientHandler catch an exception on channel: [id: 0x9d9007b8, L:/172.28.0.6:56754 - R:172.28.0.6/172.28.0.6:1234]
io.netty.channel.unix.Errors$NativeIoException: readAddress(..) failed: Connection reset by peer
[WI-0][TI-0] - 2025-11-06 23:57:05.831 INFO  [NettyClientThread-] o.a.d.e.b.c.NettyClientHandler:[46] - Channel inactive: [id: 0x9d9007b8, L:/172.28.0.6:56754 ! R:172.28.0.6/172.28.0.6:1234]
[WI-0][TI-0] - 2025-11-06 23:57:05.871 ERROR [Thread-9] o.a.d.s.m.e.TaskGroupCoordinator:[118] - TaskGroupCoordinator error
org.mybatis.spring.MyBatisSystemException: nested exception is org.apache.ibatis.exceptions.PersistenceException: 
### Error querying database.  Cause: org.springframework.jdbc.CannotGetJdbcConnectionException: Failed to obtain JDBC Connection; nested exception is java.sql.SQLTransientConnectionException: HikariPool-1 - Connection is not available, request timed out after 1536080ms.
### The error may exist in org/apache/dolphinscheduler/dao/mapper/TaskGroupMapper.java (best guess)
### The error may involve org.apache.dolphinscheduler.dao.mapper.TaskGroupMapper.selectList
### The error occurred while executing a query
### Cause: org.springframework.jdbc.CannotGetJdbcConnectionException: Failed to obtain JDBC Connection; nested exception is java.sql.SQLTransientConnectionException: HikariPool-1 - Connection is not available, request timed out after 1536080ms.
	at org.mybatis.spring.MyBatisExceptionTranslator.translateExceptionIfPossible(MyBatisExceptionTranslator.java:96)
	at org.mybatis.spring.SqlSessionTemplate$SqlSessionInterceptor.invoke(SqlSessionTemplate.java:441)
	at com.sun.proxy.$Proxy112.selectList(Unknown Source)
	at org.mybatis.spring.SqlSessionTemplate.selectList(SqlSessionTemplate.java:224)
	at com.baomidou.mybatisplus.core.override.MybatisMapperMethod.executeForMany(MybatisMapperMethod.java:166)
	at com.baomidou.mybatisplus.core.override.MybatisMapperMethod.execute(MybatisMapperMethod.java:77)
	at com.baomidou.mybatisplus.core.override.MybatisMapperProxy$PlainMethodInvoker.invoke(MybatisMapperProxy.java:148)
	at com.baomidou.mybatisplus.core.override.MybatisMapperProxy.invoke(MybatisMapperProxy.java:89)
	at com.sun.proxy.$Proxy113.selectList(Unknown Source)
	at org.apache.dolphinscheduler.dao.repository.impl.TaskGroupDaoImpl.queryAllTaskGroups(TaskGroupDaoImpl.java:42)
	at org.apache.dolphinscheduler.dao.repository.impl.TaskGroupDaoImpl$$FastClassBySpringCGLIB$$1d2cd9b9.invoke(<generated>)
	at org.springframework.cglib.proxy.MethodProxy.invoke(MethodProxy.java:218)
	at org.springframework.aop.framework.CglibAopProxy$CglibMethodInvocation.invokeJoinpoint(CglibAopProxy.java:793)
	at org.springframework.aop.framework.ReflectiveMethodInvocation.proceed(ReflectiveMethodInvocation.java:163)
	at org.springframework.aop.framework.CglibAopProxy$CglibMethodInvocation.proceed(CglibAopProxy.java:763)
	at org.springframework.dao.support.PersistenceExceptionTranslationInterceptor.invoke(PersistenceExceptionTranslationInterceptor.java:137)
	at org.springframework.aop.framework.ReflectiveMethodInvocation.proceed(ReflectiveMethodInvocation.java:186)
	at org.springframework.aop.framework.CglibAopProxy$CglibMethodInvocation.proceed(CglibAopProxy.java:763)
	at org.springframework.aop.framework.CglibAopProxy$DynamicAdvisedInterceptor.intercept(CglibAopProxy.java:708)
	at org.apache.dolphinscheduler.dao.repository.impl.TaskGroupDaoImpl$$EnhancerBySpringCGLIB$$9615cb25.queryAllTaskGroups(<generated>)
	at org.apache.dolphinscheduler.server.master.engine.TaskGroupCoordinator.amendTaskGroupUseSize(TaskGroupCoordinator.java:131)
	at org.apache.dolphinscheduler.server.master.engine.TaskGroupCoordinator.doStart(TaskGroupCoordinator.java:110)
	at java.lang.Thread.run(Thread.java:750)
Caused by: org.apache.ibatis.exceptions.PersistenceException: 
### Error querying database.  Cause: org.springframework.jdbc.CannotGetJdbcConnectionException: Failed to obtain JDBC Connection; nested exception is java.sql.SQLTransientConnectionException: HikariPool-1 - Connection is not available, request timed out after 1536080ms.
### The error may exist in org/apache/dolphinscheduler/dao/mapper/TaskGroupMapper.java (best guess)
### The error may involve org.apache.dolphinscheduler.dao.mapper.TaskGroupMapper.selectList
### The error occurred while executing a query
### Cause: org.springframework.jdbc.CannotGetJdbcConnectionException: Failed to obtain JDBC Connection; nested exception is java.sql.SQLTransientConnectionException: HikariPool-1 - Connection is not available, request timed out after 1536080ms.
	at org.apache.ibatis.exceptions.ExceptionFactory.wrapException(ExceptionFactory.java:30)
	at org.apache.ibatis.session.defaults.DefaultSqlSession.selectList(DefaultSqlSession.java:153)
	at org.apache.ibatis.session.defaults.DefaultSqlSession.selectList(DefaultSqlSession.java:145)
	at org.apache.ibatis.session.defaults.DefaultSqlSession.selectList(DefaultSqlSession.java:140)
	at sun.reflect.GeneratedMethodAccessor75.invoke(Unknown Source)
	at sun.reflect.DelegatingMethodAccessorImpl.invoke(DelegatingMethodAccessorImpl.java:43)
	at java.lang.reflect.Method.invoke(Method.java:498)
	at org.mybatis.spring.SqlSessionTemplate$SqlSessionInterceptor.invoke(SqlSessionTemplate.java:427)
	... 21 common frames omitted
Caused by: org.springframework.jdbc.CannotGetJdbcConnectionException: Failed to obtain JDBC Connection; nested exception is java.sql.SQLTransientConnectionException: HikariPool-1 - Connection is not available, request timed out after 1536080ms.
	at org.springframework.jdbc.datasource.DataSourceUtils.getConnection(DataSourceUtils.java:83)
	at org.mybatis.spring.transaction.SpringManagedTransaction.openConnection(SpringManagedTransaction.java:80)
	at org.mybatis.spring.transaction.SpringManagedTransaction.getConnection(SpringManagedTransaction.java:67)
	at org.apache.ibatis.executor.BaseExecutor.getConnection(BaseExecutor.java:337)
	at org.apache.ibatis.executor.SimpleExecutor.prepareStatement(SimpleExecutor.java:86)
	at org.apache.ibatis.executor.SimpleExecutor.doQuery(SimpleExecutor.java:62)
	at org.apache.ibatis.executor.BaseExecutor.queryFromDatabase(BaseExecutor.java:325)
	at org.apache.ibatis.executor.BaseExecutor.query(BaseExecutor.java:156)
	at com.baomidou.mybatisplus.extension.plugins.MybatisPlusInterceptor.intercept(MybatisPlusInterceptor.java:81)
	at org.apache.ibatis.plugin.Plugin.invoke(Plugin.java:62)
	at com.sun.proxy.$Proxy147.query(Unknown Source)
	at org.apache.ibatis.session.defaults.DefaultSqlSession.selectList(DefaultSqlSession.java:151)
	... 27 common frames omitted
Caused by: java.sql.SQLTransientConnectionException: HikariPool-1 - Connection is not available, request timed out after 1536080ms.
	at com.zaxxer.hikari.pool.HikariPool.createTimeoutException(HikariPool.java:696)
	at com.zaxxer.hikari.pool.HikariPool.getConnection(HikariPool.java:197)
	at com.zaxxer.hikari.pool.HikariPool.getConnection(HikariPool.java:162)
	at com.zaxxer.hikari.HikariDataSource.getConnection(HikariDataSource.java:128)
	at org.springframework.jdbc.datasource.DataSourceUtils.fetchConnection(DataSourceUtils.java:159)
	at org.springframework.jdbc.datasource.DataSourceUtils.doGetConnection(DataSourceUtils.java:117)
	at org.springframework.jdbc.datasource.DataSourceUtils.getConnection(DataSourceUtils.java:80)
	... 38 common frames omitted
[WI-0][TI-0] - 2025-11-06 23:57:06.159 INFO  [MasterCommandLoopThread] o.a.d.m.m.BaseServerLoadProtection:[61] - OverLoad: the SystemMemoryUsedPercentage: 0.900721774137044 is over then the maxSystemMemoryUsagePercentageThresholds 0.9
[WI-0][TI-0] - 2025-11-06 23:57:06.160 WARN  [MasterCommandLoopThread] o.a.d.s.m.e.c.CommandEngine:[118] - The current server is overload, cannot consumes commands.
