2025-11-07 10:53:47.853 INFO  [main] o.e.j.u.log:[170] - Logging initialized @14609ms to org.eclipse.jetty.util.log.Slf4jLog
2025-11-07 10:53:49.062 INFO  [main] o.e.j.s.Server:[375] - jetty-9.4.48.v20220622; built: 2022-06-21T20:42:25.880Z; git: 6b67c5719d1f4371b33655ff2d047d24e171e49a; jvm 1.8.0_342-b07
2025-11-07 10:53:49.164 INFO  [main] o.e.j.s.h.C.application:[2368] - Initializing Spring embedded WebApplicationContext
2025-11-07 10:53:51.013 INFO  [main] c.z.h.HikariDataSource:[110] - HikariPool-1 - Starting...
2025-11-07 10:53:51.365 INFO  [main] c.z.h.HikariDataSource:[123] - HikariPool-1 - Start completed.
2025-11-07 10:53:52.626 INFO  [main] o.a.d.a.c.ApiConfig:[58] - API config: auditEnable -> true 
2025-11-07 10:53:52.633 INFO  [main] o.a.d.a.c.ApiConfig:[59] - API config: trafficControl -> ApiConfig.TrafficConfiguration(globalSwitch=false, maxGlobalQpsRate=300, tenantSwitch=false, defaultTenantQpsRate=10, customizeTenantQpsRate={}) 
2025-11-07 10:53:52.635 INFO  [main] o.a.d.a.c.ApiConfig:[60] - API config: pythonGateway -> ApiConfig.PythonGatewayConfiguration(enabled=true, gatewayServerAddress=127.0.0.1, gatewayServerPort=25333, pythonAddress=127.0.0.1, pythonPort=25334, connectTimeout=0, readTimeout=0, authToken=jwUDzpLsNKEFER4*a8gruBH_GsAurNxU7A@Xc) 
2025-11-07 10:53:53.350 INFO  [main] o.e.j.s.session:[334] - DefaultSessionIdManager workerName=node0
2025-11-07 10:53:53.352 INFO  [main] o.e.j.s.session:[339] - No SessionScavenger set, using defaults
2025-11-07 10:53:53.355 INFO  [main] o.e.j.s.session:[132] - node0 Scavenging every 600000ms
2025-11-07 10:53:53.412 INFO  [main] o.e.j.s.h.ContextHandler:[921] - Started o.s.b.w.e.j.JettyEmbeddedWebAppContext@3ccefe1b{application,/dolphinscheduler,[file:///tmp/jetty-docbase.12345.3903126465689076190/, jar:file:/opt/dolphinscheduler/api-server/libs/swagger-ui-4.11.1.jar!/META-INF/resources],AVAILABLE}
2025-11-07 10:53:53.414 INFO  [main] o.e.j.s.Server:[415] - Started @20175ms
2025-11-07 10:54:02.345 INFO  [main] o.a.d.p.r.z.ZookeeperRegistryAutoConfiguration:[37] - Load ZookeeperRegistryAutoConfiguration
2025-11-07 10:54:02.446 INFO  [main] o.a.d.p.r.z.ZookeeperRegistryProperties:[96] - 
****************************ZookeeperRegistryProperties**************************************
  namespace -> dolphinscheduler
  connectString -> zookeeper:2181
  retryPolicy -> ZookeeperRegistryProperties.ZookeeperProperties.RetryPolicy(baseSleepTime=PT1S, maxRetries=3, maxSleep=PT5S)
  digest -> 
  sessionTimeout -> PT5M
  connectionTimeout -> PT2M
  blockUntilConnected -> PT30M
****************************ZookeeperRegistryProperties**************************************
2025-11-07 10:54:02.920 INFO  [main] o.a.d.p.r.z.ZookeeperRegistry:[113] - ZookeeperRegistry started at: 134/ms
2025-11-07 10:54:03.508 INFO  [main] c.a.c.i.ReflectionUtils:[542] - Unable to create MethodHandles to use Java 9+ MethodHandles.privateLookupIn. Will attempt to fallback to using the package-private constructor.
2025-11-07 10:54:03.555 INFO  [main] c.a.c.i.j.JacksonVersion:[222] - Package versions: jackson-core=2.13.4, jackson-databind=2.13.4, jackson-dataformat-xml=2.13.3, jackson-datatype-jsr310=2.13.4, azure-core=1.36.0, Troubleshooting version conflicts: https://aka.ms/azsdk/java/dependency/troubleshoot
2025-11-07 10:54:13.623 INFO  [main] o.q.i.StdSchedulerFactory:[1220] - Using default implementation for ThreadExecutor
2025-11-07 10:54:13.650 INFO  [main] o.q.c.SchedulerSignalerImpl:[61] - Initialized Scheduler Signaller of type: class org.quartz.core.SchedulerSignalerImpl
2025-11-07 10:54:13.651 INFO  [main] o.q.c.QuartzScheduler:[229] - Quartz Scheduler v.2.3.2 created.
2025-11-07 10:54:13.653 INFO  [main] o.q.s.RAMJobStore:[155] - RAMJobStore initialized.
2025-11-07 10:54:13.656 INFO  [main] o.q.c.QuartzScheduler:[294] - Scheduler meta-data: Quartz Scheduler (v2.3.2) 'quartzScheduler' with instanceId 'NON_CLUSTERED'
  Scheduler class: 'org.quartz.core.QuartzScheduler' - running locally.
  NOT STARTED.
  Currently in standby mode.
  Number of jobs executed: 0
  Using thread pool 'org.quartz.simpl.SimpleThreadPool' - with 10 threads.
  Using job-store 'org.quartz.simpl.RAMJobStore' - which does not support persistence. and is not clustered.

2025-11-07 10:54:13.657 INFO  [main] o.q.i.StdSchedulerFactory:[1374] - Quartz scheduler 'quartzScheduler' initialized from an externally provided properties instance.
2025-11-07 10:54:13.658 INFO  [main] o.q.i.StdSchedulerFactory:[1378] - Quartz scheduler version: 2.3.2
2025-11-07 10:54:13.661 INFO  [main] o.q.c.QuartzScheduler:[2293] - JobFactory set to: org.springframework.scheduling.quartz.SpringBeanJobFactory@5e05dd42
2025-11-07 10:54:15.048 INFO  [main] o.a.d.a.p.PythonGateway:[678] - PythonGatewayService started on: /127.0.0.1
2025-11-07 10:54:15.068 INFO  [Thread-13] p.GatewayServer:[573] - Gateway Server Started
2025-11-07 10:54:30.084 INFO  [main] o.s.l.c.s.AbstractContextSource:[425] - Property 'userDn' not set - anonymous context will be used for read-write operations
2025-11-07 10:54:31.700 INFO  [main] o.e.j.s.h.C.application:[2368] - Initializing Spring DispatcherServlet 'dispatcherServlet'
2025-11-07 10:54:31.723 INFO  [main] o.e.j.s.AbstractConnector:[333] - Started ServerConnector@299a43d9{HTTP/1.1, (http/1.1)}{0.0.0.0:12345}
2025-11-07 10:54:31.727 INFO  [main] o.q.c.QuartzScheduler:[547] - Scheduler quartzScheduler_$_NON_CLUSTERED started.
2025-11-07 10:54:31.752 INFO  [main] o.a.d.a.ApiApplicationServer:[64] - Received spring application context ready event will load taskPlugin and write to DB
2025-11-07 10:54:31.793 INFO  [main] o.a.d.p.d.a.p.DataSourceProcessorManager:[49] - Success register datasource plugin -> K8S
2025-11-07 10:54:31.803 INFO  [main] o.a.d.p.d.a.p.DataSourceProcessorManager:[49] - Success register datasource plugin -> ZEPPELIN
2025-11-07 10:54:31.810 INFO  [main] o.a.d.p.d.a.p.DataSourceProcessorManager:[49] - Success register datasource plugin -> SSH
2025-11-07 10:54:31.815 INFO  [main] o.a.d.p.d.a.p.DataSourceProcessorManager:[49] - Success register datasource plugin -> CLICKHOUSE
2025-11-07 10:54:31.819 INFO  [main] o.a.d.p.d.a.p.DataSourceProcessorManager:[49] - Success register datasource plugin -> DATABEND
2025-11-07 10:54:31.822 INFO  [main] o.a.d.p.d.a.p.DataSourceProcessorManager:[49] - Success register datasource plugin -> DB2
2025-11-07 10:54:31.828 INFO  [main] o.a.d.p.d.a.p.DataSourceProcessorManager:[49] - Success register datasource plugin -> HIVE
2025-11-07 10:54:31.837 INFO  [main] o.a.d.p.d.a.p.DataSourceProcessorManager:[49] - Success register datasource plugin -> MYSQL
2025-11-07 10:54:31.841 INFO  [main] o.a.d.p.d.a.p.DataSourceProcessorManager:[49] - Success register datasource plugin -> OCEANBASE
2025-11-07 10:54:31.849 INFO  [main] o.a.d.p.d.a.p.DataSourceProcessorManager:[49] - Success register datasource plugin -> ORACLE
2025-11-07 10:54:31.859 INFO  [main] o.a.d.p.d.a.p.DataSourceProcessorManager:[49] - Success register datasource plugin -> POSTGRESQL
2025-11-07 10:54:31.867 INFO  [main] o.a.d.p.d.a.p.DataSourceProcessorManager:[49] - Success register datasource plugin -> SQLSERVER
2025-11-07 10:54:31.873 INFO  [main] o.a.d.p.d.a.p.DataSourceProcessorManager:[49] - Success register datasource plugin -> REDSHIFT
2025-11-07 10:54:31.876 INFO  [main] o.a.d.p.d.a.p.DataSourceProcessorManager:[49] - Success register datasource plugin -> ATHENA
2025-11-07 10:54:31.880 INFO  [main] o.a.d.p.d.a.p.DataSourceProcessorManager:[49] - Success register datasource plugin -> SPARK
2025-11-07 10:54:31.884 INFO  [main] o.a.d.p.d.a.p.DataSourceProcessorManager:[49] - Success register datasource plugin -> PRESTO
2025-11-07 10:54:31.889 INFO  [main] o.a.d.p.d.a.p.DataSourceProcessorManager:[49] - Success register datasource plugin -> TRINO
2025-11-07 10:54:31.901 INFO  [main] o.a.d.p.d.a.p.DataSourceProcessorManager:[49] - Success register datasource plugin -> STARROCKS
2025-11-07 10:54:31.909 INFO  [main] o.a.d.p.d.a.p.DataSourceProcessorManager:[49] - Success register datasource plugin -> AZURESQL
2025-11-07 10:54:31.915 INFO  [main] o.a.d.p.d.a.p.DataSourceProcessorManager:[49] - Success register datasource plugin -> DAMENG
2025-11-07 10:54:31.920 INFO  [main] o.a.d.p.d.a.p.DataSourceProcessorManager:[49] - Success register datasource plugin -> SNOWFLAKE
2025-11-07 10:54:31.931 INFO  [main] o.a.d.p.d.a.p.DataSourceProcessorManager:[49] - Success register datasource plugin -> KYUUBI
2025-11-07 10:54:31.942 INFO  [main] o.a.d.p.d.a.p.DataSourceProcessorManager:[49] - Success register datasource plugin -> VERTICA
2025-11-07 10:54:31.949 INFO  [main] o.a.d.p.d.a.p.DataSourceProcessorManager:[49] - Success register datasource plugin -> DORIS
2025-11-07 10:54:31.955 INFO  [main] o.a.d.p.d.a.p.DataSourceProcessorManager:[49] - Success register datasource plugin -> SAGEMAKER
2025-11-07 10:54:31.962 INFO  [main] o.a.d.p.d.a.p.DataSourceProcessorManager:[49] - Success register datasource plugin -> HANA
2025-11-07 10:54:31.967 INFO  [main] o.a.d.p.d.a.p.DataSourceProcessorManager:[49] - Success register datasource plugin -> ALIYUN_SERVERLESS_SPARK
2025-11-07 10:54:31.971 INFO  [main] o.a.d.p.d.a.p.DataSourceProcessorManager:[49] - Success register datasource plugin -> DOLPHINDB
2025-11-07 10:54:31.981 INFO  [main] o.a.d.p.d.a.p.DataSourceProcessorProvider:[41] - Initialize DataSourceProcessorProvider
2025-11-07 10:54:32.062 INFO  [main] o.a.d.p.t.a.TaskPluginManager:[53] - Success register task plugin: JAVA
2025-11-07 10:54:32.072 INFO  [main] o.a.d.p.t.a.TaskPluginManager:[53] - Success register task plugin: JUPYTER
2025-11-07 10:54:32.078 INFO  [main] o.a.d.p.t.a.TaskPluginManager:[53] - Success register task plugin: SPARK
2025-11-07 10:54:32.085 INFO  [main] o.a.d.p.t.a.TaskPluginManager:[53] - Success register task plugin: FLINK_STREAM
2025-11-07 10:54:32.090 INFO  [main] o.a.d.p.t.a.TaskPluginManager:[53] - Success register task plugin: PYTHON
2025-11-07 10:54:32.095 INFO  [main] o.a.d.p.t.a.TaskPluginManager:[53] - Success register task plugin: ALIYUN_SERVERLESS_SPARK
2025-11-07 10:54:32.099 INFO  [main] o.a.d.p.t.a.TaskPluginManager:[53] - Success register task plugin: DATASYNC
2025-11-07 10:54:32.101 INFO  [main] o.a.d.p.t.a.TaskPluginManager:[53] - Success register task plugin: DATA_FACTORY
2025-11-07 10:54:32.103 INFO  [main] o.a.d.p.t.a.TaskPluginManager:[53] - Success register task plugin: CHUNJUN
2025-11-07 10:54:32.107 INFO  [main] o.a.d.p.t.a.TaskPluginManager:[53] - Success register task plugin: CONDITIONS
2025-11-07 10:54:32.114 INFO  [main] o.a.d.p.t.a.TaskPluginManager:[53] - Success register task plugin: REMOTESHELL
2025-11-07 10:54:32.117 INFO  [main] o.a.d.p.t.a.TaskPluginManager:[53] - Success register task plugin: SUB_WORKFLOW
2025-11-07 10:54:32.123 INFO  [main] o.a.d.p.t.a.TaskPluginManager:[53] - Success register task plugin: PROCEDURE
2025-11-07 10:54:32.128 INFO  [main] o.a.d.p.t.a.TaskPluginManager:[53] - Success register task plugin: SHELL
2025-11-07 10:54:32.129 INFO  [main] o.a.d.p.t.a.TaskPluginManager:[53] - Success register task plugin: DEPENDENT
2025-11-07 10:54:32.132 INFO  [main] o.a.d.p.t.a.TaskPluginManager:[53] - Success register task plugin: SQOOP
2025-11-07 10:54:32.133 INFO  [main] o.a.d.p.t.a.TaskPluginManager:[53] - Success register task plugin: MR
2025-11-07 10:54:32.136 INFO  [main] o.a.d.p.t.a.TaskPluginManager:[53] - Success register task plugin: PYTORCH
2025-11-07 10:54:32.140 INFO  [main] o.a.d.p.t.a.TaskPluginManager:[53] - Success register task plugin: K8S
2025-11-07 10:54:32.143 INFO  [main] o.a.d.p.t.a.TaskPluginManager:[53] - Success register task plugin: SAGEMAKER
2025-11-07 10:54:32.153 INFO  [main] o.a.d.p.t.a.TaskPluginManager:[53] - Success register task plugin: SEATUNNEL
2025-11-07 10:54:32.161 INFO  [main] o.a.d.p.t.a.TaskPluginManager:[53] - Success register task plugin: HTTP
2025-11-07 10:54:32.171 INFO  [main] o.a.d.p.t.a.TaskPluginManager:[53] - Success register task plugin: EMR
2025-11-07 10:54:32.174 INFO  [main] o.a.d.p.t.a.TaskPluginManager:[53] - Success register task plugin: DMS
2025-11-07 10:54:32.176 INFO  [main] o.a.d.p.t.a.TaskPluginManager:[53] - Success register task plugin: KUBEFLOW
2025-11-07 10:54:32.179 INFO  [main] o.a.d.p.t.a.TaskPluginManager:[53] - Success register task plugin: SQL
2025-11-07 10:54:32.181 INFO  [main] o.a.d.p.t.a.TaskPluginManager:[53] - Success register task plugin: DVC
2025-11-07 10:54:32.184 INFO  [main] o.a.d.p.t.a.TaskPluginManager:[53] - Success register task plugin: DATAX
2025-11-07 10:54:32.188 INFO  [main] o.a.d.p.t.a.TaskPluginManager:[53] - Success register task plugin: ZEPPELIN
2025-11-07 10:54:32.191 INFO  [main] o.a.d.p.t.a.TaskPluginManager:[53] - Success register task plugin: DINKY
2025-11-07 10:54:32.195 INFO  [main] o.a.d.p.t.a.TaskPluginManager:[53] - Success register task plugin: MLFLOW
2025-11-07 10:54:32.197 INFO  [main] o.a.d.p.t.a.TaskPluginManager:[53] - Success register task plugin: SWITCH
2025-11-07 10:54:32.203 INFO  [main] o.a.d.p.t.a.TaskPluginManager:[53] - Success register task plugin: OPENMLDB
2025-11-07 10:54:32.204 INFO  [main] o.a.d.p.t.a.TaskPluginManager:[53] - Success register task plugin: LogicFakeTask
2025-11-07 10:54:32.208 INFO  [main] o.a.d.p.t.a.TaskPluginManager:[53] - Success register task plugin: LINKIS
2025-11-07 10:54:32.212 INFO  [main] o.a.d.p.t.a.TaskPluginManager:[53] - Success register task plugin: HIVECLI
2025-11-07 10:54:32.215 INFO  [main] o.a.d.p.t.a.TaskPluginManager:[53] - Success register task plugin: FLINK
2025-11-07 10:54:32.215 WARN  [main] o.a.d.p.t.a.TaskPluginManager:[44] - The task plugin has already been loaded
2025-11-07 10:55:14.792 INFO  [qtp1825102364-173] o.a.d.a.i.LoginHandlerInterceptor:[75] - user does not exist
2025-11-07 10:55:14.792 INFO  [qtp1825102364-30] o.a.d.a.i.LoginHandlerInterceptor:[75] - user does not exist
2025-11-07 10:55:14.796 INFO  [qtp1825102364-29] o.a.d.a.i.LoginHandlerInterceptor:[75] - user does not exist
2025-11-07 10:55:16.150 INFO  [qtp1825102364-26] o.a.d.a.s.i.AbstractAuthenticator:[101] - Session is created, userName:admin.
2025-11-07 10:55:16.195 INFO  [qtp1825102364-28] o.a.d.c.c.SystemConstants:[30] - init timezone: sun.util.calendar.ZoneInfo[id="Asia/Shanghai",offset=28800000,dstSavings=0,useDaylight=false,transitions=31,lastRule=null]
2025-11-07 10:55:22.715 INFO  [qtp1825102364-173] o.a.d.a.s.i.ProjectServiceImpl:[134] - Project is created and id is :1
2025-11-07 10:55:30.413 INFO  [qtp1825102364-175] o.a.d.a.s.i.ResourcesServiceImpl:[184] - Success upload resource file: /tmp/dolphinscheduler/default/resources/flink-file-wordcount-1.0-SNAPSHOT.jar complete.
2025-11-07 10:55:36.151 INFO  [qtp1825102364-172] o.a.d.a.c.TaskTypeConfiguration:[73] - support default universal task types: [SHELL, JAVA, PYTHON, PROCEDURE, SQL, SPARK, FLINK, HTTP, MR, DINKY, FLINK_STREAM, HIVECLI, REMOTESHELL]
2025-11-07 10:55:36.152 INFO  [qtp1825102364-172] o.a.d.a.c.TaskTypeConfiguration:[74] - support default cloud task types: [EMR, K8S, DMS, DATA_FACTORY, ALIYUN_SERVERLESS_SPARK]
2025-11-07 10:55:36.153 INFO  [qtp1825102364-172] o.a.d.a.c.TaskTypeConfiguration:[75] - support default logic task types: [SUB_WORKFLOW, DEPENDENT, CONDITIONS, SWITCH]
2025-11-07 10:55:36.154 INFO  [qtp1825102364-172] o.a.d.a.c.TaskTypeConfiguration:[76] - support default dataIntegration task types: [SEATUNNEL, DATAX, SQOOP]
2025-11-07 10:55:36.156 INFO  [qtp1825102364-172] o.a.d.a.c.TaskTypeConfiguration:[77] - support default machineLearning task types: [JUPYTER, MLFLOW, OPENMLDB, DVC, SAGEMAKER, PYTORCH, KUBEFLOW]
2025-11-07 10:55:36.157 INFO  [qtp1825102364-172] o.a.d.a.c.TaskTypeConfiguration:[78] - support default other task types: [ZEPPELIN, CHUNJUN, DATASYNC, LINKIS]
2025-11-07 10:56:34.141 INFO  [qtp1825102364-177] o.a.d.a.s.i.WorkflowDefinitionServiceImpl:[382] - Save workflow definition complete, workflowDefinitionCode:156727085175776, workflowDefinitionVersion:1.
2025-11-07 10:56:34.160 INFO  [qtp1825102364-177] o.a.d.a.s.i.WorkflowDefinitionServiceImpl:[394] - Save workflow task relations complete, projectCode:156727012048864, workflowDefinitionCode:156727085175776, workflowDefinitionVersion:1.
2025-11-07 10:58:11.485 INFO  [qtp1825102364-28] o.a.d.e.b.c.JdkDynamicRpcClientProxyFactory:[56] - Create DynamicRpcClientProxy cache for host: 172.28.0.6:5678
2025-11-07 10:58:12.442 INFO  [qtp1825102364-28] o.a.d.c.u.NetUtils:[312] - Get all NetworkInterfaces: [name:eth0 (eth0), name:lo (lo)]
