2025-11-06 13:36:39.284 WARN  [HikariPool-1 housekeeper] c.z.h.p.HikariPool:[788] - HikariPool-1 - Thread starvation or clock leap detected (housekeeper delta=59m58s434ms738µs310ns).
2025-11-06 13:36:39.308 WARN  [main-SendThread(zookeeper:2181)] o.a.z.ClientCnxn:[1249] - Client session timed out, have not heard from server in 3602490ms for session id 0x100042203b70002
2025-11-06 13:36:39.821 WARN  [main-SendThread(zookeeper:2181)] o.a.z.ClientCnxn:[1292] - Session 0x100042203b70002 for server zookeeper/172.28.0.6:2181, Closing socket connection. Attempting reconnect except it is a SessionExpiredException.
org.apache.zookeeper.ClientCnxn$SessionTimeoutException: Client session timed out, have not heard from server in 3602490ms for session id 0x100042203b70002
	at org.apache.zookeeper.ClientCnxn$SendThread.run(ClientCnxn.java:1250)
2025-11-06 13:36:41.251 WARN  [main-EventThread] o.a.c.ConnectionState:[317] - Session expired event received
2025-11-06 13:36:41.251 WARN  [main-SendThread(zookeeper:2181)] o.a.z.ClientCnxn:[1429] - Unable to reconnect to ZooKeeper service, session 0x100042203b70002 has expired
2025-11-06 13:36:41.257 WARN  [main-SendThread(zookeeper:2181)] o.a.z.ClientCnxn:[1292] - Session 0x100042203b70002 for server zookeeper/172.28.0.6:2181, Closing socket connection. Attempting reconnect except it is a SessionExpiredException.
org.apache.zookeeper.ClientCnxn$SessionExpiredException: Unable to reconnect to ZooKeeper service, session 0x100042203b70002 has expired
	at org.apache.zookeeper.ClientCnxn$SendThread.onConnected(ClientCnxn.java:1430)
	at org.apache.zookeeper.ClientCnxnSocket.readConnectResult(ClientCnxnSocket.java:154)
	at org.apache.zookeeper.ClientCnxnSocketNIO.doIO(ClientCnxnSocketNIO.java:86)
	at org.apache.zookeeper.ClientCnxnSocketNIO.doTransport(ClientCnxnSocketNIO.java:350)
	at org.apache.zookeeper.ClientCnxn$SendThread.run(ClientCnxn.java:1282)
2025-11-06 13:37:30.382 WARN  [HikariPool-1 housekeeper] c.z.h.p.HikariPool:[788] - HikariPool-1 - Thread starvation or clock leap detected (housekeeper delta=51s750ms368µs149ns).
2025-11-06 13:37:30.384 WARN  [main-SendThread(zookeeper:2181)] o.a.z.ClientCnxn:[1249] - Client session timed out, have not heard from server in 49095ms for session id 0x100042203b70005
2025-11-06 13:37:30.522 WARN  [main-SendThread(zookeeper:2181)] o.a.z.ClientCnxn:[1292] - Session 0x100042203b70005 for server zookeeper/172.28.0.6:2181, Closing socket connection. Attempting reconnect except it is a SessionExpiredException.
org.apache.zookeeper.ClientCnxn$SessionTimeoutException: Client session timed out, have not heard from server in 49095ms for session id 0x100042203b70005
	at org.apache.zookeeper.ClientCnxn$SendThread.run(ClientCnxn.java:1250)
2025-11-06 13:37:31.969 WARN  [main-SendThread(zookeeper:2181)] o.a.z.ClientCnxn:[1429] - Unable to reconnect to ZooKeeper service, session 0x100042203b70005 has expired
2025-11-06 13:37:31.969 WARN  [main-EventThread] o.a.c.ConnectionState:[317] - Session expired event received
2025-11-06 13:37:31.971 WARN  [main-SendThread(zookeeper:2181)] o.a.z.ClientCnxn:[1292] - Session 0x100042203b70005 for server zookeeper/172.28.0.6:2181, Closing socket connection. Attempting reconnect except it is a SessionExpiredException.
org.apache.zookeeper.ClientCnxn$SessionExpiredException: Unable to reconnect to ZooKeeper service, session 0x100042203b70005 has expired
	at org.apache.zookeeper.ClientCnxn$SendThread.onConnected(ClientCnxn.java:1430)
	at org.apache.zookeeper.ClientCnxnSocket.readConnectResult(ClientCnxnSocket.java:154)
	at org.apache.zookeeper.ClientCnxnSocketNIO.doIO(ClientCnxnSocketNIO.java:86)
	at org.apache.zookeeper.ClientCnxnSocketNIO.doTransport(ClientCnxnSocketNIO.java:350)
	at org.apache.zookeeper.ClientCnxn$SendThread.run(ClientCnxn.java:1282)
