2025-11-06 17:05:14.249 INFO  [main] o.e.j.u.log:[170] - Logging initialized @6022ms to org.eclipse.jetty.util.log.Slf4jLog
2025-11-06 17:05:14.685 INFO  [main] o.e.j.s.Server:[375] - jetty-9.4.48.v20220622; built: 2022-06-21T20:42:25.880Z; git: 6b67c5719d1f4371b33655ff2d047d24e171e49a; jvm 1.8.0_342-b07
2025-11-06 17:05:14.723 INFO  [main] o.e.j.s.h.C.application:[2368] - Initializing Spring embedded WebApplicationContext
2025-11-06 17:05:15.816 INFO  [main] c.z.h.HikariDataSource:[110] - HikariPool-1 - Starting...
2025-11-06 17:05:16.228 INFO  [main] c.z.h.HikariDataSource:[123] - HikariPool-1 - Start completed.
2025-11-06 17:05:16.943 INFO  [main] o.a.d.a.c.ApiConfig:[58] - API config: auditEnable -> true 
2025-11-06 17:05:16.945 INFO  [main] o.a.d.a.c.ApiConfig:[59] - API config: trafficControl -> ApiConfig.TrafficConfiguration(globalSwitch=false, maxGlobalQpsRate=300, tenantSwitch=false, defaultTenantQpsRate=10, customizeTenantQpsRate={}) 
2025-11-06 17:05:16.946 INFO  [main] o.a.d.a.c.ApiConfig:[60] - API config: pythonGateway -> ApiConfig.PythonGatewayConfiguration(enabled=true, gatewayServerAddress=127.0.0.1, gatewayServerPort=25333, pythonAddress=127.0.0.1, pythonPort=25334, connectTimeout=0, readTimeout=0, authToken=jwUDzpLsNKEFER4*a8gruBH_GsAurNxU7A@Xc) 
2025-11-06 17:05:17.131 INFO  [main] o.e.j.s.session:[334] - DefaultSessionIdManager workerName=node0
2025-11-06 17:05:17.133 INFO  [main] o.e.j.s.session:[339] - No SessionScavenger set, using defaults
2025-11-06 17:05:17.136 INFO  [main] o.e.j.s.session:[132] - node0 Scavenging every 600000ms
2025-11-06 17:05:17.149 INFO  [main] o.e.j.s.h.ContextHandler:[921] - Started o.s.b.w.e.j.JettyEmbeddedWebAppContext@746f8520{application,/dolphinscheduler,[file:///tmp/jetty-docbase.12345.6039143010462259527/, jar:file:/opt/dolphinscheduler/api-server/libs/swagger-ui-4.11.1.jar!/META-INF/resources],AVAILABLE}
2025-11-06 17:05:17.150 INFO  [main] o.e.j.s.Server:[415] - Started @8930ms
2025-11-06 17:05:20.264 INFO  [main] o.a.d.p.r.z.ZookeeperRegistryAutoConfiguration:[37] - Load ZookeeperRegistryAutoConfiguration
2025-11-06 17:05:20.287 INFO  [main] o.a.d.p.r.z.ZookeeperRegistryProperties:[96] - 
****************************ZookeeperRegistryProperties**************************************
  namespace -> dolphinscheduler
  connectString -> zookeeper:2181
  retryPolicy -> ZookeeperRegistryProperties.ZookeeperProperties.RetryPolicy(baseSleepTime=PT0.1S, maxRetries=3, maxSleep=PT1S)
  digest -> 
  sessionTimeout -> PT1M
  connectionTimeout -> PT30S
  blockUntilConnected -> PT30S
****************************ZookeeperRegistryProperties**************************************
2025-11-06 17:05:20.560 INFO  [main] o.a.d.p.r.z.ZookeeperRegistry:[113] - ZookeeperRegistry started at: 78/ms
2025-11-06 17:05:20.783 INFO  [main] c.a.c.i.ReflectionUtils:[542] - Unable to create MethodHandles to use Java 9+ MethodHandles.privateLookupIn. Will attempt to fallback to using the package-private constructor.
2025-11-06 17:05:20.824 INFO  [main] c.a.c.i.j.JacksonVersion:[222] - Package versions: jackson-core=2.13.4, jackson-databind=2.13.4, jackson-dataformat-xml=2.13.3, jackson-datatype-jsr310=2.13.4, azure-core=1.36.0, Troubleshooting version conflicts: https://aka.ms/azsdk/java/dependency/troubleshoot
2025-11-06 17:05:26.117 INFO  [main] o.q.i.StdSchedulerFactory:[1220] - Using default implementation for ThreadExecutor
2025-11-06 17:05:26.153 INFO  [main] o.q.c.SchedulerSignalerImpl:[61] - Initialized Scheduler Signaller of type: class org.quartz.core.SchedulerSignalerImpl
2025-11-06 17:05:26.154 INFO  [main] o.q.c.QuartzScheduler:[229] - Quartz Scheduler v.2.3.2 created.
2025-11-06 17:05:26.157 INFO  [main] o.q.s.RAMJobStore:[155] - RAMJobStore initialized.
2025-11-06 17:05:26.158 INFO  [main] o.q.c.QuartzScheduler:[294] - Scheduler meta-data: Quartz Scheduler (v2.3.2) 'quartzScheduler' with instanceId 'NON_CLUSTERED'
  Scheduler class: 'org.quartz.core.QuartzScheduler' - running locally.
  NOT STARTED.
  Currently in standby mode.
  Number of jobs executed: 0
  Using thread pool 'org.quartz.simpl.SimpleThreadPool' - with 10 threads.
  Using job-store 'org.quartz.simpl.RAMJobStore' - which does not support persistence. and is not clustered.

2025-11-06 17:05:26.159 INFO  [main] o.q.i.StdSchedulerFactory:[1374] - Quartz scheduler 'quartzScheduler' initialized from an externally provided properties instance.
2025-11-06 17:05:26.160 INFO  [main] o.q.i.StdSchedulerFactory:[1378] - Quartz scheduler version: 2.3.2
2025-11-06 17:05:26.161 INFO  [main] o.q.c.QuartzScheduler:[2293] - JobFactory set to: org.springframework.scheduling.quartz.SpringBeanJobFactory@63a833c5
2025-11-06 17:05:26.971 INFO  [main] o.a.d.a.p.PythonGateway:[678] - PythonGatewayService started on: /127.0.0.1
2025-11-06 17:05:26.994 INFO  [Thread-13] p.GatewayServer:[573] - Gateway Server Started
2025-11-06 17:05:33.454 INFO  [main] o.s.l.c.s.AbstractContextSource:[425] - Property 'userDn' not set - anonymous context will be used for read-write operations
2025-11-06 17:05:35.056 INFO  [main] o.e.j.s.h.C.application:[2368] - Initializing Spring DispatcherServlet 'dispatcherServlet'
2025-11-06 17:05:35.096 INFO  [main] o.e.j.s.AbstractConnector:[333] - Started ServerConnector@11c3ce6a{HTTP/1.1, (http/1.1)}{0.0.0.0:12345}
2025-11-06 17:05:35.104 INFO  [main] o.q.c.QuartzScheduler:[547] - Scheduler quartzScheduler_$_NON_CLUSTERED started.
2025-11-06 17:05:35.161 INFO  [main] o.a.d.a.ApiApplicationServer:[64] - Received spring application context ready event will load taskPlugin and write to DB
2025-11-06 17:05:35.285 INFO  [main] o.a.d.p.d.a.p.DataSourceProcessorManager:[49] - Success register datasource plugin -> K8S
2025-11-06 17:05:35.296 INFO  [main] o.a.d.p.d.a.p.DataSourceProcessorManager:[49] - Success register datasource plugin -> ZEPPELIN
2025-11-06 17:05:35.306 INFO  [main] o.a.d.p.d.a.p.DataSourceProcessorManager:[49] - Success register datasource plugin -> SSH
2025-11-06 17:05:35.318 INFO  [main] o.a.d.p.d.a.p.DataSourceProcessorManager:[49] - Success register datasource plugin -> CLICKHOUSE
2025-11-06 17:05:35.328 INFO  [main] o.a.d.p.d.a.p.DataSourceProcessorManager:[49] - Success register datasource plugin -> DATABEND
2025-11-06 17:05:35.337 INFO  [main] o.a.d.p.d.a.p.DataSourceProcessorManager:[49] - Success register datasource plugin -> DB2
2025-11-06 17:05:35.349 INFO  [main] o.a.d.p.d.a.p.DataSourceProcessorManager:[49] - Success register datasource plugin -> HIVE
2025-11-06 17:05:35.359 INFO  [main] o.a.d.p.d.a.p.DataSourceProcessorManager:[49] - Success register datasource plugin -> MYSQL
2025-11-06 17:05:35.368 INFO  [main] o.a.d.p.d.a.p.DataSourceProcessorManager:[49] - Success register datasource plugin -> OCEANBASE
2025-11-06 17:05:35.381 INFO  [main] o.a.d.p.d.a.p.DataSourceProcessorManager:[49] - Success register datasource plugin -> ORACLE
2025-11-06 17:05:35.389 INFO  [main] o.a.d.p.d.a.p.DataSourceProcessorManager:[49] - Success register datasource plugin -> POSTGRESQL
2025-11-06 17:05:35.396 INFO  [main] o.a.d.p.d.a.p.DataSourceProcessorManager:[49] - Success register datasource plugin -> SQLSERVER
2025-11-06 17:05:35.407 INFO  [main] o.a.d.p.d.a.p.DataSourceProcessorManager:[49] - Success register datasource plugin -> REDSHIFT
2025-11-06 17:05:35.415 INFO  [main] o.a.d.p.d.a.p.DataSourceProcessorManager:[49] - Success register datasource plugin -> ATHENA
2025-11-06 17:05:35.422 INFO  [main] o.a.d.p.d.a.p.DataSourceProcessorManager:[49] - Success register datasource plugin -> SPARK
2025-11-06 17:05:35.430 INFO  [main] o.a.d.p.d.a.p.DataSourceProcessorManager:[49] - Success register datasource plugin -> PRESTO
2025-11-06 17:05:35.437 INFO  [main] o.a.d.p.d.a.p.DataSourceProcessorManager:[49] - Success register datasource plugin -> TRINO
2025-11-06 17:05:35.444 INFO  [main] o.a.d.p.d.a.p.DataSourceProcessorManager:[49] - Success register datasource plugin -> STARROCKS
2025-11-06 17:05:35.452 INFO  [main] o.a.d.p.d.a.p.DataSourceProcessorManager:[49] - Success register datasource plugin -> AZURESQL
2025-11-06 17:05:35.462 INFO  [main] o.a.d.p.d.a.p.DataSourceProcessorManager:[49] - Success register datasource plugin -> DAMENG
2025-11-06 17:05:35.471 INFO  [main] o.a.d.p.d.a.p.DataSourceProcessorManager:[49] - Success register datasource plugin -> SNOWFLAKE
2025-11-06 17:05:35.480 INFO  [main] o.a.d.p.d.a.p.DataSourceProcessorManager:[49] - Success register datasource plugin -> KYUUBI
2025-11-06 17:05:35.491 INFO  [main] o.a.d.p.d.a.p.DataSourceProcessorManager:[49] - Success register datasource plugin -> VERTICA
2025-11-06 17:05:35.501 INFO  [main] o.a.d.p.d.a.p.DataSourceProcessorManager:[49] - Success register datasource plugin -> DORIS
2025-11-06 17:05:35.506 INFO  [main] o.a.d.p.d.a.p.DataSourceProcessorManager:[49] - Success register datasource plugin -> SAGEMAKER
2025-11-06 17:05:35.514 INFO  [main] o.a.d.p.d.a.p.DataSourceProcessorManager:[49] - Success register datasource plugin -> HANA
2025-11-06 17:05:35.520 INFO  [main] o.a.d.p.d.a.p.DataSourceProcessorManager:[49] - Success register datasource plugin -> ALIYUN_SERVERLESS_SPARK
2025-11-06 17:05:35.526 INFO  [main] o.a.d.p.d.a.p.DataSourceProcessorManager:[49] - Success register datasource plugin -> DOLPHINDB
2025-11-06 17:05:35.532 INFO  [main] o.a.d.p.d.a.p.DataSourceProcessorProvider:[41] - Initialize DataSourceProcessorProvider
2025-11-06 17:05:35.614 INFO  [main] o.a.d.p.t.a.TaskPluginManager:[53] - Success register task plugin: JAVA
2025-11-06 17:05:35.620 INFO  [main] o.a.d.p.t.a.TaskPluginManager:[53] - Success register task plugin: JUPYTER
2025-11-06 17:05:35.626 INFO  [main] o.a.d.p.t.a.TaskPluginManager:[53] - Success register task plugin: SPARK
2025-11-06 17:05:35.634 INFO  [main] o.a.d.p.t.a.TaskPluginManager:[53] - Success register task plugin: FLINK_STREAM
2025-11-06 17:05:35.638 INFO  [main] o.a.d.p.t.a.TaskPluginManager:[53] - Success register task plugin: PYTHON
2025-11-06 17:05:35.643 INFO  [main] o.a.d.p.t.a.TaskPluginManager:[53] - Success register task plugin: ALIYUN_SERVERLESS_SPARK
2025-11-06 17:05:35.647 INFO  [main] o.a.d.p.t.a.TaskPluginManager:[53] - Success register task plugin: DATASYNC
2025-11-06 17:05:35.650 INFO  [main] o.a.d.p.t.a.TaskPluginManager:[53] - Success register task plugin: DATA_FACTORY
2025-11-06 17:05:35.654 INFO  [main] o.a.d.p.t.a.TaskPluginManager:[53] - Success register task plugin: CHUNJUN
2025-11-06 17:05:35.658 INFO  [main] o.a.d.p.t.a.TaskPluginManager:[53] - Success register task plugin: CONDITIONS
2025-11-06 17:05:35.662 INFO  [main] o.a.d.p.t.a.TaskPluginManager:[53] - Success register task plugin: REMOTESHELL
2025-11-06 17:05:35.663 INFO  [main] o.a.d.p.t.a.TaskPluginManager:[53] - Success register task plugin: SUB_WORKFLOW
2025-11-06 17:05:35.668 INFO  [main] o.a.d.p.t.a.TaskPluginManager:[53] - Success register task plugin: PROCEDURE
2025-11-06 17:05:35.672 INFO  [main] o.a.d.p.t.a.TaskPluginManager:[53] - Success register task plugin: SHELL
2025-11-06 17:05:35.674 INFO  [main] o.a.d.p.t.a.TaskPluginManager:[53] - Success register task plugin: DEPENDENT
2025-11-06 17:05:35.677 INFO  [main] o.a.d.p.t.a.TaskPluginManager:[53] - Success register task plugin: SQOOP
2025-11-06 17:05:35.680 INFO  [main] o.a.d.p.t.a.TaskPluginManager:[53] - Success register task plugin: MR
2025-11-06 17:05:35.684 INFO  [main] o.a.d.p.t.a.TaskPluginManager:[53] - Success register task plugin: PYTORCH
2025-11-06 17:05:35.690 INFO  [main] o.a.d.p.t.a.TaskPluginManager:[53] - Success register task plugin: K8S
2025-11-06 17:05:35.695 INFO  [main] o.a.d.p.t.a.TaskPluginManager:[53] - Success register task plugin: SAGEMAKER
2025-11-06 17:05:35.703 INFO  [main] o.a.d.p.t.a.TaskPluginManager:[53] - Success register task plugin: SEATUNNEL
2025-11-06 17:05:35.708 INFO  [main] o.a.d.p.t.a.TaskPluginManager:[53] - Success register task plugin: HTTP
2025-11-06 17:05:35.716 INFO  [main] o.a.d.p.t.a.TaskPluginManager:[53] - Success register task plugin: EMR
2025-11-06 17:05:35.720 INFO  [main] o.a.d.p.t.a.TaskPluginManager:[53] - Success register task plugin: DMS
2025-11-06 17:05:35.724 INFO  [main] o.a.d.p.t.a.TaskPluginManager:[53] - Success register task plugin: KUBEFLOW
2025-11-06 17:05:35.729 INFO  [main] o.a.d.p.t.a.TaskPluginManager:[53] - Success register task plugin: SQL
2025-11-06 17:05:35.732 INFO  [main] o.a.d.p.t.a.TaskPluginManager:[53] - Success register task plugin: DVC
2025-11-06 17:05:35.737 INFO  [main] o.a.d.p.t.a.TaskPluginManager:[53] - Success register task plugin: DATAX
2025-11-06 17:05:35.741 INFO  [main] o.a.d.p.t.a.TaskPluginManager:[53] - Success register task plugin: ZEPPELIN
2025-11-06 17:05:35.745 INFO  [main] o.a.d.p.t.a.TaskPluginManager:[53] - Success register task plugin: DINKY
2025-11-06 17:05:35.748 INFO  [main] o.a.d.p.t.a.TaskPluginManager:[53] - Success register task plugin: MLFLOW
2025-11-06 17:05:35.750 INFO  [main] o.a.d.p.t.a.TaskPluginManager:[53] - Success register task plugin: SWITCH
2025-11-06 17:05:35.754 INFO  [main] o.a.d.p.t.a.TaskPluginManager:[53] - Success register task plugin: OPENMLDB
2025-11-06 17:05:35.756 INFO  [main] o.a.d.p.t.a.TaskPluginManager:[53] - Success register task plugin: LogicFakeTask
2025-11-06 17:05:35.761 INFO  [main] o.a.d.p.t.a.TaskPluginManager:[53] - Success register task plugin: LINKIS
2025-11-06 17:05:35.766 INFO  [main] o.a.d.p.t.a.TaskPluginManager:[53] - Success register task plugin: HIVECLI
2025-11-06 17:05:35.768 INFO  [main] o.a.d.p.t.a.TaskPluginManager:[53] - Success register task plugin: FLINK
2025-11-06 17:05:35.769 WARN  [main] o.a.d.p.t.a.TaskPluginManager:[44] - The task plugin has already been loaded
2025-11-06 17:07:39.842 INFO  [qtp357065976-175] o.a.d.a.i.LoginHandlerInterceptor:[75] - user does not exist
2025-11-06 17:07:39.843 INFO  [qtp357065976-24] o.a.d.a.i.LoginHandlerInterceptor:[75] - user does not exist
2025-11-06 17:07:41.042 INFO  [qtp357065976-25] o.a.d.a.s.i.AbstractAuthenticator:[101] - Session is created, userName:admin.
2025-11-06 17:07:41.077 INFO  [qtp357065976-173] o.a.d.c.c.SystemConstants:[30] - init timezone: sun.util.calendar.ZoneInfo[id="Asia/Shanghai",offset=28800000,dstSavings=0,useDaylight=false,transitions=31,lastRule=null]
2025-11-06 17:07:41.271 ERROR [qtp357065976-30] o.a.d.a.e.ApiExceptionHandler:[40] - org.apache.dolphinscheduler.api.controller.WorkflowInstanceController#queryWorkflowInstanceList[12 args] Meet a ServiceException: 该项目不存在,请刷新页面
2025-11-06 17:07:43.657 ERROR [qtp357065976-23] o.a.d.a.s.i.ProjectServiceImpl:[247] - Project does not exist.
2025-11-06 17:07:43.673 ERROR [qtp357065976-29] o.a.d.a.s.i.ProjectServiceImpl:[344] - Project does not exist.
2025-11-06 17:07:43.683 ERROR [qtp357065976-171] o.a.d.a.e.ApiExceptionHandler:[40] - org.apache.dolphinscheduler.api.controller.WorkflowDefinitionController#queryWorkflowDefinitionListPaging[7 args] Meet a ServiceException: 该项目不存在,请刷新页面
2025-11-06 17:07:43.706 ERROR [qtp357065976-30] o.a.d.a.s.i.ProjectServiceImpl:[247] - Project does not exist.
2025-11-06 17:07:51.475 INFO  [qtp357065976-25] o.a.d.a.s.i.ProjectServiceImpl:[134] - Project is created and id is :1
2025-11-06 17:07:54.777 INFO  [qtp357065976-177] o.a.d.a.c.TaskTypeConfiguration:[73] - support default universal task types: [SHELL, JAVA, PYTHON, PROCEDURE, SQL, SPARK, FLINK, HTTP, MR, DINKY, FLINK_STREAM, HIVECLI, REMOTESHELL]
2025-11-06 17:07:54.779 INFO  [qtp357065976-177] o.a.d.a.c.TaskTypeConfiguration:[74] - support default cloud task types: [EMR, K8S, DMS, DATA_FACTORY, ALIYUN_SERVERLESS_SPARK]
2025-11-06 17:07:54.780 INFO  [qtp357065976-177] o.a.d.a.c.TaskTypeConfiguration:[75] - support default logic task types: [SUB_WORKFLOW, DEPENDENT, CONDITIONS, SWITCH]
2025-11-06 17:07:54.781 INFO  [qtp357065976-177] o.a.d.a.c.TaskTypeConfiguration:[76] - support default dataIntegration task types: [SEATUNNEL, DATAX, SQOOP]
2025-11-06 17:07:54.782 INFO  [qtp357065976-177] o.a.d.a.c.TaskTypeConfiguration:[77] - support default machineLearning task types: [JUPYTER, MLFLOW, OPENMLDB, DVC, SAGEMAKER, PYTORCH, KUBEFLOW]
2025-11-06 17:07:54.783 INFO  [qtp357065976-177] o.a.d.a.c.TaskTypeConfiguration:[78] - support default other task types: [ZEPPELIN, CHUNJUN, DATASYNC, LINKIS]
2025-11-06 17:08:13.189 INFO  [qtp357065976-171] o.a.d.a.s.i.WorkflowDefinitionServiceImpl:[382] - Save workflow definition complete, workflowDefinitionCode:156661445799520, workflowDefinitionVersion:1.
2025-11-06 17:08:13.204 INFO  [qtp357065976-171] o.a.d.a.s.i.WorkflowDefinitionServiceImpl:[394] - Save workflow task relations complete, projectCode:156661423581792, workflowDefinitionCode:156661445799520, workflowDefinitionVersion:1.
2025-11-06 17:08:23.269 INFO  [qtp357065976-176] o.a.d.e.b.c.JdkDynamicRpcClientProxyFactory:[56] - Create DynamicRpcClientProxy cache for host: 172.28.0.6:5678
2025-11-06 17:08:23.569 INFO  [qtp357065976-176] o.a.d.c.u.NetUtils:[312] - Get all NetworkInterfaces: [name:eth0 (eth0), name:lo (lo)]
2025-11-06 17:53:42.946 WARN  [qtp357065976-172] c.z.h.p.PoolBase:[184] - HikariPool-1 - Failed to validate connection com.mysql.cj.jdbc.ConnectionImpl@75ea9492 (No operations allowed after connection closed.). Possibly consider using a shorter maxLifetime value.
2025-11-06 17:53:42.958 WARN  [qtp357065976-172] c.z.h.p.PoolBase:[184] - HikariPool-1 - Failed to validate connection com.mysql.cj.jdbc.ConnectionImpl@69d2f1f6 (No operations allowed after connection closed.). Possibly consider using a shorter maxLifetime value.
2025-11-06 17:53:42.964 WARN  [qtp357065976-172] c.z.h.p.PoolBase:[184] - HikariPool-1 - Failed to validate connection com.mysql.cj.jdbc.ConnectionImpl@3e7e73e6 (No operations allowed after connection closed.). Possibly consider using a shorter maxLifetime value.
2025-11-06 17:53:42.968 WARN  [qtp357065976-172] c.z.h.p.PoolBase:[184] - HikariPool-1 - Failed to validate connection com.mysql.cj.jdbc.ConnectionImpl@1f912ebf (No operations allowed after connection closed.). Possibly consider using a shorter maxLifetime value.
2025-11-06 17:53:42.971 WARN  [qtp357065976-172] c.z.h.p.PoolBase:[184] - HikariPool-1 - Failed to validate connection com.mysql.cj.jdbc.ConnectionImpl@fa73d28 (No operations allowed after connection closed.). Possibly consider using a shorter maxLifetime value.
