2025-11-07 11:10:41.838 INFO  - 🐬 Initialize Task Context
2025-11-07 11:10:41.860 INFO  - TenantCode: cpy check successfully
2025-11-07 11:10:41.862 INFO  - TaskInstance working directory: /tmp/dolphinscheduler/exec/process/5 create successfully
2025-11-07 11:10:41.877 INFO  - Download resource file /tmp/dolphinscheduler/default/resources/flink-file-wordcount-1.0-SNAPSHOT.jar -> /tmp/dolphinscheduler/exec/process/5/flink-file-wordcount-1.0-SNAPSHOT.jar successfully
2025-11-07 11:10:41.879 INFO  - Download resources successfully: 
ResourceContext(resourceItemMap={/tmp/dolphinscheduler/default/resources/flink-file-wordcount-1.0-SNAPSHOT.jar=ResourceContext.ResourceItem(resourceAbsolutePathInStorage=/tmp/dolphinscheduler/default/resources/flink-file-wordcount-1.0-SNAPSHOT.jar, resourceAbsolutePathInLocal=/tmp/dolphinscheduler/exec/process/5/flink-file-wordcount-1.0-SNAPSHOT.jar)})
2025-11-07 11:10:41.884 INFO  - 🐬 Load Task Instance Plugin
2025-11-07 11:10:41.885 INFO  - Initialized physicalTask: FLINK successfully
2025-11-07 11:10:41.886 INFO  - Initialize flink task params {
  "localParams" : [ ],
  "varPool" : [ ],
  "mainJar" : {
    "id" : null,
    "resourceName" : "/tmp/dolphinscheduler/default/resources/flink-file-wordcount-1.0-SNAPSHOT.jar",
    "res" : null
  },
  "mainClass" : "org.example.HelloWorld",
  "deployMode" : "cluster",
  "mainArgs" : "--output /tmp/flink/output",
  "slot" : 1,
  "parallelism" : 1,
  "appName" : null,
  "taskManager" : 2,
  "jobManagerMemory" : "1G",
  "taskManagerMemory" : "2G",
  "resourceList" : [ ],
  "yarnQueue" : "",
  "others" : null,
  "flinkVersion" : ">=1.12",
  "programType" : "JAVA",
  "initScript" : "",
  "rawScript" : ""
}
2025-11-07 11:10:41.889 INFO  - Writing content: set execution.target=yarn-per-job;
set taskmanager.numberOfTaskSlots=1;
set jobmanager.memory.process.size=1G;
set taskmanager.memory.process.size=2G;
set parallelism.default=1;

2025-11-07 11:10:41.889 INFO  - To file: /tmp/dolphinscheduler/exec/process/5/5_init.sql
2025-11-07 11:10:41.890 INFO  - Set taskVarPool: null successfully
2025-11-07 11:10:41.891 INFO  - 🐬 Execute Task Instance
2025-11-07 11:10:41.893 INFO  - Final Script Content:
====================
#!/bin/bash
BASEDIR=$(cd `dirname $0`; pwd)
cd $BASEDIR
export JAVA_HOME=/usr/local/openjdk-8
export FLINK_HOME=/usr/local/flink
export DOLPHINSCHEDULER_HOME=/opt/dolphinscheduler
export PATH=$JAVA_HOME/bin:$FLINK_HOME/bin:$DOLPHINSCHEDULER_HOME/bin:$PATH
${FLINK_HOME}/bin/flink run -t yarn-per-job -ys 1 -yjm 1G -ytm 2G -p 1 -sae -c org.example.HelloWorld /tmp/dolphinscheduler/exec/process/5/flink-file-wordcount-1.0-SNAPSHOT.jar --output /tmp/flink/output
====================
2025-11-07 11:10:41.895 INFO  - Executing shell command : sudo -u cpy -i /tmp/dolphinscheduler/exec/process/5/5.sh
2025-11-07 11:10:41.901 INFO  - process start, process id is: 1473
2025-11-07 11:10:43.903 INFO  -  -> 
	2025-11-07 11:10:43,706 main ERROR FileManager (/usr/local/flink/log/flink-cpy-client-dolphinscheduler.log) java.io.FileNotFoundException: /usr/local/flink/log/flink-cpy-client-dolphinscheduler.log (Read-only file system) java.io.FileNotFoundException: /usr/local/flink/log/flink-cpy-client-dolphinscheduler.log (Read-only file system)
		at java.io.FileOutputStream.open0(Native Method)
		at java.io.FileOutputStream.open(FileOutputStream.java:270)
		at java.io.FileOutputStream.<init>(FileOutputStream.java:213)
		at org.apache.logging.log4j.core.appender.FileManager$FileManagerFactory.createManager(FileManager.java:438)
		at org.apache.logging.log4j.core.appender.FileManager$FileManagerFactory.createManager(FileManager.java:422)
		at org.apache.logging.log4j.core.appender.AbstractManager.getManager(AbstractManager.java:114)
		at org.apache.logging.log4j.core.appender.OutputStreamManager.getManager(OutputStreamManager.java:100)
		at org.apache.logging.log4j.core.appender.FileManager.getFileManager(FileManager.java:182)
		at org.apache.logging.log4j.core.appender.FileAppender$Builder.build(FileAppender.java:96)
		at org.apache.logging.log4j.core.appender.FileAppender$Builder.build(FileAppender.java:52)
		at org.apache.logging.log4j.core.config.plugins.util.PluginBuilder.build(PluginBuilder.java:122)
		at org.apache.logging.log4j.core.config.AbstractConfiguration.createPluginObject(AbstractConfiguration.java:1120)
		at org.apache.logging.log4j.core.config.AbstractConfiguration.createConfiguration(AbstractConfiguration.java:1045)
		at org.apache.logging.log4j.core.config.AbstractConfiguration.createConfiguration(AbstractConfiguration.java:1037)
		at org.apache.logging.log4j.core.config.AbstractConfiguration.doConfigure(AbstractConfiguration.java:651)
		at org.apache.logging.log4j.core.config.AbstractConfiguration.initialize(AbstractConfiguration.java:247)
		at org.apache.logging.log4j.core.config.AbstractConfiguration.start(AbstractConfiguration.java:293)
		at org.apache.logging.log4j.core.LoggerContext.setConfiguration(LoggerContext.java:626)
		at org.apache.logging.log4j.core.LoggerContext.reconfigure(LoggerContext.java:699)
		at org.apache.logging.log4j.core.LoggerContext.reconfigure(LoggerContext.java:716)
		at org.apache.logging.log4j.core.LoggerContext.start(LoggerContext.java:270)
		at org.apache.logging.log4j.core.impl.Log4jContextFactory.getContext(Log4jContextFactory.java:155)
		at org.apache.logging.log4j.core.impl.Log4jContextFactory.getContext(Log4jContextFactory.java:47)
		at org.apache.logging.log4j.LogManager.getContext(LogManager.java:196)
		at org.apache.logging.log4j.spi.AbstractLoggerAdapter.getContext(AbstractLoggerAdapter.java:137)
		at org.apache.logging.slf4j.Log4jLoggerFactory.getContext(Log4jLoggerFactory.java:55)
		at org.apache.logging.log4j.spi.AbstractLoggerAdapter.getLogger(AbstractLoggerAdapter.java:47)
		at org.apache.logging.slf4j.Log4jLoggerFactory.getLogger(Log4jLoggerFactory.java:33)
		at org.slf4j.LoggerFactory.getLogger(LoggerFactory.java:363)
		at org.slf4j.LoggerFactory.getLogger(LoggerFactory.java:388)
		at org.apache.flink.client.cli.CliFrontend.<clinit>(CliFrontend.java:93)
	
	2025-11-07 11:10:43,729 main ERROR Could not create plugin of type class org.apache.logging.log4j.core.appender.FileAppender for element FILE: java.lang.IllegalStateException: ManagerFactory [org.apache.logging.log4j.core.appender.FileManager$FileManagerFactory@8e0379d] unable to create manager for [/usr/local/flink/log/flink-cpy-client-dolphinscheduler.log] with data [org.apache.logging.log4j.core.appender.FileManager$FactoryData@341b80b2] java.lang.IllegalStateException: ManagerFactory [org.apache.logging.log4j.core.appender.FileManager$FileManagerFactory@8e0379d] unable to create manager for [/usr/local/flink/log/flink-cpy-client-dolphinscheduler.log] with data [org.apache.logging.log4j.core.appender.FileManager$FactoryData@341b80b2]
		at org.apache.logging.log4j.core.appender.AbstractManager.getManager(AbstractManager.java:116)
		at org.apache.logging.log4j.core.appender.OutputStreamManager.getManager(OutputStreamManager.java:100)
		at org.apache.logging.log4j.core.appender.FileManager.getFileManager(FileManager.java:182)
		at org.apache.logging.log4j.core.appender.FileAppender$Builder.build(FileAppender.java:96)
		at org.apache.logging.log4j.core.appender.FileAppender$Builder.build(FileAppender.java:52)
		at org.apache.logging.log4j.core.config.plugins.util.PluginBuilder.build(PluginBuilder.java:122)
		at org.apache.logging.log4j.core.config.AbstractConfiguration.createPluginObject(AbstractConfiguration.java:1120)
		at org.apache.logging.log4j.core.config.AbstractConfiguration.createConfiguration(AbstractConfiguration.java:1045)
		at org.apache.logging.log4j.core.config.AbstractConfiguration.createConfiguration(AbstractConfiguration.java:1037)
		at org.apache.logging.log4j.core.config.AbstractConfiguration.doConfigure(AbstractConfiguration.java:651)
		at org.apache.logging.log4j.core.config.AbstractConfiguration.initialize(AbstractConfiguration.java:247)
		at org.apache.logging.log4j.core.config.AbstractConfiguration.start(AbstractConfiguration.java:293)
		at org.apache.logging.log4j.core.LoggerContext.setConfiguration(LoggerContext.java:626)
		at org.apache.logging.log4j.core.LoggerContext.reconfigure(LoggerContext.java:699)
		at org.apache.logging.log4j.core.LoggerContext.reconfigure(LoggerContext.java:716)
		at org.apache.logging.log4j.core.LoggerContext.start(LoggerContext.java:270)
		at org.apache.logging.log4j.core.impl.Log4jContextFactory.getContext(Log4jContextFactory.java:155)
		at org.apache.logging.log4j.core.impl.Log4jContextFactory.getContext(Log4jContextFactory.java:47)
		at org.apache.logging.log4j.LogManager.getContext(LogManager.java:196)
		at org.apache.logging.log4j.spi.AbstractLoggerAdapter.getContext(AbstractLoggerAdapter.java:137)
		at org.apache.logging.slf4j.Log4jLoggerFactory.getContext(Log4jLoggerFactory.java:55)
		at org.apache.logging.log4j.spi.AbstractLoggerAdapter.getLogger(AbstractLoggerAdapter.java:47)
		at org.apache.logging.slf4j.Log4jLoggerFactory.getLogger(Log4jLoggerFactory.java:33)
		at org.slf4j.LoggerFactory.getLogger(LoggerFactory.java:363)
		at org.slf4j.LoggerFactory.getLogger(LoggerFactory.java:388)
		at org.apache.flink.client.cli.CliFrontend.<clinit>(CliFrontend.java:93)
	
	2025-11-07 11:10:43,733 main ERROR Unable to invoke factory method in class org.apache.logging.log4j.core.appender.FileAppender for element FILE: java.lang.IllegalStateException: No factory method found for class org.apache.logging.log4j.core.appender.FileAppender java.lang.IllegalStateException: No factory method found for class org.apache.logging.log4j.core.appender.FileAppender
		at org.apache.logging.log4j.core.config.plugins.util.PluginBuilder.findFactoryMethod(PluginBuilder.java:236)
		at org.apache.logging.log4j.core.config.plugins.util.PluginBuilder.build(PluginBuilder.java:134)
		at org.apache.logging.log4j.core.config.AbstractConfiguration.createPluginObject(AbstractConfiguration.java:1120)
		at org.apache.logging.log4j.core.config.AbstractConfiguration.createConfiguration(AbstractConfiguration.java:1045)
		at org.apache.logging.log4j.core.config.AbstractConfiguration.createConfiguration(AbstractConfiguration.java:1037)
		at org.apache.logging.log4j.core.config.AbstractConfiguration.doConfigure(AbstractConfiguration.java:651)
		at org.apache.logging.log4j.core.config.AbstractConfiguration.initialize(AbstractConfiguration.java:247)
		at org.apache.logging.log4j.core.config.AbstractConfiguration.start(AbstractConfiguration.java:293)
		at org.apache.logging.log4j.core.LoggerContext.setConfiguration(LoggerContext.java:626)
		at org.apache.logging.log4j.core.LoggerContext.reconfigure(LoggerContext.java:699)
		at org.apache.logging.log4j.core.LoggerContext.reconfigure(LoggerContext.java:716)
		at org.apache.logging.log4j.core.LoggerContext.start(LoggerContext.java:270)
		at org.apache.logging.log4j.core.impl.Log4jContextFactory.getContext(Log4jContextFactory.java:155)
		at org.apache.logging.log4j.core.impl.Log4jContextFactory.getContext(Log4jContextFactory.java:47)
		at org.apache.logging.log4j.LogManager.getContext(LogManager.java:196)
		at org.apache.logging.log4j.spi.AbstractLoggerAdapter.getContext(AbstractLoggerAdapter.java:137)
		at org.apache.logging.slf4j.Log4jLoggerFactory.getContext(Log4jLoggerFactory.java:55)
		at org.apache.logging.log4j.spi.AbstractLoggerAdapter.getLogger(AbstractLoggerAdapter.java:47)
		at org.apache.logging.slf4j.Log4jLoggerFactory.getLogger(Log4jLoggerFactory.java:33)
		at org.slf4j.LoggerFactory.getLogger(LoggerFactory.java:363)
		at org.slf4j.LoggerFactory.getLogger(LoggerFactory.java:388)
		at org.apache.flink.client.cli.CliFrontend.<clinit>(CliFrontend.java:93)
	
	2025-11-07 11:10:43,737 main ERROR Null object returned for FILE in Appenders.
	2025-11-07 11:10:43,737 main ERROR Unable to locate appender "FileAppender" for logger config "root"
	2025-11-07 11:10:43,738 main ERROR Unable to locate appender "FileAppender" for logger config "org.apache.hadoop.hive"
2025-11-07 11:10:44.914 INFO  -  -> 
	Could not get job jar and dependencies from JAR file: JAR file does not exist: -ys
	
	Use the help option (-h or --help) to get help on the command.
2025-11-07 11:10:44.917 INFO  - process has exited. execute path:/tmp/dolphinscheduler/exec/process/5, processId:1473 ,exitStatusCode:1 ,processWaitForStatus:true ,processExitValue:1
2025-11-07 11:10:44.919 INFO  - Start finding appId in /opt/dolphinscheduler/worker-server/logs/20251107/156727085175776/3/4/5.log, fetch way: log 
2025-11-07 11:10:45.053 INFO  - 🐬 Finalize Task Instance
2025-11-07 11:10:45.055 INFO  - FINALIZE_SESSION
2025-11-07 11:10:45.059 INFO  - Deleted task exec directory: /tmp/dolphinscheduler/exec/process/5
